[0.745s] DEBUG:colcon:Command line arguments: ['/usr/bin/colcon', 'build', '--symlink-install']
[0.745s] DEBUG:colcon:Parsed command line arguments: Namespace(allow_overriding=[], ament_cmake_args=None, base_paths=['.'], build_base='build', catkin_cmake_args=None, catkin_skip_building_tests=False, cmake_args=None, cmake_clean_cache=False, cmake_clean_first=False, cmake_force_configure=False, cmake_target=None, cmake_target_skip_unavailable=False, continue_on_error=False, event_handlers=None, executor='parallel', ignore_user_meta=False, install_base='install', log_base=None, log_level=None, main=<bound method BuildVerb.main of <colcon_core.verb.build.BuildVerb object at 0xffffb2744910>>, merge_install=False, metas=['./colcon.meta'], packages_above=None, packages_above_and_dependencies=None, packages_above_depth=None, packages_end=None, packages_ignore=None, packages_ignore_regex=None, packages_select=None, packages_select_build_failed=False, packages_select_by_dep=None, packages_select_regex=None, packages_select_test_failures=False, packages_skip=None, packages_skip_build_finished=False, packages_skip_by_dep=None, packages_skip_regex=None, packages_skip_test_passed=False, packages_skip_up_to=None, packages_start=None, packages_up_to=None, packages_up_to_regex=None, parallel_workers=6, paths=None, symlink_install=True, test_result_base=None, verb_extension=<colcon_core.verb.build.BuildVerb object at 0xffffb2744910>, verb_name='build', verb_parser=<colcon_defaults.argument_parser.defaults.DefaultArgumentsDecorator object at 0xffffb279a430>)
[0.792s] Level 1:colcon.colcon_core.package_discovery:discover_packages(colcon_meta) check parameters
[0.792s] Level 1:colcon.colcon_core.package_discovery:discover_packages(recursive) check parameters
[0.792s] Level 1:colcon.colcon_core.package_discovery:discover_packages(ignore) check parameters
[0.792s] Level 1:colcon.colcon_core.package_discovery:discover_packages(path) check parameters
[0.792s] Level 1:colcon.colcon_core.package_discovery:discover_packages(colcon_meta) discover
[0.792s] Level 1:colcon.colcon_core.package_discovery:discover_packages(recursive) discover
[0.792s] INFO:colcon.colcon_core.package_discovery:Crawling recursively for packages in '/home/hyperlabs/Desktop/imprimis/imprimis_ws'
[0.792s] Level 1:colcon.colcon_core.package_identification:_identify(.) by extensions ['ignore', 'ignore_ament_install']
[0.792s] Level 1:colcon.colcon_core.package_identification:_identify(.) by extension 'ignore'
[0.792s] Level 1:colcon.colcon_core.package_identification:_identify(.) by extension 'ignore_ament_install'
[0.792s] Level 1:colcon.colcon_core.package_identification:_identify(.) by extensions ['colcon_pkg']
[0.792s] Level 1:colcon.colcon_core.package_identification:_identify(.) by extension 'colcon_pkg'
[0.792s] Level 1:colcon.colcon_core.package_identification:_identify(.) by extensions ['colcon_meta']
[0.792s] Level 1:colcon.colcon_core.package_identification:_identify(.) by extension 'colcon_meta'
[0.792s] Level 1:colcon.colcon_core.package_identification:_identify(.) by extensions ['ros']
[0.792s] Level 1:colcon.colcon_core.package_identification:_identify(.) by extension 'ros'
[0.796s] Level 1:colcon.colcon_core.package_identification:_identify(.) by extensions ['cmake', 'python']
[0.796s] Level 1:colcon.colcon_core.package_identification:_identify(.) by extension 'cmake'
[0.796s] Level 1:colcon.colcon_core.package_identification:_identify(.) by extension 'python'
[0.796s] Level 1:colcon.colcon_core.package_identification:_identify(.) by extensions ['python_setup_py']
[0.796s] Level 1:colcon.colcon_core.package_identification:_identify(.) by extension 'python_setup_py'
[0.797s] Level 1:colcon.colcon_core.package_identification:_identify(build) by extensions ['ignore', 'ignore_ament_install']
[0.797s] Level 1:colcon.colcon_core.package_identification:_identify(build) by extension 'ignore'
[0.797s] Level 1:colcon.colcon_core.package_identification:_identify(build) ignored
[0.797s] Level 1:colcon.colcon_core.package_identification:_identify(install) by extensions ['ignore', 'ignore_ament_install']
[0.797s] Level 1:colcon.colcon_core.package_identification:_identify(install) by extension 'ignore'
[0.797s] Level 1:colcon.colcon_core.package_identification:_identify(install) ignored
[0.797s] Level 1:colcon.colcon_core.package_identification:_identify(log) by extensions ['ignore', 'ignore_ament_install']
[0.797s] Level 1:colcon.colcon_core.package_identification:_identify(log) by extension 'ignore'
[0.797s] Level 1:colcon.colcon_core.package_identification:_identify(log) ignored
[0.797s] Level 1:colcon.colcon_core.package_identification:_identify(src) by extensions ['ignore', 'ignore_ament_install']
[0.797s] Level 1:colcon.colcon_core.package_identification:_identify(src) by extension 'ignore'
[0.797s] Level 1:colcon.colcon_core.package_identification:_identify(src) by extension 'ignore_ament_install'
[0.797s] Level 1:colcon.colcon_core.package_identification:_identify(src) by extensions ['colcon_pkg']
[0.797s] Level 1:colcon.colcon_core.package_identification:_identify(src) by extension 'colcon_pkg'
[0.797s] Level 1:colcon.colcon_core.package_identification:_identify(src) by extensions ['colcon_meta']
[0.797s] Level 1:colcon.colcon_core.package_identification:_identify(src) by extension 'colcon_meta'
[0.797s] Level 1:colcon.colcon_core.package_identification:_identify(src) by extensions ['ros']
[0.797s] Level 1:colcon.colcon_core.package_identification:_identify(src) by extension 'ros'
[0.797s] Level 1:colcon.colcon_core.package_identification:_identify(src) by extensions ['cmake', 'python']
[0.797s] Level 1:colcon.colcon_core.package_identification:_identify(src) by extension 'cmake'
[0.797s] Level 1:colcon.colcon_core.package_identification:_identify(src) by extension 'python'
[0.797s] Level 1:colcon.colcon_core.package_identification:_identify(src) by extensions ['python_setup_py']
[0.797s] Level 1:colcon.colcon_core.package_identification:_identify(src) by extension 'python_setup_py'
[0.797s] Level 1:colcon.colcon_core.package_identification:_identify(src/timmy_bot) by extensions ['ignore', 'ignore_ament_install']
[0.797s] Level 1:colcon.colcon_core.package_identification:_identify(src/timmy_bot) by extension 'ignore'
[0.797s] Level 1:colcon.colcon_core.package_identification:_identify(src/timmy_bot) by extension 'ignore_ament_install'
[0.797s] Level 1:colcon.colcon_core.package_identification:_identify(src/timmy_bot) by extensions ['colcon_pkg']
[0.797s] Level 1:colcon.colcon_core.package_identification:_identify(src/timmy_bot) by extension 'colcon_pkg'
[0.797s] Level 1:colcon.colcon_core.package_identification:_identify(src/timmy_bot) by extensions ['colcon_meta']
[0.797s] Level 1:colcon.colcon_core.package_identification:_identify(src/timmy_bot) by extension 'colcon_meta'
[0.797s] Level 1:colcon.colcon_core.package_identification:_identify(src/timmy_bot) by extensions ['ros']
[0.797s] Level 1:colcon.colcon_core.package_identification:_identify(src/timmy_bot) by extension 'ros'
[0.798s] DEBUG:colcon.colcon_core.package_identification:Package 'src/timmy_bot' with type 'ros.ament_cmake' and name 'timmy_bot'
[0.798s] Level 1:colcon.colcon_core.package_discovery:discover_packages(recursive) using defaults
[0.798s] Level 1:colcon.colcon_core.package_discovery:discover_packages(ignore) discover
[0.798s] Level 1:colcon.colcon_core.package_discovery:discover_packages(ignore) using defaults
[0.798s] Level 1:colcon.colcon_core.package_discovery:discover_packages(path) discover
[0.798s] Level 1:colcon.colcon_core.package_discovery:discover_packages(path) using defaults
[0.865s] Level 1:colcon.colcon_core.package_discovery:discover_packages(prefix_path) check parameters
[0.865s] Level 1:colcon.colcon_core.package_discovery:discover_packages(prefix_path) discover
[0.889s] DEBUG:colcon.colcon_installed_package_information.package_discovery:Found 1 installed packages in /home/hyperlabs/Desktop/imprimis/imprimis_ws/install
[0.902s] DEBUG:colcon.colcon_installed_package_information.package_discovery:Found 313 installed packages in /opt/ros/foxy
[0.903s] Level 1:colcon.colcon_core.package_discovery:discover_packages(prefix_path) using defaults
[0.958s] Level 5:colcon.colcon_core.verb:set package 'timmy_bot' build argument 'cmake_args' from command line to 'None'
[0.958s] Level 5:colcon.colcon_core.verb:set package 'timmy_bot' build argument 'cmake_target' from command line to 'None'
[0.958s] Level 5:colcon.colcon_core.verb:set package 'timmy_bot' build argument 'cmake_target_skip_unavailable' from command line to 'False'
[0.958s] Level 5:colcon.colcon_core.verb:set package 'timmy_bot' build argument 'cmake_clean_cache' from command line to 'False'
[0.958s] Level 5:colcon.colcon_core.verb:set package 'timmy_bot' build argument 'cmake_clean_first' from command line to 'False'
[0.958s] Level 5:colcon.colcon_core.verb:set package 'timmy_bot' build argument 'cmake_force_configure' from command line to 'False'
[0.958s] Level 5:colcon.colcon_core.verb:set package 'timmy_bot' build argument 'ament_cmake_args' from command line to 'None'
[0.958s] Level 5:colcon.colcon_core.verb:set package 'timmy_bot' build argument 'catkin_cmake_args' from command line to 'None'
[0.958s] Level 5:colcon.colcon_core.verb:set package 'timmy_bot' build argument 'catkin_skip_building_tests' from command line to 'False'
[0.958s] DEBUG:colcon.colcon_core.verb:Building package 'timmy_bot' with the following arguments: {'ament_cmake_args': None, 'build_base': '/home/hyperlabs/Desktop/imprimis/imprimis_ws/build/timmy_bot', 'catkin_cmake_args': None, 'catkin_skip_building_tests': False, 'cmake_args': None, 'cmake_clean_cache': False, 'cmake_clean_first': False, 'cmake_force_configure': False, 'cmake_target': None, 'cmake_target_skip_unavailable': False, 'install_base': '/home/hyperlabs/Desktop/imprimis/imprimis_ws/install/timmy_bot', 'merge_install': False, 'path': '/home/hyperlabs/Desktop/imprimis/imprimis_ws/src/timmy_bot', 'symlink_install': True, 'test_result_base': None}
[0.970s] INFO:colcon.colcon_core.executor:Executing jobs using 'parallel' executor
[0.982s] DEBUG:colcon.colcon_parallel_executor.executor.parallel:run_until_complete
[0.982s] INFO:colcon.colcon_ros.task.ament_cmake.build:Building ROS package in '/home/hyperlabs/Desktop/imprimis/imprimis_ws/src/timmy_bot' with build type 'ament_cmake'
[0.982s] INFO:colcon.colcon_cmake.task.cmake.build:Building CMake package in '/home/hyperlabs/Desktop/imprimis/imprimis_ws/src/timmy_bot'
[0.995s] INFO:colcon.colcon_core.plugin_system:Skipping extension 'colcon_core.shell.bat': Not used on non-Windows systems
[0.995s] INFO:colcon.colcon_core.shell:Skip shell extension 'powershell' for command environment: Not usable outside of PowerShell
[0.995s] DEBUG:colcon.colcon_core.shell:Skip shell extension 'dsv' for command environment
[1.036s] DEBUG:colcon.colcon_core.event_handler.log_command:Invoking command in '/home/hyperlabs/Desktop/imprimis/imprimis_ws/build/timmy_bot': CMAKE_PREFIX_PATH=${CMAKE_PREFIX_PATH}:/opt/ros/foxy /usr/bin/cmake /home/hyperlabs/Desktop/imprimis/imprimis_ws/src/timmy_bot -DAMENT_CMAKE_SYMLINK_INSTALL=1 -DCMAKE_INSTALL_PREFIX=/home/hyperlabs/Desktop/imprimis/imprimis_ws/install/timmy_bot
[1.388s] DEBUG:colcon.colcon_core.event_handler.log_command:Invoked command in '/home/hyperlabs/Desktop/imprimis/imprimis_ws/build/timmy_bot' returned '0': CMAKE_PREFIX_PATH=${CMAKE_PREFIX_PATH}:/opt/ros/foxy /usr/bin/cmake /home/hyperlabs/Desktop/imprimis/imprimis_ws/src/timmy_bot -DAMENT_CMAKE_SYMLINK_INSTALL=1 -DCMAKE_INSTALL_PREFIX=/home/hyperlabs/Desktop/imprimis/imprimis_ws/install/timmy_bot
[1.388s] DEBUG:colcon.colcon_core.event_handler.log_command:Invoking command in '/home/hyperlabs/Desktop/imprimis/imprimis_ws/build/timmy_bot': CMAKE_PREFIX_PATH=${CMAKE_PREFIX_PATH}:/opt/ros/foxy /usr/bin/cmake --build /home/hyperlabs/Desktop/imprimis/imprimis_ws/build/timmy_bot -- -j6 -l6
[1.405s] DEBUG:colcon.colcon_core.event_handler.log_command:Invoked command in '/home/hyperlabs/Desktop/imprimis/imprimis_ws/build/timmy_bot' returned '0': CMAKE_PREFIX_PATH=${CMAKE_PREFIX_PATH}:/opt/ros/foxy /usr/bin/cmake --build /home/hyperlabs/Desktop/imprimis/imprimis_ws/build/timmy_bot -- -j6 -l6
[1.420s] DEBUG:colcon.colcon_core.event_handler.log_command:Invoking command in '/home/hyperlabs/Desktop/imprimis/imprimis_ws/build/timmy_bot': CMAKE_PREFIX_PATH=${CMAKE_PREFIX_PATH}:/opt/ros/foxy /usr/bin/cmake --install /home/hyperlabs/Desktop/imprimis/imprimis_ws/build/timmy_bot
[1.521s] Level 1:colcon.colcon_core.environment:create_environment_scripts_only(timmy_bot)
[1.522s] DEBUG:colcon.colcon_core.event_handler.log_command:Invoked command in '/home/hyperlabs/Desktop/imprimis/imprimis_ws/build/timmy_bot' returned '0': CMAKE_PREFIX_PATH=${CMAKE_PREFIX_PATH}:/opt/ros/foxy /usr/bin/cmake --install /home/hyperlabs/Desktop/imprimis/imprimis_ws/build/timmy_bot
[1.537s] Level 1:colcon.colcon_core.environment:checking '/home/hyperlabs/Desktop/imprimis/imprimis_ws/install/timmy_bot' for CMake module files
[1.537s] Level 1:colcon.colcon_core.environment:checking '/home/hyperlabs/Desktop/imprimis/imprimis_ws/install/timmy_bot' for CMake config files
[1.537s] Level 1:colcon.colcon_core.shell:create_environment_hook('timmy_bot', 'cmake_prefix_path')
[1.550s] INFO:colcon.colcon_core.shell:Creating environment hook '/home/hyperlabs/Desktop/imprimis/imprimis_ws/install/timmy_bot/share/timmy_bot/hook/cmake_prefix_path.ps1'
[1.551s] INFO:colcon.colcon_core.shell:Creating environment descriptor '/home/hyperlabs/Desktop/imprimis/imprimis_ws/install/timmy_bot/share/timmy_bot/hook/cmake_prefix_path.dsv'
[1.551s] INFO:colcon.colcon_core.shell:Creating environment hook '/home/hyperlabs/Desktop/imprimis/imprimis_ws/install/timmy_bot/share/timmy_bot/hook/cmake_prefix_path.sh'
[1.551s] Level 1:colcon.colcon_core.environment:checking '/home/hyperlabs/Desktop/imprimis/imprimis_ws/install/timmy_bot/bin'
[1.551s] Level 1:colcon.colcon_core.environment:checking '/home/hyperlabs/Desktop/imprimis/imprimis_ws/install/timmy_bot/lib/pkgconfig/timmy_bot.pc'
[1.551s] Level 1:colcon.colcon_core.environment:checking '/home/hyperlabs/Desktop/imprimis/imprimis_ws/install/timmy_bot/lib/python3.8/site-packages'
[1.551s] Level 1:colcon.colcon_core.environment:checking '/home/hyperlabs/Desktop/imprimis/imprimis_ws/install/timmy_bot/bin'
[1.570s] INFO:colcon.colcon_core.shell:Creating package script '/home/hyperlabs/Desktop/imprimis/imprimis_ws/install/timmy_bot/share/timmy_bot/package.ps1'
[1.570s] INFO:colcon.colcon_core.shell:Creating package descriptor '/home/hyperlabs/Desktop/imprimis/imprimis_ws/install/timmy_bot/share/timmy_bot/package.dsv'
[1.571s] INFO:colcon.colcon_core.shell:Creating package script '/home/hyperlabs/Desktop/imprimis/imprimis_ws/install/timmy_bot/share/timmy_bot/package.sh'
[1.571s] INFO:colcon.colcon_core.shell:Creating package script '/home/hyperlabs/Desktop/imprimis/imprimis_ws/install/timmy_bot/share/timmy_bot/package.bash'
[1.571s] INFO:colcon.colcon_core.shell:Creating package script '/home/hyperlabs/Desktop/imprimis/imprimis_ws/install/timmy_bot/share/timmy_bot/package.zsh'
[1.571s] Level 1:colcon.colcon_core.environment:create_file_with_runtime_dependencies(/home/hyperlabs/Desktop/imprimis/imprimis_ws/install/timmy_bot/share/colcon-core/packages/timmy_bot)
[1.595s] Level 1:colcon.colcon_core.environment:create_environment_scripts_only(timmy_bot)
[1.608s] Level 1:colcon.colcon_core.environment:checking '/home/hyperlabs/Desktop/imprimis/imprimis_ws/install/timmy_bot' for CMake module files
[1.608s] Level 1:colcon.colcon_core.environment:checking '/home/hyperlabs/Desktop/imprimis/imprimis_ws/install/timmy_bot' for CMake config files
[1.608s] Level 1:colcon.colcon_core.shell:create_environment_hook('timmy_bot', 'cmake_prefix_path')
[1.621s] INFO:colcon.colcon_core.shell:Creating environment hook '/home/hyperlabs/Desktop/imprimis/imprimis_ws/install/timmy_bot/share/timmy_bot/hook/cmake_prefix_path.ps1'
[1.621s] INFO:colcon.colcon_core.shell:Creating environment descriptor '/home/hyperlabs/Desktop/imprimis/imprimis_ws/install/timmy_bot/share/timmy_bot/hook/cmake_prefix_path.dsv'
[1.621s] INFO:colcon.colcon_core.shell:Creating environment hook '/home/hyperlabs/Desktop/imprimis/imprimis_ws/install/timmy_bot/share/timmy_bot/hook/cmake_prefix_path.sh'
[1.622s] Level 1:colcon.colcon_core.environment:checking '/home/hyperlabs/Desktop/imprimis/imprimis_ws/install/timmy_bot/bin'
[1.622s] Level 1:colcon.colcon_core.environment:checking '/home/hyperlabs/Desktop/imprimis/imprimis_ws/install/timmy_bot/lib/pkgconfig/timmy_bot.pc'
[1.622s] Level 1:colcon.colcon_core.environment:checking '/home/hyperlabs/Desktop/imprimis/imprimis_ws/install/timmy_bot/lib/python3.8/site-packages'
[1.622s] Level 1:colcon.colcon_core.environment:checking '/home/hyperlabs/Desktop/imprimis/imprimis_ws/install/timmy_bot/bin'
[1.634s] INFO:colcon.colcon_core.shell:Creating package script '/home/hyperlabs/Desktop/imprimis/imprimis_ws/install/timmy_bot/share/timmy_bot/package.ps1'
[1.634s] INFO:colcon.colcon_core.shell:Creating package descriptor '/home/hyperlabs/Desktop/imprimis/imprimis_ws/install/timmy_bot/share/timmy_bot/package.dsv'
[1.634s] INFO:colcon.colcon_core.shell:Creating package script '/home/hyperlabs/Desktop/imprimis/imprimis_ws/install/timmy_bot/share/timmy_bot/package.sh'
[1.635s] INFO:colcon.colcon_core.shell:Creating package script '/home/hyperlabs/Desktop/imprimis/imprimis_ws/install/timmy_bot/share/timmy_bot/package.bash'
[1.635s] INFO:colcon.colcon_core.shell:Creating package script '/home/hyperlabs/Desktop/imprimis/imprimis_ws/install/timmy_bot/share/timmy_bot/package.zsh'
[1.635s] Level 1:colcon.colcon_core.environment:create_file_with_runtime_dependencies(/home/hyperlabs/Desktop/imprimis/imprimis_ws/install/timmy_bot/share/colcon-core/packages/timmy_bot)
[1.635s] DEBUG:colcon.colcon_parallel_executor.executor.parallel:closing loop
[1.635s] DEBUG:colcon.colcon_parallel_executor.executor.parallel:loop closed
[1.635s] DEBUG:colcon.colcon_parallel_executor.executor.parallel:run_until_complete finished with '0'
[1.635s] DEBUG:colcon.colcon_core.event_reactor:joining thread
[1.651s] INFO:colcon.colcon_core.plugin_system:Skipping extension 'colcon_notification.desktop_notification.terminal_notifier': Not used on non-Darwin systems
[1.651s] INFO:colcon.colcon_core.plugin_system:Skipping extension 'colcon_notification.desktop_notification.win32': Not used on non-Windows systems
[1.651s] INFO:colcon.colcon_notification.desktop_notification:Sending desktop notification using 'notify2'
[1.658s] DEBUG:colcon.colcon_core.event_reactor:joined thread
[1.673s] INFO:colcon.colcon_core.shell:Creating prefix script '/home/hyperlabs/Desktop/imprimis/imprimis_ws/install/local_setup.ps1'
[1.673s] INFO:colcon.colcon_core.shell:Creating prefix util module '/home/hyperlabs/Desktop/imprimis/imprimis_ws/install/_local_setup_util_ps1.py'
[1.674s] INFO:colcon.colcon_core.shell:Creating prefix chain script '/home/hyperlabs/Desktop/imprimis/imprimis_ws/install/setup.ps1'
[1.689s] INFO:colcon.colcon_core.shell:Creating prefix script '/home/hyperlabs/Desktop/imprimis/imprimis_ws/install/local_setup.sh'
[1.689s] INFO:colcon.colcon_core.shell:Creating prefix util module '/home/hyperlabs/Desktop/imprimis/imprimis_ws/install/_local_setup_util_sh.py'
[1.689s] INFO:colcon.colcon_core.shell:Creating prefix chain script '/home/hyperlabs/Desktop/imprimis/imprimis_ws/install/setup.sh'
[1.703s] INFO:colcon.colcon_core.shell:Creating prefix script '/home/hyperlabs/Desktop/imprimis/imprimis_ws/install/local_setup.bash'
[1.703s] INFO:colcon.colcon_core.shell:Creating prefix chain script '/home/hyperlabs/Desktop/imprimis/imprimis_ws/install/setup.bash'
[1.717s] INFO:colcon.colcon_core.shell:Creating prefix script '/home/hyperlabs/Desktop/imprimis/imprimis_ws/install/local_setup.zsh'
[1.717s] INFO:colcon.colcon_core.shell:Creating prefix chain script '/home/hyperlabs/Desktop/imprimis/imprimis_ws/install/setup.zsh'
