[0.043s] Invoking command in '/home/hyperlabs/Desktop/imprimis/imprimis_ws/build/articubot_one': CMAKE_PREFIX_PATH=/opt/ros/foxy /usr/bin/cmake /home/hyperlabs/Desktop/imprimis/imprimis_ws/src -DAMENT_CMAKE_SYMLINK_INSTALL=1 -DCMAKE_INSTALL_PREFIX=/home/hyperlabs/Desktop/imprimis/imprimis_ws/install/articubot_one
[0.151s] -- The C compiler identification is GNU 9.4.0
[0.230s] -- The CXX compiler identification is GNU 9.4.0
[0.236s] -- Check for working C compiler: /usr/bin/cc
[0.271s] -- Check for working C compiler: /usr/bin/cc -- works
[0.271s] -- Detecting C compiler ABI info
[0.301s] -- Detecting C compiler ABI info - done
[0.307s] -- Detecting C compile features
[0.307s] -- Detecting C compile features - done
[0.309s] -- Check for working CXX compiler: /usr/bin/c++
[0.345s] -- Check for working CXX compiler: /usr/bin/c++ -- works
[0.346s] -- Detecting CXX compiler ABI info
[0.382s] -- Detecting CXX compiler ABI info - done
[0.388s] -- Detecting CXX compile features
[0.388s] -- Detecting CXX compile features - done
[0.393s] -- Found ament_cmake: 0.9.12 (/opt/ros/foxy/share/ament_cmake/cmake)
[0.408s] -- Found PythonInterp: /usr/bin/python3 (found suitable version "3.8.10", minimum required is "3") 
[0.408s] -- Using PYTHON_EXECUTABLE: /usr/bin/python3
[0.476s] -- Override CMake install command with custom implementation using symlinks instead of copying resources
[0.500s] -- Found ament_lint_auto: 0.9.8 (/opt/ros/foxy/share/ament_lint_auto/cmake)
[0.542s] -- Added test 'copyright' to check source files copyright and LICENSE
[0.543s] -- Added test 'flake8' to check Python code syntax and style conventions
[0.544s] -- Added test 'lint_cmake' to check CMake code style
[0.544s] -- Added test 'pep257' to check Python code against some of the style conventions in PEP 257
[0.545s] -- Added test 'xmllint' to check XML markup files
[0.546s] -- Configuring done
[0.547s] -- Generating done
[0.547s] -- Build files have been written to: /home/hyperlabs/Desktop/imprimis/imprimis_ws/build/articubot_one
[0.550s] Invoked command in '/home/hyperlabs/Desktop/imprimis/imprimis_ws/build/articubot_one' returned '0': CMAKE_PREFIX_PATH=/opt/ros/foxy /usr/bin/cmake /home/hyperlabs/Desktop/imprimis/imprimis_ws/src -DAMENT_CMAKE_SYMLINK_INSTALL=1 -DCMAKE_INSTALL_PREFIX=/home/hyperlabs/Desktop/imprimis/imprimis_ws/install/articubot_one
[0.551s] Invoking command in '/home/hyperlabs/Desktop/imprimis/imprimis_ws/build/articubot_one': CMAKE_PREFIX_PATH=/opt/ros/foxy /usr/bin/cmake --build /home/hyperlabs/Desktop/imprimis/imprimis_ws/build/articubot_one -- -j6 -l6
[0.569s] Invoked command in '/home/hyperlabs/Desktop/imprimis/imprimis_ws/build/articubot_one' returned '0': CMAKE_PREFIX_PATH=/opt/ros/foxy /usr/bin/cmake --build /home/hyperlabs/Desktop/imprimis/imprimis_ws/build/articubot_one -- -j6 -l6
[0.582s] Invoking command in '/home/hyperlabs/Desktop/imprimis/imprimis_ws/build/articubot_one': CMAKE_PREFIX_PATH=/opt/ros/foxy /usr/bin/cmake --install /home/hyperlabs/Desktop/imprimis/imprimis_ws/build/articubot_one
[0.585s] -- Install configuration: ""
[0.585s] -- Execute custom install script
[0.586s] -- Symlinking: /home/hyperlabs/Desktop/imprimis/imprimis_ws/install/articubot_one/share/articubot_one/config/empty.yaml
[0.589s] -- Symlinking: /home/hyperlabs/Desktop/imprimis/imprimis_ws/install/articubot_one/share/articubot_one/description/camera.xacro
[0.593s] -- Symlinking: /home/hyperlabs/Desktop/imprimis/imprimis_ws/install/articubot_one/share/articubot_one/description/gazebo_control.xacro
[0.596s] -- Symlinking: /home/hyperlabs/Desktop/imprimis/imprimis_ws/install/articubot_one/share/articubot_one/description/inertial_macros.xacro
[0.600s] -- Symlinking: /home/hyperlabs/Desktop/imprimis/imprimis_ws/install/articubot_one/share/articubot_one/description/lidar.xacro
[0.603s] -- Symlinking: /home/hyperlabs/Desktop/imprimis/imprimis_ws/install/articubot_one/share/articubot_one/description/robot.urdf.xacro
[0.607s] -- Symlinking: /home/hyperlabs/Desktop/imprimis/imprimis_ws/install/articubot_one/share/articubot_one/description/robot_core.xacro
[0.610s] -- Symlinking: /home/hyperlabs/Desktop/imprimis/imprimis_ws/install/articubot_one/share/articubot_one/launch/launch_sim.launch.py
[0.613s] -- Symlinking: /home/hyperlabs/Desktop/imprimis/imprimis_ws/install/articubot_one/share/articubot_one/launch/rsp.launch.py
[0.617s] -- Symlinking: /home/hyperlabs/Desktop/imprimis/imprimis_ws/install/articubot_one/share/articubot_one/worlds/empty.world
[0.620s] -- Symlinking: /home/hyperlabs/Desktop/imprimis/imprimis_ws/install/articubot_one/share/ament_index/resource_index/package_run_dependencies/articubot_one
[0.624s] -- Symlinking: /home/hyperlabs/Desktop/imprimis/imprimis_ws/install/articubot_one/share/ament_index/resource_index/parent_prefix_path/articubot_one
[0.628s] -- Symlinking: /home/hyperlabs/Desktop/imprimis/imprimis_ws/install/articubot_one/share/articubot_one/environment/ament_prefix_path.sh
[0.631s] -- Symlinking: /home/hyperlabs/Desktop/imprimis/imprimis_ws/install/articubot_one/share/articubot_one/environment/ament_prefix_path.dsv
[0.634s] -- Symlinking: /home/hyperlabs/Desktop/imprimis/imprimis_ws/install/articubot_one/share/articubot_one/environment/path.sh
[0.637s] -- Symlinking: /home/hyperlabs/Desktop/imprimis/imprimis_ws/install/articubot_one/share/articubot_one/environment/path.dsv
[0.641s] -- Symlinking: /home/hyperlabs/Desktop/imprimis/imprimis_ws/install/articubot_one/share/articubot_one/local_setup.bash
[0.645s] -- Symlinking: /home/hyperlabs/Desktop/imprimis/imprimis_ws/install/articubot_one/share/articubot_one/local_setup.sh
[0.648s] -- Symlinking: /home/hyperlabs/Desktop/imprimis/imprimis_ws/install/articubot_one/share/articubot_one/local_setup.zsh
[0.651s] -- Symlinking: /home/hyperlabs/Desktop/imprimis/imprimis_ws/install/articubot_one/share/articubot_one/local_setup.dsv
[0.655s] -- Symlinking: /home/hyperlabs/Desktop/imprimis/imprimis_ws/install/articubot_one/share/articubot_one/package.dsv
[0.658s] -- Symlinking: /home/hyperlabs/Desktop/imprimis/imprimis_ws/install/articubot_one/share/ament_index/resource_index/packages/articubot_one
[0.661s] -- Symlinking: /home/hyperlabs/Desktop/imprimis/imprimis_ws/install/articubot_one/share/articubot_one/cmake/articubot_oneConfig.cmake
[0.665s] -- Symlinking: /home/hyperlabs/Desktop/imprimis/imprimis_ws/install/articubot_one/share/articubot_one/cmake/articubot_oneConfig-version.cmake
[0.669s] -- Symlinking: /home/hyperlabs/Desktop/imprimis/imprimis_ws/install/articubot_one/share/articubot_one/package.xml
[0.673s] Invoked command in '/home/hyperlabs/Desktop/imprimis/imprimis_ws/build/articubot_one' returned '0': CMAKE_PREFIX_PATH=/opt/ros/foxy /usr/bin/cmake --install /home/hyperlabs/Desktop/imprimis/imprimis_ws/build/articubot_one
