[0.060s] Invoking command in '/home/hyperlabs/Desktop/imprimis/imprimis_ws/build/imprimis': CMAKE_PREFIX_PATH=${CMAKE_PREFIX_PATH}:/opt/ros/foxy /usr/bin/cmake /home/hyperlabs/Desktop/imprimis/imprimis_ws/src/imprimis -DCMAKE_INSTALL_PREFIX=/home/hyperlabs/Desktop/imprimis/imprimis_ws/install/imprimis
[0.067s] -- Found ament_cmake: 0.9.12 (/opt/ros/foxy/share/ament_cmake/cmake)
[0.077s] -- Using PYTHON_EXECUTABLE: /usr/bin/python3
[0.149s] -- Found ament_lint_auto: 0.9.8 (/opt/ros/foxy/share/ament_lint_auto/cmake)
[0.183s] -- Added test 'copyright' to check source files copyright and LICENSE
[0.190s] -- Added test 'flake8' to check Python code syntax and style conventions
[0.191s] -- Added test 'lint_cmake' to check CMake code style
[0.192s] -- Added test 'pep257' to check Python code against some of the style conventions in PEP 257
[0.196s] -- Added test 'xmllint' to check XML markup files
[0.196s] -- Configuring done
[0.197s] -- Generating done
[0.198s] -- Build files have been written to: /home/hyperlabs/Desktop/imprimis/imprimis_ws/build/imprimis
[0.200s] Invoked command in '/home/hyperlabs/Desktop/imprimis/imprimis_ws/build/imprimis' returned '0': CMAKE_PREFIX_PATH=${CMAKE_PREFIX_PATH}:/opt/ros/foxy /usr/bin/cmake /home/hyperlabs/Desktop/imprimis/imprimis_ws/src/imprimis -DCMAKE_INSTALL_PREFIX=/home/hyperlabs/Desktop/imprimis/imprimis_ws/install/imprimis
[0.201s] Invoking command in '/home/hyperlabs/Desktop/imprimis/imprimis_ws/build/imprimis': CMAKE_PREFIX_PATH=${CMAKE_PREFIX_PATH}:/opt/ros/foxy /usr/bin/cmake --build /home/hyperlabs/Desktop/imprimis/imprimis_ws/build/imprimis -- -j6 -l6
[0.218s] Invoked command in '/home/hyperlabs/Desktop/imprimis/imprimis_ws/build/imprimis' returned '0': CMAKE_PREFIX_PATH=${CMAKE_PREFIX_PATH}:/opt/ros/foxy /usr/bin/cmake --build /home/hyperlabs/Desktop/imprimis/imprimis_ws/build/imprimis -- -j6 -l6
[0.234s] Invoking command in '/home/hyperlabs/Desktop/imprimis/imprimis_ws/build/imprimis': CMAKE_PREFIX_PATH=${CMAKE_PREFIX_PATH}:/opt/ros/foxy /usr/bin/cmake --install /home/hyperlabs/Desktop/imprimis/imprimis_ws/build/imprimis
[0.237s] -- Install configuration: ""
[0.237s] -- Installing: /home/hyperlabs/Desktop/imprimis/imprimis_ws/install/imprimis/share/imprimis/config
[0.237s] -- Installing: /home/hyperlabs/Desktop/imprimis/imprimis_ws/install/imprimis/share/imprimis/config/empty.yaml
[0.237s] -- Installing: /home/hyperlabs/Desktop/imprimis/imprimis_ws/install/imprimis/share/imprimis/config/bot.rviz
[0.238s] -- Installing: /home/hyperlabs/Desktop/imprimis/imprimis_ws/install/imprimis/share/imprimis/config/mapper_params_online_async.yaml
[0.238s] -- Installing: /home/hyperlabs/Desktop/imprimis/imprimis_ws/install/imprimis/share/imprimis/description
[0.238s] -- Installing: /home/hyperlabs/Desktop/imprimis/imprimis_ws/install/imprimis/share/imprimis/description/inertial_macros.xacro
[0.238s] -- Installing: /home/hyperlabs/Desktop/imprimis/imprimis_ws/install/imprimis/share/imprimis/description/robot_core.xacro
[0.238s] -- Installing: /home/hyperlabs/Desktop/imprimis/imprimis_ws/install/imprimis/share/imprimis/description/lidar.xacro
[0.238s] -- Installing: /home/hyperlabs/Desktop/imprimis/imprimis_ws/install/imprimis/share/imprimis/description/robot.urdf.xacro
[0.238s] -- Installing: /home/hyperlabs/Desktop/imprimis/imprimis_ws/install/imprimis/share/imprimis/description/camera.xacro
[0.238s] -- Installing: /home/hyperlabs/Desktop/imprimis/imprimis_ws/install/imprimis/share/imprimis/description/gazebo_control.xacro
[0.238s] -- Installing: /home/hyperlabs/Desktop/imprimis/imprimis_ws/install/imprimis/share/imprimis/launch
[0.238s] -- Installing: /home/hyperlabs/Desktop/imprimis/imprimis_ws/install/imprimis/share/imprimis/launch/rsp.launch.py
[0.238s] -- Installing: /home/hyperlabs/Desktop/imprimis/imprimis_ws/install/imprimis/share/imprimis/launch/launch_sim.launch.py
[0.238s] -- Installing: /home/hyperlabs/Desktop/imprimis/imprimis_ws/install/imprimis/share/imprimis/worlds
[0.238s] -- Installing: /home/hyperlabs/Desktop/imprimis/imprimis_ws/install/imprimis/share/imprimis/worlds/empty.world
[0.238s] -- Installing: /home/hyperlabs/Desktop/imprimis/imprimis_ws/install/imprimis/share/imprimis/worlds/coneland.world
[0.238s] -- Installing: /home/hyperlabs/Desktop/imprimis/imprimis_ws/install/imprimis/share/ament_index/resource_index/package_run_dependencies/imprimis
[0.238s] -- Installing: /home/hyperlabs/Desktop/imprimis/imprimis_ws/install/imprimis/share/ament_index/resource_index/parent_prefix_path/imprimis
[0.238s] -- Installing: /home/hyperlabs/Desktop/imprimis/imprimis_ws/install/imprimis/share/imprimis/environment/ament_prefix_path.sh
[0.238s] -- Installing: /home/hyperlabs/Desktop/imprimis/imprimis_ws/install/imprimis/share/imprimis/environment/ament_prefix_path.dsv
[0.239s] -- Installing: /home/hyperlabs/Desktop/imprimis/imprimis_ws/install/imprimis/share/imprimis/environment/path.sh
[0.239s] -- Installing: /home/hyperlabs/Desktop/imprimis/imprimis_ws/install/imprimis/share/imprimis/environment/path.dsv
[0.239s] -- Installing: /home/hyperlabs/Desktop/imprimis/imprimis_ws/install/imprimis/share/imprimis/local_setup.bash
[0.239s] -- Installing: /home/hyperlabs/Desktop/imprimis/imprimis_ws/install/imprimis/share/imprimis/local_setup.sh
[0.239s] -- Installing: /home/hyperlabs/Desktop/imprimis/imprimis_ws/install/imprimis/share/imprimis/local_setup.zsh
[0.239s] -- Installing: /home/hyperlabs/Desktop/imprimis/imprimis_ws/install/imprimis/share/imprimis/local_setup.dsv
[0.239s] -- Installing: /home/hyperlabs/Desktop/imprimis/imprimis_ws/install/imprimis/share/imprimis/package.dsv
[0.239s] -- Installing: /home/hyperlabs/Desktop/imprimis/imprimis_ws/install/imprimis/share/ament_index/resource_index/packages/imprimis
[0.239s] -- Installing: /home/hyperlabs/Desktop/imprimis/imprimis_ws/install/imprimis/share/imprimis/cmake/imprimisConfig.cmake
[0.239s] -- Installing: /home/hyperlabs/Desktop/imprimis/imprimis_ws/install/imprimis/share/imprimis/cmake/imprimisConfig-version.cmake
[0.239s] -- Installing: /home/hyperlabs/Desktop/imprimis/imprimis_ws/install/imprimis/share/imprimis/package.xml
[0.240s] Invoked command in '/home/hyperlabs/Desktop/imprimis/imprimis_ws/build/imprimis' returned '0': CMAKE_PREFIX_PATH=${CMAKE_PREFIX_PATH}:/opt/ros/foxy /usr/bin/cmake --install /home/hyperlabs/Desktop/imprimis/imprimis_ws/build/imprimis
