[3.537s] DEBUG:colcon:Command line arguments: ['/usr/bin/colcon', 'build', '--symlink-install']
[3.537s] DEBUG:colcon:Parsed command line arguments: Namespace(allow_overriding=[], ament_cmake_args=None, base_paths=['.'], build_base='build', catkin_cmake_args=None, catkin_skip_building_tests=False, cmake_args=None, cmake_clean_cache=False, cmake_clean_first=False, cmake_force_configure=False, cmake_target=None, cmake_target_skip_unavailable=False, continue_on_error=False, event_handlers=None, executor='parallel', ignore_user_meta=False, install_base='install', log_base=None, log_level=None, main=<bound method BuildVerb.main of <colcon_core.verb.build.BuildVerb object at 0x7f5bcc1795b0>>, merge_install=False, metas=['./colcon.meta'], packages_above=None, packages_above_and_dependencies=None, packages_above_depth=None, packages_end=None, packages_ignore=None, packages_ignore_regex=None, packages_select=None, packages_select_build_failed=False, packages_select_by_dep=None, packages_select_regex=None, packages_select_test_failures=False, packages_skip=None, packages_skip_build_finished=False, packages_skip_by_dep=None, packages_skip_regex=None, packages_skip_test_passed=False, packages_skip_up_to=None, packages_start=None, packages_up_to=None, packages_up_to_regex=None, parallel_workers=16, paths=None, symlink_install=True, test_result_base=None, verb_extension=<colcon_core.verb.build.BuildVerb object at 0x7f5bcc1795b0>, verb_name='build', verb_parser=<colcon_defaults.argument_parser.defaults.DefaultArgumentsDecorator object at 0x7f5bcc179790>)
[3.678s] Level 1:colcon.colcon_core.package_discovery:discover_packages(colcon_meta) check parameters
[3.678s] Level 1:colcon.colcon_core.package_discovery:discover_packages(recursive) check parameters
[3.678s] Level 1:colcon.colcon_core.package_discovery:discover_packages(ignore) check parameters
[3.678s] Level 1:colcon.colcon_core.package_discovery:discover_packages(path) check parameters
[3.678s] Level 1:colcon.colcon_core.package_discovery:discover_packages(colcon_meta) discover
[3.678s] Level 1:colcon.colcon_core.package_discovery:discover_packages(recursive) discover
[3.678s] INFO:colcon.colcon_core.package_discovery:Crawling recursively for packages in '/home/hyperlabs/Desktop/imprimis/imprimis_ws'
[3.679s] Level 1:colcon.colcon_core.package_identification:_identify(.) by extensions ['ignore', 'ignore_ament_install']
[3.679s] Level 1:colcon.colcon_core.package_identification:_identify(.) by extension 'ignore'
[3.679s] Level 1:colcon.colcon_core.package_identification:_identify(.) by extension 'ignore_ament_install'
[3.679s] Level 1:colcon.colcon_core.package_identification:_identify(.) by extensions ['colcon_pkg']
[3.679s] Level 1:colcon.colcon_core.package_identification:_identify(.) by extension 'colcon_pkg'
[3.679s] Level 1:colcon.colcon_core.package_identification:_identify(.) by extensions ['colcon_meta']
[3.679s] Level 1:colcon.colcon_core.package_identification:_identify(.) by extension 'colcon_meta'
[3.679s] Level 1:colcon.colcon_core.package_identification:_identify(.) by extensions ['ros']
[3.679s] Level 1:colcon.colcon_core.package_identification:_identify(.) by extension 'ros'
[3.686s] Level 1:colcon.colcon_core.package_identification:_identify(.) by extensions ['cmake', 'python']
[3.686s] Level 1:colcon.colcon_core.package_identification:_identify(.) by extension 'cmake'
[3.686s] Level 1:colcon.colcon_core.package_identification:_identify(.) by extension 'python'
[3.686s] Level 1:colcon.colcon_core.package_identification:_identify(.) by extensions ['python_setup_py']
[3.686s] Level 1:colcon.colcon_core.package_identification:_identify(.) by extension 'python_setup_py'
[3.686s] Level 1:colcon.colcon_core.package_identification:_identify(build) by extensions ['ignore', 'ignore_ament_install']
[3.686s] Level 1:colcon.colcon_core.package_identification:_identify(build) by extension 'ignore'
[3.686s] Level 1:colcon.colcon_core.package_identification:_identify(build) ignored
[3.686s] Level 1:colcon.colcon_core.package_identification:_identify(install) by extensions ['ignore', 'ignore_ament_install']
[3.686s] Level 1:colcon.colcon_core.package_identification:_identify(install) by extension 'ignore'
[3.686s] Level 1:colcon.colcon_core.package_identification:_identify(install) ignored
[3.686s] Level 1:colcon.colcon_core.package_identification:_identify(log) by extensions ['ignore', 'ignore_ament_install']
[3.687s] Level 1:colcon.colcon_core.package_identification:_identify(log) by extension 'ignore'
[3.687s] Level 1:colcon.colcon_core.package_identification:_identify(log) ignored
[3.687s] Level 1:colcon.colcon_core.package_identification:_identify(src) by extensions ['ignore', 'ignore_ament_install']
[3.687s] Level 1:colcon.colcon_core.package_identification:_identify(src) by extension 'ignore'
[3.687s] Level 1:colcon.colcon_core.package_identification:_identify(src) by extension 'ignore_ament_install'
[3.687s] Level 1:colcon.colcon_core.package_identification:_identify(src) by extensions ['colcon_pkg']
[3.687s] Level 1:colcon.colcon_core.package_identification:_identify(src) by extension 'colcon_pkg'
[3.687s] Level 1:colcon.colcon_core.package_identification:_identify(src) by extensions ['colcon_meta']
[3.687s] Level 1:colcon.colcon_core.package_identification:_identify(src) by extension 'colcon_meta'
[3.687s] Level 1:colcon.colcon_core.package_identification:_identify(src) by extensions ['ros']
[3.687s] Level 1:colcon.colcon_core.package_identification:_identify(src) by extension 'ros'
[3.687s] Level 1:colcon.colcon_core.package_identification:_identify(src) by extensions ['cmake', 'python']
[3.687s] Level 1:colcon.colcon_core.package_identification:_identify(src) by extension 'cmake'
[3.687s] Level 1:colcon.colcon_core.package_identification:_identify(src) by extension 'python'
[3.687s] Level 1:colcon.colcon_core.package_identification:_identify(src) by extensions ['python_setup_py']
[3.687s] Level 1:colcon.colcon_core.package_identification:_identify(src) by extension 'python_setup_py'
[3.687s] Level 1:colcon.colcon_core.package_identification:_identify(src/imprimis) by extensions ['ignore', 'ignore_ament_install']
[3.687s] Level 1:colcon.colcon_core.package_identification:_identify(src/imprimis) by extension 'ignore'
[3.687s] Level 1:colcon.colcon_core.package_identification:_identify(src/imprimis) by extension 'ignore_ament_install'
[3.687s] Level 1:colcon.colcon_core.package_identification:_identify(src/imprimis) by extensions ['colcon_pkg']
[3.687s] Level 1:colcon.colcon_core.package_identification:_identify(src/imprimis) by extension 'colcon_pkg'
[3.687s] Level 1:colcon.colcon_core.package_identification:_identify(src/imprimis) by extensions ['colcon_meta']
[3.687s] Level 1:colcon.colcon_core.package_identification:_identify(src/imprimis) by extension 'colcon_meta'
[3.687s] Level 1:colcon.colcon_core.package_identification:_identify(src/imprimis) by extensions ['ros']
[3.687s] Level 1:colcon.colcon_core.package_identification:_identify(src/imprimis) by extension 'ros'
[3.695s] DEBUG:colcon.colcon_core.package_identification:Package 'src/imprimis' with type 'ros.ament_cmake' and name 'imprimis'
[3.695s] Level 1:colcon.colcon_core.package_identification:_identify(src/motor_interface) by extensions ['ignore', 'ignore_ament_install']
[3.695s] Level 1:colcon.colcon_core.package_identification:_identify(src/motor_interface) by extension 'ignore'
[3.695s] Level 1:colcon.colcon_core.package_identification:_identify(src/motor_interface) by extension 'ignore_ament_install'
[3.695s] Level 1:colcon.colcon_core.package_identification:_identify(src/motor_interface) by extensions ['colcon_pkg']
[3.695s] Level 1:colcon.colcon_core.package_identification:_identify(src/motor_interface) by extension 'colcon_pkg'
[3.695s] Level 1:colcon.colcon_core.package_identification:_identify(src/motor_interface) by extensions ['colcon_meta']
[3.695s] Level 1:colcon.colcon_core.package_identification:_identify(src/motor_interface) by extension 'colcon_meta'
[3.695s] Level 1:colcon.colcon_core.package_identification:_identify(src/motor_interface) by extensions ['ros']
[3.695s] Level 1:colcon.colcon_core.package_identification:_identify(src/motor_interface) by extension 'ros'
[3.696s] DEBUG:colcon.colcon_core.package_identification:Package 'src/motor_interface' with type 'ros.ament_python' and name 'motor_interface'
[3.696s] Level 1:colcon.colcon_core.package_identification:_identify(src/robot_localization) by extensions ['ignore', 'ignore_ament_install']
[3.696s] Level 1:colcon.colcon_core.package_identification:_identify(src/robot_localization) by extension 'ignore'
[3.696s] Level 1:colcon.colcon_core.package_identification:_identify(src/robot_localization) by extension 'ignore_ament_install'
[3.696s] Level 1:colcon.colcon_core.package_identification:_identify(src/robot_localization) by extensions ['colcon_pkg']
[3.696s] Level 1:colcon.colcon_core.package_identification:_identify(src/robot_localization) by extension 'colcon_pkg'
[3.696s] Level 1:colcon.colcon_core.package_identification:_identify(src/robot_localization) by extensions ['colcon_meta']
[3.696s] Level 1:colcon.colcon_core.package_identification:_identify(src/robot_localization) by extension 'colcon_meta'
[3.696s] Level 1:colcon.colcon_core.package_identification:_identify(src/robot_localization) by extensions ['ros']
[3.696s] Level 1:colcon.colcon_core.package_identification:_identify(src/robot_localization) by extension 'ros'
[3.697s] DEBUG:colcon.colcon_core.package_identification:Package 'src/robot_localization' with type 'ros.ament_cmake' and name 'robot_localization'
[3.697s] Level 1:colcon.colcon_core.package_discovery:discover_packages(recursive) using defaults
[3.697s] Level 1:colcon.colcon_core.package_discovery:discover_packages(ignore) discover
[3.697s] Level 1:colcon.colcon_core.package_discovery:discover_packages(ignore) using defaults
[3.697s] Level 1:colcon.colcon_core.package_discovery:discover_packages(path) discover
[3.697s] Level 1:colcon.colcon_core.package_discovery:discover_packages(path) using defaults
[4.028s] Level 1:colcon.colcon_core.package_discovery:discover_packages(prefix_path) check parameters
[4.028s] Level 1:colcon.colcon_core.package_discovery:discover_packages(prefix_path) discover
[4.158s] DEBUG:colcon.colcon_installed_package_information.package_discovery:Found 3 installed packages in /home/hyperlabs/Desktop/imprimis/imprimis_ws/install
[4.222s] DEBUG:colcon.colcon_installed_package_information.package_discovery:Found 402 installed packages in /opt/ros/foxy
[4.224s] Level 1:colcon.colcon_core.package_discovery:discover_packages(prefix_path) using defaults
[4.426s] Level 5:colcon.colcon_core.verb:set package 'motor_interface' build argument 'cmake_args' from command line to 'None'
[4.426s] Level 5:colcon.colcon_core.verb:set package 'motor_interface' build argument 'cmake_target' from command line to 'None'
[4.426s] Level 5:colcon.colcon_core.verb:set package 'motor_interface' build argument 'cmake_target_skip_unavailable' from command line to 'False'
[4.426s] Level 5:colcon.colcon_core.verb:set package 'motor_interface' build argument 'cmake_clean_cache' from command line to 'False'
[4.426s] Level 5:colcon.colcon_core.verb:set package 'motor_interface' build argument 'cmake_clean_first' from command line to 'False'
[4.426s] Level 5:colcon.colcon_core.verb:set package 'motor_interface' build argument 'cmake_force_configure' from command line to 'False'
[4.426s] Level 5:colcon.colcon_core.verb:set package 'motor_interface' build argument 'ament_cmake_args' from command line to 'None'
[4.426s] Level 5:colcon.colcon_core.verb:set package 'motor_interface' build argument 'catkin_cmake_args' from command line to 'None'
[4.426s] Level 5:colcon.colcon_core.verb:set package 'motor_interface' build argument 'catkin_skip_building_tests' from command line to 'False'
[4.426s] DEBUG:colcon.colcon_core.verb:Building package 'motor_interface' with the following arguments: {'ament_cmake_args': None, 'build_base': '/home/hyperlabs/Desktop/imprimis/imprimis_ws/build/motor_interface', 'catkin_cmake_args': None, 'catkin_skip_building_tests': False, 'cmake_args': None, 'cmake_clean_cache': False, 'cmake_clean_first': False, 'cmake_force_configure': False, 'cmake_target': None, 'cmake_target_skip_unavailable': False, 'install_base': '/home/hyperlabs/Desktop/imprimis/imprimis_ws/install/motor_interface', 'merge_install': False, 'path': '/home/hyperlabs/Desktop/imprimis/imprimis_ws/src/motor_interface', 'symlink_install': True, 'test_result_base': None}
[4.489s] Level 5:colcon.colcon_core.verb:set package 'robot_localization' build argument 'cmake_args' from command line to 'None'
[4.489s] Level 5:colcon.colcon_core.verb:set package 'robot_localization' build argument 'cmake_target' from command line to 'None'
[4.489s] Level 5:colcon.colcon_core.verb:set package 'robot_localization' build argument 'cmake_target_skip_unavailable' from command line to 'False'
[4.489s] Level 5:colcon.colcon_core.verb:set package 'robot_localization' build argument 'cmake_clean_cache' from command line to 'False'
[4.489s] Level 5:colcon.colcon_core.verb:set package 'robot_localization' build argument 'cmake_clean_first' from command line to 'False'
[4.489s] Level 5:colcon.colcon_core.verb:set package 'robot_localization' build argument 'cmake_force_configure' from command line to 'False'
[4.489s] Level 5:colcon.colcon_core.verb:set package 'robot_localization' build argument 'ament_cmake_args' from command line to 'None'
[4.489s] Level 5:colcon.colcon_core.verb:set package 'robot_localization' build argument 'catkin_cmake_args' from command line to 'None'
[4.489s] Level 5:colcon.colcon_core.verb:set package 'robot_localization' build argument 'catkin_skip_building_tests' from command line to 'False'
[4.489s] DEBUG:colcon.colcon_core.verb:Building package 'robot_localization' with the following arguments: {'ament_cmake_args': None, 'build_base': '/home/hyperlabs/Desktop/imprimis/imprimis_ws/build/robot_localization', 'catkin_cmake_args': None, 'catkin_skip_building_tests': False, 'cmake_args': None, 'cmake_clean_cache': False, 'cmake_clean_first': False, 'cmake_force_configure': False, 'cmake_target': None, 'cmake_target_skip_unavailable': False, 'install_base': '/home/hyperlabs/Desktop/imprimis/imprimis_ws/install/robot_localization', 'merge_install': False, 'path': '/home/hyperlabs/Desktop/imprimis/imprimis_ws/src/robot_localization', 'symlink_install': True, 'test_result_base': None}
[4.555s] Level 5:colcon.colcon_core.verb:set package 'imprimis' build argument 'cmake_args' from command line to 'None'
[4.555s] Level 5:colcon.colcon_core.verb:set package 'imprimis' build argument 'cmake_target' from command line to 'None'
[4.555s] Level 5:colcon.colcon_core.verb:set package 'imprimis' build argument 'cmake_target_skip_unavailable' from command line to 'False'
[4.555s] Level 5:colcon.colcon_core.verb:set package 'imprimis' build argument 'cmake_clean_cache' from command line to 'False'
[4.555s] Level 5:colcon.colcon_core.verb:set package 'imprimis' build argument 'cmake_clean_first' from command line to 'False'
[4.555s] Level 5:colcon.colcon_core.verb:set package 'imprimis' build argument 'cmake_force_configure' from command line to 'False'
[4.555s] Level 5:colcon.colcon_core.verb:set package 'imprimis' build argument 'ament_cmake_args' from command line to 'None'
[4.555s] Level 5:colcon.colcon_core.verb:set package 'imprimis' build argument 'catkin_cmake_args' from command line to 'None'
[4.555s] Level 5:colcon.colcon_core.verb:set package 'imprimis' build argument 'catkin_skip_building_tests' from command line to 'False'
[4.555s] DEBUG:colcon.colcon_core.verb:Building package 'imprimis' with the following arguments: {'ament_cmake_args': None, 'build_base': '/home/hyperlabs/Desktop/imprimis/imprimis_ws/build/imprimis', 'catkin_cmake_args': None, 'catkin_skip_building_tests': False, 'cmake_args': None, 'cmake_clean_cache': False, 'cmake_clean_first': False, 'cmake_force_configure': False, 'cmake_target': None, 'cmake_target_skip_unavailable': False, 'install_base': '/home/hyperlabs/Desktop/imprimis/imprimis_ws/install/imprimis', 'merge_install': False, 'path': '/home/hyperlabs/Desktop/imprimis/imprimis_ws/src/imprimis', 'symlink_install': True, 'test_result_base': None}
[4.620s] INFO:colcon.colcon_core.executor:Executing jobs using 'parallel' executor
[4.684s] DEBUG:colcon.colcon_parallel_executor.executor.parallel:run_until_complete
[4.684s] INFO:colcon.colcon_ros.task.ament_cmake.build:Building ROS package in '/home/hyperlabs/Desktop/imprimis/imprimis_ws/src/robot_localization' with build type 'ament_cmake'
[4.684s] INFO:colcon.colcon_cmake.task.cmake.build:Building CMake package in '/home/hyperlabs/Desktop/imprimis/imprimis_ws/src/robot_localization'
[4.749s] INFO:colcon.colcon_core.plugin_system:Skipping extension 'colcon_core.shell.bat': Not used on non-Windows systems
[4.749s] INFO:colcon.colcon_core.shell:Skip shell extension 'powershell' for command environment: Not usable outside of PowerShell
[4.749s] DEBUG:colcon.colcon_core.shell:Skip shell extension 'dsv' for command environment
[4.949s] INFO:colcon.colcon_ros.task.ament_python.build:Building ROS package in '/home/hyperlabs/Desktop/imprimis/imprimis_ws/src/motor_interface' with build type 'ament_python'
[4.949s] Level 1:colcon.colcon_core.shell:create_environment_hook('motor_interface', 'ament_prefix_path')
[5.017s] INFO:colcon.colcon_core.shell:Creating environment hook '/home/hyperlabs/Desktop/imprimis/imprimis_ws/install/motor_interface/share/motor_interface/hook/ament_prefix_path.ps1'
[5.017s] INFO:colcon.colcon_core.shell:Creating environment descriptor '/home/hyperlabs/Desktop/imprimis/imprimis_ws/install/motor_interface/share/motor_interface/hook/ament_prefix_path.dsv'
[5.018s] INFO:colcon.colcon_core.shell:Creating environment hook '/home/hyperlabs/Desktop/imprimis/imprimis_ws/install/motor_interface/share/motor_interface/hook/ament_prefix_path.sh'
[5.082s] INFO:colcon.colcon_core.shell:Skip shell extension 'powershell' for command environment: Not usable outside of PowerShell
[5.082s] DEBUG:colcon.colcon_core.shell:Skip shell extension 'dsv' for command environment
[5.283s] DEBUG:colcon.colcon_core.event_handler.log_command:Invoking command in '/home/hyperlabs/Desktop/imprimis/imprimis_ws/build/robot_localization': CMAKE_PREFIX_PATH=${CMAKE_PREFIX_PATH}:/home/hyperlabs/Desktop/imprimis/imprimis_ws/install/motor_interface:/opt/ros/foxy /usr/bin/cmake /home/hyperlabs/Desktop/imprimis/imprimis_ws/src/robot_localization -DAMENT_CMAKE_SYMLINK_INSTALL=1 -DCMAKE_INSTALL_PREFIX=/home/hyperlabs/Desktop/imprimis/imprimis_ws/install/robot_localization
[5.450s] INFO:colcon.colcon_core.task.python.build:Building Python package in '/home/hyperlabs/Desktop/imprimis/imprimis_ws/src/motor_interface'
[5.524s] INFO:colcon.colcon_core.shell:Skip shell extension 'powershell' for command environment: Not usable outside of PowerShell
[5.524s] DEBUG:colcon.colcon_core.shell:Skip shell extension 'dsv' for command environment
[6.023s] DEBUG:colcon.colcon_core.event_handler.log_command:Invoking command in '/home/hyperlabs/Desktop/imprimis/imprimis_ws/build/motor_interface': PYTHONPATH=/home/hyperlabs/Desktop/imprimis/imprimis_ws/build/motor_interface/prefix_override:/home/hyperlabs/Desktop/imprimis/imprimis_ws/install/motor_interface/lib/python3.8/site-packages:${PYTHONPATH} /usr/bin/python3 setup.py develop --editable --build-directory /home/hyperlabs/Desktop/imprimis/imprimis_ws/build/motor_interface/build --no-deps install_data
[6.355s] Level 1:colcon.colcon_core.shell:create_environment_hook('motor_interface', 'pythonpath_develop')
[6.355s] DEBUG:colcon.colcon_core.event_handler.log_command:Invoked command in '/home/hyperlabs/Desktop/imprimis/imprimis_ws/build/motor_interface' returned '0': PYTHONPATH=/home/hyperlabs/Desktop/imprimis/imprimis_ws/build/motor_interface/prefix_override:/home/hyperlabs/Desktop/imprimis/imprimis_ws/install/motor_interface/lib/python3.8/site-packages:${PYTHONPATH} /usr/bin/python3 setup.py develop --editable --build-directory /home/hyperlabs/Desktop/imprimis/imprimis_ws/build/motor_interface/build --no-deps install_data
[6.427s] INFO:colcon.colcon_core.shell:Creating environment hook '/home/hyperlabs/Desktop/imprimis/imprimis_ws/build/motor_interface/share/motor_interface/hook/pythonpath_develop.ps1'
[6.427s] INFO:colcon.colcon_core.shell:Creating environment descriptor '/home/hyperlabs/Desktop/imprimis/imprimis_ws/build/motor_interface/share/motor_interface/hook/pythonpath_develop.dsv'
[6.427s] INFO:colcon.colcon_core.shell:Creating environment hook '/home/hyperlabs/Desktop/imprimis/imprimis_ws/build/motor_interface/share/motor_interface/hook/pythonpath_develop.sh'
[6.495s] Level 1:colcon.colcon_core.environment:checking '/home/hyperlabs/Desktop/imprimis/imprimis_ws/install/motor_interface' for CMake module files
[6.496s] Level 1:colcon.colcon_core.environment:checking '/home/hyperlabs/Desktop/imprimis/imprimis_ws/install/motor_interface' for CMake config files
[6.496s] Level 1:colcon.colcon_core.environment:checking '/home/hyperlabs/Desktop/imprimis/imprimis_ws/install/motor_interface/lib'
[6.496s] Level 1:colcon.colcon_core.environment:checking '/home/hyperlabs/Desktop/imprimis/imprimis_ws/install/motor_interface/bin'
[6.496s] Level 1:colcon.colcon_core.environment:checking '/home/hyperlabs/Desktop/imprimis/imprimis_ws/install/motor_interface/lib/pkgconfig/motor_interface.pc'
[6.497s] Level 1:colcon.colcon_core.environment:checking '/home/hyperlabs/Desktop/imprimis/imprimis_ws/install/motor_interface/lib/python3.8/site-packages'
[6.497s] Level 1:colcon.colcon_core.shell:create_environment_hook('motor_interface', 'pythonpath')
[6.561s] INFO:colcon.colcon_core.shell:Creating environment hook '/home/hyperlabs/Desktop/imprimis/imprimis_ws/install/motor_interface/share/motor_interface/hook/pythonpath.ps1'
[6.561s] INFO:colcon.colcon_core.shell:Creating environment descriptor '/home/hyperlabs/Desktop/imprimis/imprimis_ws/install/motor_interface/share/motor_interface/hook/pythonpath.dsv'
[6.561s] INFO:colcon.colcon_core.shell:Creating environment hook '/home/hyperlabs/Desktop/imprimis/imprimis_ws/install/motor_interface/share/motor_interface/hook/pythonpath.sh'
[6.562s] Level 1:colcon.colcon_core.environment:checking '/home/hyperlabs/Desktop/imprimis/imprimis_ws/install/motor_interface/bin'
[6.562s] Level 1:colcon.colcon_core.environment:create_environment_scripts_only(motor_interface)
[6.627s] INFO:colcon.colcon_core.shell:Creating package script '/home/hyperlabs/Desktop/imprimis/imprimis_ws/install/motor_interface/share/motor_interface/package.ps1'
[6.627s] INFO:colcon.colcon_core.shell:Creating package descriptor '/home/hyperlabs/Desktop/imprimis/imprimis_ws/install/motor_interface/share/motor_interface/package.dsv'
[6.628s] INFO:colcon.colcon_core.shell:Creating package script '/home/hyperlabs/Desktop/imprimis/imprimis_ws/install/motor_interface/share/motor_interface/package.sh'
[6.628s] INFO:colcon.colcon_core.shell:Creating package script '/home/hyperlabs/Desktop/imprimis/imprimis_ws/install/motor_interface/share/motor_interface/package.bash'
[6.628s] INFO:colcon.colcon_core.shell:Creating package script '/home/hyperlabs/Desktop/imprimis/imprimis_ws/install/motor_interface/share/motor_interface/package.zsh'
[6.629s] Level 1:colcon.colcon_core.environment:create_file_with_runtime_dependencies(/home/hyperlabs/Desktop/imprimis/imprimis_ws/install/motor_interface/share/colcon-core/packages/motor_interface)
[7.416s] DEBUG:colcon.colcon_core.event_handler.log_command:Invoked command in '/home/hyperlabs/Desktop/imprimis/imprimis_ws/build/robot_localization' returned '0': CMAKE_PREFIX_PATH=${CMAKE_PREFIX_PATH}:/home/hyperlabs/Desktop/imprimis/imprimis_ws/install/motor_interface:/opt/ros/foxy /usr/bin/cmake /home/hyperlabs/Desktop/imprimis/imprimis_ws/src/robot_localization -DAMENT_CMAKE_SYMLINK_INSTALL=1 -DCMAKE_INSTALL_PREFIX=/home/hyperlabs/Desktop/imprimis/imprimis_ws/install/robot_localization
[7.417s] DEBUG:colcon.colcon_core.event_handler.log_command:Invoking command in '/home/hyperlabs/Desktop/imprimis/imprimis_ws/build/robot_localization': CMAKE_PREFIX_PATH=${CMAKE_PREFIX_PATH}:/home/hyperlabs/Desktop/imprimis/imprimis_ws/install/motor_interface:/opt/ros/foxy /usr/bin/cmake --build /home/hyperlabs/Desktop/imprimis/imprimis_ws/build/robot_localization -- -j16 -l16
[75.827s] DEBUG:colcon.colcon_core.event_handler.log_command:Invoked command in '/home/hyperlabs/Desktop/imprimis/imprimis_ws/build/robot_localization' returned '0': CMAKE_PREFIX_PATH=${CMAKE_PREFIX_PATH}:/home/hyperlabs/Desktop/imprimis/imprimis_ws/install/motor_interface:/opt/ros/foxy /usr/bin/cmake --build /home/hyperlabs/Desktop/imprimis/imprimis_ws/build/robot_localization -- -j16 -l16
[76.140s] DEBUG:colcon.colcon_core.event_handler.log_command:Invoking command in '/home/hyperlabs/Desktop/imprimis/imprimis_ws/build/robot_localization': CMAKE_PREFIX_PATH=${CMAKE_PREFIX_PATH}:/home/hyperlabs/Desktop/imprimis/imprimis_ws/install/motor_interface:/opt/ros/foxy /usr/bin/cmake --install /home/hyperlabs/Desktop/imprimis/imprimis_ws/build/robot_localization
[77.959s] Level 1:colcon.colcon_core.environment:create_environment_scripts_only(robot_localization)
[77.960s] DEBUG:colcon.colcon_core.event_handler.log_command:Invoked command in '/home/hyperlabs/Desktop/imprimis/imprimis_ws/build/robot_localization' returned '0': CMAKE_PREFIX_PATH=${CMAKE_PREFIX_PATH}:/home/hyperlabs/Desktop/imprimis/imprimis_ws/install/motor_interface:/opt/ros/foxy /usr/bin/cmake --install /home/hyperlabs/Desktop/imprimis/imprimis_ws/build/robot_localization
[78.033s] Level 1:colcon.colcon_core.environment:checking '/home/hyperlabs/Desktop/imprimis/imprimis_ws/install/robot_localization' for CMake module files
[78.034s] Level 1:colcon.colcon_core.environment:checking '/home/hyperlabs/Desktop/imprimis/imprimis_ws/install/robot_localization' for CMake config files
[78.037s] Level 1:colcon.colcon_core.shell:create_environment_hook('robot_localization', 'cmake_prefix_path')
[78.106s] INFO:colcon.colcon_core.shell:Creating environment hook '/home/hyperlabs/Desktop/imprimis/imprimis_ws/install/robot_localization/share/robot_localization/hook/cmake_prefix_path.ps1'
[78.106s] INFO:colcon.colcon_core.shell:Creating environment descriptor '/home/hyperlabs/Desktop/imprimis/imprimis_ws/install/robot_localization/share/robot_localization/hook/cmake_prefix_path.dsv'
[78.106s] INFO:colcon.colcon_core.shell:Creating environment hook '/home/hyperlabs/Desktop/imprimis/imprimis_ws/install/robot_localization/share/robot_localization/hook/cmake_prefix_path.sh'
[78.107s] Level 1:colcon.colcon_core.environment:checking '/home/hyperlabs/Desktop/imprimis/imprimis_ws/install/robot_localization/lib'
[78.107s] Level 1:colcon.colcon_core.shell:create_environment_hook('robot_localization', 'ld_library_path_lib')
[78.172s] INFO:colcon.colcon_core.shell:Creating environment hook '/home/hyperlabs/Desktop/imprimis/imprimis_ws/install/robot_localization/share/robot_localization/hook/ld_library_path_lib.ps1'
[78.173s] INFO:colcon.colcon_core.shell:Creating environment descriptor '/home/hyperlabs/Desktop/imprimis/imprimis_ws/install/robot_localization/share/robot_localization/hook/ld_library_path_lib.dsv'
[78.173s] INFO:colcon.colcon_core.shell:Creating environment hook '/home/hyperlabs/Desktop/imprimis/imprimis_ws/install/robot_localization/share/robot_localization/hook/ld_library_path_lib.sh'
[78.173s] Level 1:colcon.colcon_core.environment:checking '/home/hyperlabs/Desktop/imprimis/imprimis_ws/install/robot_localization/bin'
[78.173s] Level 1:colcon.colcon_core.environment:checking '/home/hyperlabs/Desktop/imprimis/imprimis_ws/install/robot_localization/lib/pkgconfig/robot_localization.pc'
[78.173s] Level 1:colcon.colcon_core.environment:checking '/home/hyperlabs/Desktop/imprimis/imprimis_ws/install/robot_localization/lib/python3.8/site-packages'
[78.173s] Level 1:colcon.colcon_core.shell:create_environment_hook('robot_localization', 'pythonpath')
[78.239s] INFO:colcon.colcon_core.shell:Creating environment hook '/home/hyperlabs/Desktop/imprimis/imprimis_ws/install/robot_localization/share/robot_localization/hook/pythonpath.ps1'
[78.239s] INFO:colcon.colcon_core.shell:Creating environment descriptor '/home/hyperlabs/Desktop/imprimis/imprimis_ws/install/robot_localization/share/robot_localization/hook/pythonpath.dsv'
[78.239s] INFO:colcon.colcon_core.shell:Creating environment hook '/home/hyperlabs/Desktop/imprimis/imprimis_ws/install/robot_localization/share/robot_localization/hook/pythonpath.sh'
[78.240s] Level 1:colcon.colcon_core.environment:checking '/home/hyperlabs/Desktop/imprimis/imprimis_ws/install/robot_localization/bin'
[78.304s] INFO:colcon.colcon_core.shell:Creating package script '/home/hyperlabs/Desktop/imprimis/imprimis_ws/install/robot_localization/share/robot_localization/package.ps1'
[78.305s] INFO:colcon.colcon_core.shell:Creating package descriptor '/home/hyperlabs/Desktop/imprimis/imprimis_ws/install/robot_localization/share/robot_localization/package.dsv'
[78.305s] INFO:colcon.colcon_core.shell:Creating package script '/home/hyperlabs/Desktop/imprimis/imprimis_ws/install/robot_localization/share/robot_localization/package.sh'
[78.305s] INFO:colcon.colcon_core.shell:Creating package script '/home/hyperlabs/Desktop/imprimis/imprimis_ws/install/robot_localization/share/robot_localization/package.bash'
[78.306s] INFO:colcon.colcon_core.shell:Creating package script '/home/hyperlabs/Desktop/imprimis/imprimis_ws/install/robot_localization/share/robot_localization/package.zsh'
[78.306s] Level 1:colcon.colcon_core.environment:create_file_with_runtime_dependencies(/home/hyperlabs/Desktop/imprimis/imprimis_ws/install/robot_localization/share/colcon-core/packages/robot_localization)
[78.698s] Level 1:colcon.colcon_core.environment:create_environment_scripts_only(robot_localization)
[78.766s] Level 1:colcon.colcon_core.environment:checking '/home/hyperlabs/Desktop/imprimis/imprimis_ws/install/robot_localization' for CMake module files
[78.766s] Level 1:colcon.colcon_core.environment:checking '/home/hyperlabs/Desktop/imprimis/imprimis_ws/install/robot_localization' for CMake config files
[78.767s] Level 1:colcon.colcon_core.shell:create_environment_hook('robot_localization', 'cmake_prefix_path')
[78.832s] INFO:colcon.colcon_core.shell:Creating environment hook '/home/hyperlabs/Desktop/imprimis/imprimis_ws/install/robot_localization/share/robot_localization/hook/cmake_prefix_path.ps1'
[78.832s] INFO:colcon.colcon_core.shell:Creating environment descriptor '/home/hyperlabs/Desktop/imprimis/imprimis_ws/install/robot_localization/share/robot_localization/hook/cmake_prefix_path.dsv'
[78.833s] INFO:colcon.colcon_core.shell:Creating environment hook '/home/hyperlabs/Desktop/imprimis/imprimis_ws/install/robot_localization/share/robot_localization/hook/cmake_prefix_path.sh'
[78.833s] Level 1:colcon.colcon_core.environment:checking '/home/hyperlabs/Desktop/imprimis/imprimis_ws/install/robot_localization/lib'
[78.833s] Level 1:colcon.colcon_core.shell:create_environment_hook('robot_localization', 'ld_library_path_lib')
[78.898s] INFO:colcon.colcon_core.shell:Creating environment hook '/home/hyperlabs/Desktop/imprimis/imprimis_ws/install/robot_localization/share/robot_localization/hook/ld_library_path_lib.ps1'
[78.899s] INFO:colcon.colcon_core.shell:Creating environment descriptor '/home/hyperlabs/Desktop/imprimis/imprimis_ws/install/robot_localization/share/robot_localization/hook/ld_library_path_lib.dsv'
[78.899s] INFO:colcon.colcon_core.shell:Creating environment hook '/home/hyperlabs/Desktop/imprimis/imprimis_ws/install/robot_localization/share/robot_localization/hook/ld_library_path_lib.sh'
[78.899s] Level 1:colcon.colcon_core.environment:checking '/home/hyperlabs/Desktop/imprimis/imprimis_ws/install/robot_localization/bin'
[78.899s] Level 1:colcon.colcon_core.environment:checking '/home/hyperlabs/Desktop/imprimis/imprimis_ws/install/robot_localization/lib/pkgconfig/robot_localization.pc'
[78.899s] Level 1:colcon.colcon_core.environment:checking '/home/hyperlabs/Desktop/imprimis/imprimis_ws/install/robot_localization/lib/python3.8/site-packages'
[78.899s] Level 1:colcon.colcon_core.shell:create_environment_hook('robot_localization', 'pythonpath')
[78.964s] INFO:colcon.colcon_core.shell:Creating environment hook '/home/hyperlabs/Desktop/imprimis/imprimis_ws/install/robot_localization/share/robot_localization/hook/pythonpath.ps1'
[78.964s] INFO:colcon.colcon_core.shell:Creating environment descriptor '/home/hyperlabs/Desktop/imprimis/imprimis_ws/install/robot_localization/share/robot_localization/hook/pythonpath.dsv'
[78.964s] INFO:colcon.colcon_core.shell:Creating environment hook '/home/hyperlabs/Desktop/imprimis/imprimis_ws/install/robot_localization/share/robot_localization/hook/pythonpath.sh'
[78.965s] Level 1:colcon.colcon_core.environment:checking '/home/hyperlabs/Desktop/imprimis/imprimis_ws/install/robot_localization/bin'
[79.030s] INFO:colcon.colcon_core.shell:Creating package script '/home/hyperlabs/Desktop/imprimis/imprimis_ws/install/robot_localization/share/robot_localization/package.ps1'
[79.031s] INFO:colcon.colcon_core.shell:Creating package descriptor '/home/hyperlabs/Desktop/imprimis/imprimis_ws/install/robot_localization/share/robot_localization/package.dsv'
[79.031s] INFO:colcon.colcon_core.shell:Creating package script '/home/hyperlabs/Desktop/imprimis/imprimis_ws/install/robot_localization/share/robot_localization/package.sh'
[79.031s] INFO:colcon.colcon_core.shell:Creating package script '/home/hyperlabs/Desktop/imprimis/imprimis_ws/install/robot_localization/share/robot_localization/package.bash'
[79.032s] INFO:colcon.colcon_core.shell:Creating package script '/home/hyperlabs/Desktop/imprimis/imprimis_ws/install/robot_localization/share/robot_localization/package.zsh'
[79.032s] Level 1:colcon.colcon_core.environment:create_file_with_runtime_dependencies(/home/hyperlabs/Desktop/imprimis/imprimis_ws/install/robot_localization/share/colcon-core/packages/robot_localization)
[79.032s] INFO:colcon.colcon_ros.task.ament_cmake.build:Building ROS package in '/home/hyperlabs/Desktop/imprimis/imprimis_ws/src/imprimis' with build type 'ament_cmake'
[79.032s] INFO:colcon.colcon_cmake.task.cmake.build:Building CMake package in '/home/hyperlabs/Desktop/imprimis/imprimis_ws/src/imprimis'
[79.098s] INFO:colcon.colcon_core.shell:Skip shell extension 'powershell' for command environment: Not usable outside of PowerShell
[79.098s] DEBUG:colcon.colcon_core.shell:Skip shell extension 'dsv' for command environment
[79.325s] DEBUG:colcon.colcon_core.event_handler.log_command:Invoking command in '/home/hyperlabs/Desktop/imprimis/imprimis_ws/build/imprimis': AMENT_PREFIX_PATH=/home/hyperlabs/Desktop/imprimis/imprimis_ws/install/robot_localization:${AMENT_PREFIX_PATH} CMAKE_PREFIX_PATH=/home/hyperlabs/Desktop/imprimis/imprimis_ws/install/robot_localization:/home/hyperlabs/Desktop/imprimis/imprimis_ws/install/imprimis:/home/hyperlabs/Desktop/imprimis/imprimis_ws/install/motor_interface:/opt/ros/foxy LD_LIBRARY_PATH=/home/hyperlabs/Desktop/imprimis/imprimis_ws/install/robot_localization/lib:${LD_LIBRARY_PATH} PYTHONPATH=/home/hyperlabs/Desktop/imprimis/imprimis_ws/install/robot_localization/lib/python3.8/site-packages:${PYTHONPATH} /usr/bin/cmake --build /home/hyperlabs/Desktop/imprimis/imprimis_ws/build/imprimis -- -j16 -l16
[79.373s] DEBUG:colcon.colcon_core.event_handler.log_command:Invoked command in '/home/hyperlabs/Desktop/imprimis/imprimis_ws/build/imprimis' returned '0': AMENT_PREFIX_PATH=/home/hyperlabs/Desktop/imprimis/imprimis_ws/install/robot_localization:${AMENT_PREFIX_PATH} CMAKE_PREFIX_PATH=/home/hyperlabs/Desktop/imprimis/imprimis_ws/install/robot_localization:/home/hyperlabs/Desktop/imprimis/imprimis_ws/install/imprimis:/home/hyperlabs/Desktop/imprimis/imprimis_ws/install/motor_interface:/opt/ros/foxy LD_LIBRARY_PATH=/home/hyperlabs/Desktop/imprimis/imprimis_ws/install/robot_localization/lib:${LD_LIBRARY_PATH} PYTHONPATH=/home/hyperlabs/Desktop/imprimis/imprimis_ws/install/robot_localization/lib/python3.8/site-packages:${PYTHONPATH} /usr/bin/cmake --build /home/hyperlabs/Desktop/imprimis/imprimis_ws/build/imprimis -- -j16 -l16
[79.412s] DEBUG:colcon.colcon_core.event_handler.log_command:Invoking command in '/home/hyperlabs/Desktop/imprimis/imprimis_ws/build/imprimis': AMENT_PREFIX_PATH=/home/hyperlabs/Desktop/imprimis/imprimis_ws/install/robot_localization:${AMENT_PREFIX_PATH} CMAKE_PREFIX_PATH=/home/hyperlabs/Desktop/imprimis/imprimis_ws/install/robot_localization:/home/hyperlabs/Desktop/imprimis/imprimis_ws/install/imprimis:/home/hyperlabs/Desktop/imprimis/imprimis_ws/install/motor_interface:/opt/ros/foxy LD_LIBRARY_PATH=/home/hyperlabs/Desktop/imprimis/imprimis_ws/install/robot_localization/lib:${LD_LIBRARY_PATH} PYTHONPATH=/home/hyperlabs/Desktop/imprimis/imprimis_ws/install/robot_localization/lib/python3.8/site-packages:${PYTHONPATH} /usr/bin/cmake --install /home/hyperlabs/Desktop/imprimis/imprimis_ws/build/imprimis
[79.445s] Level 1:colcon.colcon_core.environment:create_environment_scripts_only(imprimis)
[79.446s] DEBUG:colcon.colcon_core.event_handler.log_command:Invoked command in '/home/hyperlabs/Desktop/imprimis/imprimis_ws/build/imprimis' returned '0': AMENT_PREFIX_PATH=/home/hyperlabs/Desktop/imprimis/imprimis_ws/install/robot_localization:${AMENT_PREFIX_PATH} CMAKE_PREFIX_PATH=/home/hyperlabs/Desktop/imprimis/imprimis_ws/install/robot_localization:/home/hyperlabs/Desktop/imprimis/imprimis_ws/install/imprimis:/home/hyperlabs/Desktop/imprimis/imprimis_ws/install/motor_interface:/opt/ros/foxy LD_LIBRARY_PATH=/home/hyperlabs/Desktop/imprimis/imprimis_ws/install/robot_localization/lib:${LD_LIBRARY_PATH} PYTHONPATH=/home/hyperlabs/Desktop/imprimis/imprimis_ws/install/robot_localization/lib/python3.8/site-packages:${PYTHONPATH} /usr/bin/cmake --install /home/hyperlabs/Desktop/imprimis/imprimis_ws/build/imprimis
[79.522s] Level 1:colcon.colcon_core.environment:checking '/home/hyperlabs/Desktop/imprimis/imprimis_ws/install/imprimis' for CMake module files
[79.522s] Level 1:colcon.colcon_core.environment:checking '/home/hyperlabs/Desktop/imprimis/imprimis_ws/install/imprimis' for CMake config files
[79.523s] Level 1:colcon.colcon_core.shell:create_environment_hook('imprimis', 'cmake_prefix_path')
[79.588s] INFO:colcon.colcon_core.shell:Creating environment hook '/home/hyperlabs/Desktop/imprimis/imprimis_ws/install/imprimis/share/imprimis/hook/cmake_prefix_path.ps1'
[79.588s] INFO:colcon.colcon_core.shell:Creating environment descriptor '/home/hyperlabs/Desktop/imprimis/imprimis_ws/install/imprimis/share/imprimis/hook/cmake_prefix_path.dsv'
[79.589s] INFO:colcon.colcon_core.shell:Creating environment hook '/home/hyperlabs/Desktop/imprimis/imprimis_ws/install/imprimis/share/imprimis/hook/cmake_prefix_path.sh'
[79.589s] Level 1:colcon.colcon_core.environment:checking '/home/hyperlabs/Desktop/imprimis/imprimis_ws/install/imprimis/bin'
[79.589s] Level 1:colcon.colcon_core.environment:checking '/home/hyperlabs/Desktop/imprimis/imprimis_ws/install/imprimis/lib/pkgconfig/imprimis.pc'
[79.589s] Level 1:colcon.colcon_core.environment:checking '/home/hyperlabs/Desktop/imprimis/imprimis_ws/install/imprimis/lib/python3.8/site-packages'
[79.589s] Level 1:colcon.colcon_core.environment:checking '/home/hyperlabs/Desktop/imprimis/imprimis_ws/install/imprimis/bin'
[79.654s] INFO:colcon.colcon_core.shell:Creating package script '/home/hyperlabs/Desktop/imprimis/imprimis_ws/install/imprimis/share/imprimis/package.ps1'
[79.655s] INFO:colcon.colcon_core.shell:Creating package descriptor '/home/hyperlabs/Desktop/imprimis/imprimis_ws/install/imprimis/share/imprimis/package.dsv'
[79.655s] INFO:colcon.colcon_core.shell:Creating package script '/home/hyperlabs/Desktop/imprimis/imprimis_ws/install/imprimis/share/imprimis/package.sh'
[79.655s] INFO:colcon.colcon_core.shell:Creating package script '/home/hyperlabs/Desktop/imprimis/imprimis_ws/install/imprimis/share/imprimis/package.bash'
[79.656s] INFO:colcon.colcon_core.shell:Creating package script '/home/hyperlabs/Desktop/imprimis/imprimis_ws/install/imprimis/share/imprimis/package.zsh'
[79.656s] Level 1:colcon.colcon_core.environment:create_file_with_runtime_dependencies(/home/hyperlabs/Desktop/imprimis/imprimis_ws/install/imprimis/share/colcon-core/packages/imprimis)
[79.764s] Level 1:colcon.colcon_core.environment:create_environment_scripts_only(imprimis)
[79.831s] Level 1:colcon.colcon_core.environment:checking '/home/hyperlabs/Desktop/imprimis/imprimis_ws/install/imprimis' for CMake module files
[79.831s] Level 1:colcon.colcon_core.environment:checking '/home/hyperlabs/Desktop/imprimis/imprimis_ws/install/imprimis' for CMake config files
[79.832s] Level 1:colcon.colcon_core.shell:create_environment_hook('imprimis', 'cmake_prefix_path')
[79.899s] INFO:colcon.colcon_core.shell:Creating environment hook '/home/hyperlabs/Desktop/imprimis/imprimis_ws/install/imprimis/share/imprimis/hook/cmake_prefix_path.ps1'
[79.899s] INFO:colcon.colcon_core.shell:Creating environment descriptor '/home/hyperlabs/Desktop/imprimis/imprimis_ws/install/imprimis/share/imprimis/hook/cmake_prefix_path.dsv'
[79.899s] INFO:colcon.colcon_core.shell:Creating environment hook '/home/hyperlabs/Desktop/imprimis/imprimis_ws/install/imprimis/share/imprimis/hook/cmake_prefix_path.sh'
[79.900s] Level 1:colcon.colcon_core.environment:checking '/home/hyperlabs/Desktop/imprimis/imprimis_ws/install/imprimis/bin'
[79.900s] Level 1:colcon.colcon_core.environment:checking '/home/hyperlabs/Desktop/imprimis/imprimis_ws/install/imprimis/lib/pkgconfig/imprimis.pc'
[79.900s] Level 1:colcon.colcon_core.environment:checking '/home/hyperlabs/Desktop/imprimis/imprimis_ws/install/imprimis/lib/python3.8/site-packages'
[79.900s] Level 1:colcon.colcon_core.environment:checking '/home/hyperlabs/Desktop/imprimis/imprimis_ws/install/imprimis/bin'
[79.964s] INFO:colcon.colcon_core.shell:Creating package script '/home/hyperlabs/Desktop/imprimis/imprimis_ws/install/imprimis/share/imprimis/package.ps1'
[79.965s] INFO:colcon.colcon_core.shell:Creating package descriptor '/home/hyperlabs/Desktop/imprimis/imprimis_ws/install/imprimis/share/imprimis/package.dsv'
[79.965s] INFO:colcon.colcon_core.shell:Creating package script '/home/hyperlabs/Desktop/imprimis/imprimis_ws/install/imprimis/share/imprimis/package.sh'
[79.965s] INFO:colcon.colcon_core.shell:Creating package script '/home/hyperlabs/Desktop/imprimis/imprimis_ws/install/imprimis/share/imprimis/package.bash'
[79.966s] INFO:colcon.colcon_core.shell:Creating package script '/home/hyperlabs/Desktop/imprimis/imprimis_ws/install/imprimis/share/imprimis/package.zsh'
[79.966s] Level 1:colcon.colcon_core.environment:create_file_with_runtime_dependencies(/home/hyperlabs/Desktop/imprimis/imprimis_ws/install/imprimis/share/colcon-core/packages/imprimis)
[79.966s] DEBUG:colcon.colcon_parallel_executor.executor.parallel:closing loop
[79.966s] DEBUG:colcon.colcon_parallel_executor.executor.parallel:loop closed
[79.966s] DEBUG:colcon.colcon_parallel_executor.executor.parallel:run_until_complete finished with '0'
[79.966s] DEBUG:colcon.colcon_core.event_reactor:joining thread
[80.041s] INFO:colcon.colcon_core.plugin_system:Skipping extension 'colcon_notification.desktop_notification.terminal_notifier': Not used on non-Darwin systems
[80.041s] INFO:colcon.colcon_core.plugin_system:Skipping extension 'colcon_notification.desktop_notification.win32': Not used on non-Windows systems
[80.041s] INFO:colcon.colcon_notification.desktop_notification:Sending desktop notification using 'notify2'
[80.056s] DEBUG:colcon.colcon_core.event_reactor:joined thread
[80.120s] INFO:colcon.colcon_core.shell:Creating prefix script '/home/hyperlabs/Desktop/imprimis/imprimis_ws/install/local_setup.ps1'
[80.121s] INFO:colcon.colcon_core.shell:Creating prefix util module '/home/hyperlabs/Desktop/imprimis/imprimis_ws/install/_local_setup_util_ps1.py'
[80.122s] INFO:colcon.colcon_core.shell:Creating prefix chain script '/home/hyperlabs/Desktop/imprimis/imprimis_ws/install/setup.ps1'
[80.190s] INFO:colcon.colcon_core.shell:Creating prefix script '/home/hyperlabs/Desktop/imprimis/imprimis_ws/install/local_setup.sh'
[80.191s] INFO:colcon.colcon_core.shell:Creating prefix util module '/home/hyperlabs/Desktop/imprimis/imprimis_ws/install/_local_setup_util_sh.py'
[80.191s] INFO:colcon.colcon_core.shell:Creating prefix chain script '/home/hyperlabs/Desktop/imprimis/imprimis_ws/install/setup.sh'
[80.257s] INFO:colcon.colcon_core.shell:Creating prefix script '/home/hyperlabs/Desktop/imprimis/imprimis_ws/install/local_setup.bash'
[80.258s] INFO:colcon.colcon_core.shell:Creating prefix chain script '/home/hyperlabs/Desktop/imprimis/imprimis_ws/install/setup.bash'
[80.324s] INFO:colcon.colcon_core.shell:Creating prefix script '/home/hyperlabs/Desktop/imprimis/imprimis_ws/install/local_setup.zsh'
[80.324s] INFO:colcon.colcon_core.shell:Creating prefix chain script '/home/hyperlabs/Desktop/imprimis/imprimis_ws/install/setup.zsh'
