[0.670s] Invoking command in '/imprimis_project/imprimis/imprimis_ws/build/imprimis': CMAKE_PREFIX_PATH=/opt/ros/foxy /usr/bin/cmake /imprimis_project/imprimis/imprimis_ws/src/imprimis -DAMENT_CMAKE_SYMLINK_INSTALL=1 -DCMAKE_INSTALL_PREFIX=/imprimis_project/imprimis/imprimis_ws/install/imprimis
[1.874s] -- The C compiler identification is GNU 9.4.0
[2.911s] -- The CXX compiler identification is GNU 9.4.0
[3.078s] -- Check for working C compiler: /usr/bin/cc
[4.352s] -- Check for working C compiler: /usr/bin/cc -- works
[4.378s] -- Detecting C compiler ABI info
[5.641s] -- Detecting C compiler ABI info - done
[5.702s] -- Detecting C compile features
[5.704s] -- Detecting C compile features - done
[5.880s] -- Check for working CXX compiler: /usr/bin/c++
[8.617s] -- Check for working CXX compiler: /usr/bin/c++ -- works
[8.681s] -- Detecting CXX compiler ABI info
[16.578s] -- Detecting CXX compiler ABI info - done
[17.083s] -- Detecting CXX compile features
[17.094s] -- Detecting CXX compile features - done
[17.873s] -- Found ament_cmake: 0.9.12 (/opt/ros/foxy/share/ament_cmake/cmake)
[17.878s] -- Found PythonInterp: /usr/bin/python3 (found suitable version "3.8.10", minimum required is "3") 
[17.920s] -- Using PYTHON_EXECUTABLE: /usr/bin/python3
[19.168s] -- Override CMake install command with custom implementation using symlinks instead of copying resources
[21.289s] -- Found ament_lint_auto: 0.9.8 (/opt/ros/foxy/share/ament_lint_auto/cmake)
[27.148s] -- Added test 'copyright' to check source files copyright and LICENSE
[47.799s] -- Added test 'flake8' to check Python code syntax and style conventions
[48.740s] -- Added test 'lint_cmake' to check CMake code style
[49.109s] -- Added test 'pep257' to check Python code against some of the style conventions in PEP 257
[63.251s] -- Added test 'xmllint' to check XML markup files
[65.567s] -- Configuring done
[68.613s] -- Generating done
[69.019s] -- Build files have been written to: /imprimis_project/imprimis/imprimis_ws/build/imprimis
[69.022s] Invoked command in '/imprimis_project/imprimis/imprimis_ws/build/imprimis' returned '0': CMAKE_PREFIX_PATH=/opt/ros/foxy /usr/bin/cmake /imprimis_project/imprimis/imprimis_ws/src/imprimis -DAMENT_CMAKE_SYMLINK_INSTALL=1 -DCMAKE_INSTALL_PREFIX=/imprimis_project/imprimis/imprimis_ws/install/imprimis
[69.044s] Invoking command in '/imprimis_project/imprimis/imprimis_ws/build/imprimis': CMAKE_PREFIX_PATH=/opt/ros/foxy /usr/bin/cmake --build /imprimis_project/imprimis/imprimis_ws/build/imprimis -- -j20 -l20
[69.960s] Invoked command in '/imprimis_project/imprimis/imprimis_ws/build/imprimis' returned '0': CMAKE_PREFIX_PATH=/opt/ros/foxy /usr/bin/cmake --build /imprimis_project/imprimis/imprimis_ws/build/imprimis -- -j20 -l20
[70.285s] Invoking command in '/imprimis_project/imprimis/imprimis_ws/build/imprimis': CMAKE_PREFIX_PATH=/opt/ros/foxy /usr/bin/cmake --install /imprimis_project/imprimis/imprimis_ws/build/imprimis
[70.415s] -- Install configuration: ""
[70.546s] -- Execute custom install script
[72.325s] -- Symlinking: /imprimis_project/imprimis/imprimis_ws/install/imprimis/share/imprimis/config/bot.rviz
[72.401s] -- Symlinking: /imprimis_project/imprimis/imprimis_ws/install/imprimis/share/imprimis/config/ekf.yaml
[72.949s] -- Symlinking: /imprimis_project/imprimis/imprimis_ws/install/imprimis/share/imprimis/config/ekf1.yaml
[73.345s] -- Symlinking: /imprimis_project/imprimis/imprimis_ws/install/imprimis/share/imprimis/config/empty.yaml
[73.476s] -- Symlinking: /imprimis_project/imprimis/imprimis_ws/install/imprimis/share/imprimis/config/frames.gv
[73.554s] -- Symlinking: /imprimis_project/imprimis/imprimis_ws/install/imprimis/share/imprimis/config/frames.pdf
[73.636s] -- Symlinking: /imprimis_project/imprimis/imprimis_ws/install/imprimis/share/imprimis/config/mapper_params_online_async.yaml
[73.752s] -- Symlinking: /imprimis_project/imprimis/imprimis_ws/install/imprimis/share/imprimis/config/my_controllers.yaml
[73.881s] -- Symlinking: /imprimis_project/imprimis/imprimis_ws/install/imprimis/share/imprimis/config/urdf_config.rviz
[74.505s] -- Symlinking: /imprimis_project/imprimis/imprimis_ws/install/imprimis/share/imprimis/description/camera.xacro
[74.975s] -- Symlinking: /imprimis_project/imprimis/imprimis_ws/install/imprimis/share/imprimis/description/gazebo_control.xacro
[75.514s] -- Symlinking: /imprimis_project/imprimis/imprimis_ws/install/imprimis/share/imprimis/description/imu.xacro
[76.362s] -- Symlinking: /imprimis_project/imprimis/imprimis_ws/install/imprimis/share/imprimis/description/inertial_macros.xacro
[76.878s] -- Symlinking: /imprimis_project/imprimis/imprimis_ws/install/imprimis/share/imprimis/description/lidar.xacro
[76.958s] -- Symlinking: /imprimis_project/imprimis/imprimis_ws/install/imprimis/share/imprimis/description/robot.urdf.xacro
[77.047s] -- Symlinking: /imprimis_project/imprimis/imprimis_ws/install/imprimis/share/imprimis/description/robot_core.xacro
[77.102s] -- Symlinking: /imprimis_project/imprimis/imprimis_ws/install/imprimis/share/imprimis/description/ros2_control.xacro
[77.148s] -- Symlinking: /imprimis_project/imprimis/imprimis_ws/install/imprimis/share/imprimis/description/sam_bot_description.urdf
[77.221s] -- Symlinking: /imprimis_project/imprimis/imprimis_ws/install/imprimis/share/imprimis/launch/display.launch.py
[77.316s] -- Symlinking: /imprimis_project/imprimis/imprimis_ws/install/imprimis/share/imprimis/launch/launch_sim.launch.py
[77.661s] -- Symlinking: /imprimis_project/imprimis/imprimis_ws/install/imprimis/share/imprimis/launch/rsp.launch.py
[78.267s] -- Symlinking: /imprimis_project/imprimis/imprimis_ws/install/imprimis/share/imprimis/worlds/coneland.world
[78.310s] -- Symlinking: /imprimis_project/imprimis/imprimis_ws/install/imprimis/share/imprimis/worlds/empty.world
[78.344s] -- Symlinking: /imprimis_project/imprimis/imprimis_ws/install/imprimis/share/imprimis/worlds/my_world.sdf
[78.416s] -- Symlinking: /imprimis_project/imprimis/imprimis_ws/install/imprimis/share/ament_index/resource_index/package_run_dependencies/imprimis
[78.588s] -- Symlinking: /imprimis_project/imprimis/imprimis_ws/install/imprimis/share/ament_index/resource_index/parent_prefix_path/imprimis
[79.456s] -- Symlinking: /imprimis_project/imprimis/imprimis_ws/install/imprimis/share/imprimis/environment/ament_prefix_path.sh
[79.639s] -- Symlinking: /imprimis_project/imprimis/imprimis_ws/install/imprimis/share/imprimis/environment/ament_prefix_path.dsv
[80.059s] -- Symlinking: /imprimis_project/imprimis/imprimis_ws/install/imprimis/share/imprimis/environment/path.sh
[80.630s] -- Symlinking: /imprimis_project/imprimis/imprimis_ws/install/imprimis/share/imprimis/environment/path.dsv
[80.896s] -- Symlinking: /imprimis_project/imprimis/imprimis_ws/install/imprimis/share/imprimis/local_setup.bash
[81.078s] -- Symlinking: /imprimis_project/imprimis/imprimis_ws/install/imprimis/share/imprimis/local_setup.sh
[81.964s] -- Symlinking: /imprimis_project/imprimis/imprimis_ws/install/imprimis/share/imprimis/local_setup.zsh
[82.056s] -- Symlinking: /imprimis_project/imprimis/imprimis_ws/install/imprimis/share/imprimis/local_setup.dsv
[82.095s] -- Symlinking: /imprimis_project/imprimis/imprimis_ws/install/imprimis/share/imprimis/package.dsv
[82.166s] -- Symlinking: /imprimis_project/imprimis/imprimis_ws/install/imprimis/share/ament_index/resource_index/packages/imprimis
[82.435s] -- Symlinking: /imprimis_project/imprimis/imprimis_ws/install/imprimis/share/imprimis/cmake/imprimisConfig.cmake
[83.022s] -- Symlinking: /imprimis_project/imprimis/imprimis_ws/install/imprimis/share/imprimis/cmake/imprimisConfig-version.cmake
[83.721s] -- Symlinking: /imprimis_project/imprimis/imprimis_ws/install/imprimis/share/imprimis/package.xml
[84.218s] Invoked command in '/imprimis_project/imprimis/imprimis_ws/build/imprimis' returned '0': CMAKE_PREFIX_PATH=/opt/ros/foxy /usr/bin/cmake --install /imprimis_project/imprimis/imprimis_ws/build/imprimis
