-- Install configuration: ""
-- Execute custom install script
-- Up-to-date symlink: /home/hyperlabs/Desktop/imprimis/imprimis_ws/install/imprimis/share/imprimis/config/bot.rviz
-- Up-to-date symlink: /home/hyperlabs/Desktop/imprimis/imprimis_ws/install/imprimis/share/imprimis/config/ekf.yaml
-- Up-to-date symlink: /home/hyperlabs/Desktop/imprimis/imprimis_ws/install/imprimis/share/imprimis/config/empty.yaml
-- Up-to-date symlink: /home/hyperlabs/Desktop/imprimis/imprimis_ws/install/imprimis/share/imprimis/config/mapper_params_online_async.yaml
-- Up-to-date symlink: /home/hyperlabs/Desktop/imprimis/imprimis_ws/install/imprimis/share/imprimis/description/camera.xacro
-- Up-to-date symlink: /home/hyperlabs/Desktop/imprimis/imprimis_ws/install/imprimis/share/imprimis/description/gazebo_control.xacro
-- Up-to-date symlink: /home/hyperlabs/Desktop/imprimis/imprimis_ws/install/imprimis/share/imprimis/description/imu.xacro
-- Up-to-date symlink: /home/hyperlabs/Desktop/imprimis/imprimis_ws/install/imprimis/share/imprimis/description/inertial_macros.xacro
-- Up-to-date symlink: /home/hyperlabs/Desktop/imprimis/imprimis_ws/install/imprimis/share/imprimis/description/lidar.xacro
-- Up-to-date symlink: /home/hyperlabs/Desktop/imprimis/imprimis_ws/install/imprimis/share/imprimis/description/robot.urdf.xacro
-- Up-to-date symlink: /home/hyperlabs/Desktop/imprimis/imprimis_ws/install/imprimis/share/imprimis/description/robot_core.xacro
-- Up-to-date symlink: /home/hyperlabs/Desktop/imprimis/imprimis_ws/install/imprimis/share/imprimis/launch/launch_sim.launch.py
-- Up-to-date symlink: /home/hyperlabs/Desktop/imprimis/imprimis_ws/install/imprimis/share/imprimis/launch/rsp.launch.py
-- Up-to-date symlink: /home/hyperlabs/Desktop/imprimis/imprimis_ws/install/imprimis/share/imprimis/worlds/coneland.world
-- Up-to-date symlink: /home/hyperlabs/Desktop/imprimis/imprimis_ws/install/imprimis/share/imprimis/worlds/empty.world
-- Up-to-date symlink: /home/hyperlabs/Desktop/imprimis/imprimis_ws/install/imprimis/share/ament_index/resource_index/package_run_dependencies/imprimis
-- Up-to-date symlink: /home/hyperlabs/Desktop/imprimis/imprimis_ws/install/imprimis/share/ament_index/resource_index/parent_prefix_path/imprimis
-- Up-to-date symlink: /home/hyperlabs/Desktop/imprimis/imprimis_ws/install/imprimis/share/imprimis/environment/ament_prefix_path.sh
-- Up-to-date symlink: /home/hyperlabs/Desktop/imprimis/imprimis_ws/install/imprimis/share/imprimis/environment/ament_prefix_path.dsv
-- Up-to-date symlink: /home/hyperlabs/Desktop/imprimis/imprimis_ws/install/imprimis/share/imprimis/environment/path.sh
-- Up-to-date symlink: /home/hyperlabs/Desktop/imprimis/imprimis_ws/install/imprimis/share/imprimis/environment/path.dsv
-- Up-to-date symlink: /home/hyperlabs/Desktop/imprimis/imprimis_ws/install/imprimis/share/imprimis/local_setup.bash
-- Up-to-date symlink: /home/hyperlabs/Desktop/imprimis/imprimis_ws/install/imprimis/share/imprimis/local_setup.sh
-- Up-to-date symlink: /home/hyperlabs/Desktop/imprimis/imprimis_ws/install/imprimis/share/imprimis/local_setup.zsh
-- Up-to-date symlink: /home/hyperlabs/Desktop/imprimis/imprimis_ws/install/imprimis/share/imprimis/local_setup.dsv
-- Symlinking: /home/hyperlabs/Desktop/imprimis/imprimis_ws/install/imprimis/share/imprimis/package.dsv
-- Up-to-date symlink: /home/hyperlabs/Desktop/imprimis/imprimis_ws/install/imprimis/share/ament_index/resource_index/packages/imprimis
-- Up-to-date symlink: /home/hyperlabs/Desktop/imprimis/imprimis_ws/install/imprimis/share/imprimis/cmake/imprimisConfig.cmake
-- Up-to-date symlink: /home/hyperlabs/Desktop/imprimis/imprimis_ws/install/imprimis/share/imprimis/cmake/imprimisConfig-version.cmake
-- Up-to-date symlink: /home/hyperlabs/Desktop/imprimis/imprimis_ws/install/imprimis/share/imprimis/package.xml
