[0.232s] DEBUG:colcon:Command line arguments: ['/usr/bin/colcon', 'build', '--symlink-install']
[0.232s] DEBUG:colcon:Parsed command line arguments: Namespace(allow_overriding=[], ament_cmake_args=None, base_paths=['.'], build_base='build', catkin_cmake_args=None, catkin_skip_building_tests=False, cmake_args=None, cmake_clean_cache=False, cmake_clean_first=False, cmake_force_configure=False, cmake_target=None, cmake_target_skip_unavailable=False, continue_on_error=False, event_handlers=None, executor='parallel', ignore_user_meta=False, install_base='install', log_base=None, log_level=None, main=<bound method BuildVerb.main of <colcon_core.verb.build.BuildVerb object at 0x7fcf394c07c0>>, merge_install=False, metas=['./colcon.meta'], packages_above=None, packages_above_and_dependencies=None, packages_above_depth=None, packages_end=None, packages_ignore=None, packages_ignore_regex=None, packages_select=None, packages_select_build_failed=False, packages_select_by_dep=None, packages_select_regex=None, packages_select_test_failures=False, packages_skip=None, packages_skip_build_finished=False, packages_skip_by_dep=None, packages_skip_regex=None, packages_skip_test_passed=False, packages_skip_up_to=None, packages_start=None, packages_up_to=None, packages_up_to_regex=None, parallel_workers=4, paths=None, symlink_install=True, test_result_base=None, verb_extension=<colcon_core.verb.build.BuildVerb object at 0x7fcf394c07c0>, verb_name='build', verb_parser=<colcon_defaults.argument_parser.defaults.DefaultArgumentsDecorator object at 0x7fcf394c0f40>)
[0.373s] Level 1:colcon.colcon_core.package_discovery:discover_packages(colcon_meta) check parameters
[0.373s] Level 1:colcon.colcon_core.package_discovery:discover_packages(recursive) check parameters
[0.373s] Level 1:colcon.colcon_core.package_discovery:discover_packages(ignore) check parameters
[0.373s] Level 1:colcon.colcon_core.package_discovery:discover_packages(path) check parameters
[0.373s] Level 1:colcon.colcon_core.package_discovery:discover_packages(colcon_meta) discover
[0.374s] Level 1:colcon.colcon_core.package_discovery:discover_packages(recursive) discover
[0.374s] INFO:colcon.colcon_core.package_discovery:Crawling recursively for packages in '/home/vboxuser/imprimis/imprimis_ws'
[0.374s] Level 1:colcon.colcon_core.package_identification:_identify(.) by extensions ['ignore', 'ignore_ament_install']
[0.374s] Level 1:colcon.colcon_core.package_identification:_identify(.) by extension 'ignore'
[0.374s] Level 1:colcon.colcon_core.package_identification:_identify(.) by extension 'ignore_ament_install'
[0.374s] Level 1:colcon.colcon_core.package_identification:_identify(.) by extensions ['colcon_pkg']
[0.374s] Level 1:colcon.colcon_core.package_identification:_identify(.) by extension 'colcon_pkg'
[0.374s] Level 1:colcon.colcon_core.package_identification:_identify(.) by extensions ['colcon_meta']
[0.374s] Level 1:colcon.colcon_core.package_identification:_identify(.) by extension 'colcon_meta'
[0.374s] Level 1:colcon.colcon_core.package_identification:_identify(.) by extensions ['ros']
[0.374s] Level 1:colcon.colcon_core.package_identification:_identify(.) by extension 'ros'
[0.382s] Level 1:colcon.colcon_core.package_identification:_identify(.) by extensions ['cmake', 'python']
[0.382s] Level 1:colcon.colcon_core.package_identification:_identify(.) by extension 'cmake'
[0.382s] Level 1:colcon.colcon_core.package_identification:_identify(.) by extension 'python'
[0.382s] Level 1:colcon.colcon_core.package_identification:_identify(.) by extensions ['python_setup_py']
[0.382s] Level 1:colcon.colcon_core.package_identification:_identify(.) by extension 'python_setup_py'
[0.382s] Level 1:colcon.colcon_core.package_identification:_identify(build) by extensions ['ignore', 'ignore_ament_install']
[0.383s] Level 1:colcon.colcon_core.package_identification:_identify(build) by extension 'ignore'
[0.383s] Level 1:colcon.colcon_core.package_identification:_identify(build) ignored
[0.383s] Level 1:colcon.colcon_core.package_identification:_identify(install) by extensions ['ignore', 'ignore_ament_install']
[0.383s] Level 1:colcon.colcon_core.package_identification:_identify(install) by extension 'ignore'
[0.383s] Level 1:colcon.colcon_core.package_identification:_identify(install) ignored
[0.383s] Level 1:colcon.colcon_core.package_identification:_identify(log) by extensions ['ignore', 'ignore_ament_install']
[0.383s] Level 1:colcon.colcon_core.package_identification:_identify(log) by extension 'ignore'
[0.383s] Level 1:colcon.colcon_core.package_identification:_identify(log) ignored
[0.383s] Level 1:colcon.colcon_core.package_identification:_identify(src) by extensions ['ignore', 'ignore_ament_install']
[0.383s] Level 1:colcon.colcon_core.package_identification:_identify(src) by extension 'ignore'
[0.383s] Level 1:colcon.colcon_core.package_identification:_identify(src) by extension 'ignore_ament_install'
[0.383s] Level 1:colcon.colcon_core.package_identification:_identify(src) by extensions ['colcon_pkg']
[0.383s] Level 1:colcon.colcon_core.package_identification:_identify(src) by extension 'colcon_pkg'
[0.383s] Level 1:colcon.colcon_core.package_identification:_identify(src) by extensions ['colcon_meta']
[0.383s] Level 1:colcon.colcon_core.package_identification:_identify(src) by extension 'colcon_meta'
[0.383s] Level 1:colcon.colcon_core.package_identification:_identify(src) by extensions ['ros']
[0.383s] Level 1:colcon.colcon_core.package_identification:_identify(src) by extension 'ros'
[0.383s] Level 1:colcon.colcon_core.package_identification:_identify(src) by extensions ['cmake', 'python']
[0.383s] Level 1:colcon.colcon_core.package_identification:_identify(src) by extension 'cmake'
[0.383s] Level 1:colcon.colcon_core.package_identification:_identify(src) by extension 'python'
[0.383s] Level 1:colcon.colcon_core.package_identification:_identify(src) by extensions ['python_setup_py']
[0.383s] Level 1:colcon.colcon_core.package_identification:_identify(src) by extension 'python_setup_py'
[0.383s] Level 1:colcon.colcon_core.package_identification:_identify(src/imprimis) by extensions ['ignore', 'ignore_ament_install']
[0.383s] Level 1:colcon.colcon_core.package_identification:_identify(src/imprimis) by extension 'ignore'
[0.384s] Level 1:colcon.colcon_core.package_identification:_identify(src/imprimis) by extension 'ignore_ament_install'
[0.384s] Level 1:colcon.colcon_core.package_identification:_identify(src/imprimis) by extensions ['colcon_pkg']
[0.384s] Level 1:colcon.colcon_core.package_identification:_identify(src/imprimis) by extension 'colcon_pkg'
[0.384s] Level 1:colcon.colcon_core.package_identification:_identify(src/imprimis) by extensions ['colcon_meta']
[0.384s] Level 1:colcon.colcon_core.package_identification:_identify(src/imprimis) by extension 'colcon_meta'
[0.384s] Level 1:colcon.colcon_core.package_identification:_identify(src/imprimis) by extensions ['ros']
[0.384s] Level 1:colcon.colcon_core.package_identification:_identify(src/imprimis) by extension 'ros'
[0.385s] DEBUG:colcon.colcon_core.package_identification:Package 'src/imprimis' with type 'ros.ament_cmake' and name 'imprimis'
[0.385s] Level 1:colcon.colcon_core.package_discovery:discover_packages(recursive) using defaults
[0.385s] Level 1:colcon.colcon_core.package_discovery:discover_packages(ignore) discover
[0.385s] Level 1:colcon.colcon_core.package_discovery:discover_packages(ignore) using defaults
[0.385s] Level 1:colcon.colcon_core.package_discovery:discover_packages(path) discover
[0.385s] Level 1:colcon.colcon_core.package_discovery:discover_packages(path) using defaults
[0.408s] Level 1:colcon.colcon_core.package_discovery:discover_packages(prefix_path) check parameters
[0.408s] Level 1:colcon.colcon_core.package_discovery:discover_packages(prefix_path) discover
[0.412s] DEBUG:colcon.colcon_installed_package_information.package_discovery:Found 1 installed packages in /home/vboxuser/imprimis/imprimis_ws/install
[0.413s] DEBUG:colcon.colcon_installed_package_information.package_discovery:Found 286 installed packages in /opt/ros/foxy
[0.414s] Level 1:colcon.colcon_core.package_discovery:discover_packages(prefix_path) using defaults
[0.486s] Level 5:colcon.colcon_core.verb:set package 'imprimis' build argument 'cmake_args' from command line to 'None'
[0.486s] Level 5:colcon.colcon_core.verb:set package 'imprimis' build argument 'cmake_target' from command line to 'None'
[0.486s] Level 5:colcon.colcon_core.verb:set package 'imprimis' build argument 'cmake_target_skip_unavailable' from command line to 'False'
[0.486s] Level 5:colcon.colcon_core.verb:set package 'imprimis' build argument 'cmake_clean_cache' from command line to 'False'
[0.487s] Level 5:colcon.colcon_core.verb:set package 'imprimis' build argument 'cmake_clean_first' from command line to 'False'
[0.487s] Level 5:colcon.colcon_core.verb:set package 'imprimis' build argument 'cmake_force_configure' from command line to 'False'
[0.487s] Level 5:colcon.colcon_core.verb:set package 'imprimis' build argument 'ament_cmake_args' from command line to 'None'
[0.487s] Level 5:colcon.colcon_core.verb:set package 'imprimis' build argument 'catkin_cmake_args' from command line to 'None'
[0.487s] Level 5:colcon.colcon_core.verb:set package 'imprimis' build argument 'catkin_skip_building_tests' from command line to 'False'
[0.487s] DEBUG:colcon.colcon_core.verb:Building package 'imprimis' with the following arguments: {'ament_cmake_args': None, 'build_base': '/home/vboxuser/imprimis/imprimis_ws/build/imprimis', 'catkin_cmake_args': None, 'catkin_skip_building_tests': False, 'cmake_args': None, 'cmake_clean_cache': False, 'cmake_clean_first': False, 'cmake_force_configure': False, 'cmake_target': None, 'cmake_target_skip_unavailable': False, 'install_base': '/home/vboxuser/imprimis/imprimis_ws/install/imprimis', 'merge_install': False, 'path': '/home/vboxuser/imprimis/imprimis_ws/src/imprimis', 'symlink_install': True, 'test_result_base': None}
[0.487s] INFO:colcon.colcon_core.executor:Executing jobs using 'parallel' executor
[0.488s] DEBUG:colcon.colcon_parallel_executor.executor.parallel:run_until_complete
[0.488s] INFO:colcon.colcon_ros.task.ament_cmake.build:Building ROS package in '/home/vboxuser/imprimis/imprimis_ws/src/imprimis' with build type 'ament_cmake'
[0.489s] INFO:colcon.colcon_cmake.task.cmake.build:Building CMake package in '/home/vboxuser/imprimis/imprimis_ws/src/imprimis'
[0.497s] INFO:colcon.colcon_core.plugin_system:Skipping extension 'colcon_core.shell.bat': Not used on non-Windows systems
[0.497s] INFO:colcon.colcon_core.shell:Skip shell extension 'powershell' for command environment: Not usable outside of PowerShell
[0.497s] DEBUG:colcon.colcon_core.shell:Skip shell extension 'dsv' for command environment
[0.511s] DEBUG:colcon.colcon_core.event_handler.log_command:Invoking command in '/home/vboxuser/imprimis/imprimis_ws/build/imprimis': CMAKE_PREFIX_PATH=${CMAKE_PREFIX_PATH}:/opt/ros/foxy /usr/bin/cmake --build /home/vboxuser/imprimis/imprimis_ws/build/imprimis -- -j4 -l4
[0.906s] DEBUG:colcon.colcon_core.event_handler.log_command:Invoked command in '/home/vboxuser/imprimis/imprimis_ws/build/imprimis' returned '0': CMAKE_PREFIX_PATH=${CMAKE_PREFIX_PATH}:/opt/ros/foxy /usr/bin/cmake --build /home/vboxuser/imprimis/imprimis_ws/build/imprimis -- -j4 -l4
[0.936s] DEBUG:colcon.colcon_core.event_handler.log_command:Invoking command in '/home/vboxuser/imprimis/imprimis_ws/build/imprimis': CMAKE_PREFIX_PATH=${CMAKE_PREFIX_PATH}:/opt/ros/foxy /usr/bin/cmake --install /home/vboxuser/imprimis/imprimis_ws/build/imprimis
[0.961s] Level 1:colcon.colcon_core.environment:create_environment_scripts_only(imprimis)
[0.962s] DEBUG:colcon.colcon_core.event_handler.log_command:Invoked command in '/home/vboxuser/imprimis/imprimis_ws/build/imprimis' returned '0': CMAKE_PREFIX_PATH=${CMAKE_PREFIX_PATH}:/opt/ros/foxy /usr/bin/cmake --install /home/vboxuser/imprimis/imprimis_ws/build/imprimis
[0.973s] Level 1:colcon.colcon_core.environment:checking '/home/vboxuser/imprimis/imprimis_ws/install/imprimis' for CMake module files
[0.974s] Level 1:colcon.colcon_core.environment:checking '/home/vboxuser/imprimis/imprimis_ws/install/imprimis' for CMake config files
[0.975s] Level 1:colcon.colcon_core.shell:create_environment_hook('imprimis', 'cmake_prefix_path')
[0.975s] INFO:colcon.colcon_core.shell:Creating environment hook '/home/vboxuser/imprimis/imprimis_ws/install/imprimis/share/imprimis/hook/cmake_prefix_path.ps1'
[0.977s] INFO:colcon.colcon_core.shell:Creating environment descriptor '/home/vboxuser/imprimis/imprimis_ws/install/imprimis/share/imprimis/hook/cmake_prefix_path.dsv'
[0.979s] INFO:colcon.colcon_core.shell:Creating environment hook '/home/vboxuser/imprimis/imprimis_ws/install/imprimis/share/imprimis/hook/cmake_prefix_path.sh'
[0.980s] Level 1:colcon.colcon_core.environment:checking '/home/vboxuser/imprimis/imprimis_ws/install/imprimis/bin'
[0.981s] Level 1:colcon.colcon_core.environment:checking '/home/vboxuser/imprimis/imprimis_ws/install/imprimis/lib/pkgconfig/imprimis.pc'
[0.981s] Level 1:colcon.colcon_core.environment:checking '/home/vboxuser/imprimis/imprimis_ws/install/imprimis/lib/python3.8/site-packages'
[0.981s] Level 1:colcon.colcon_core.environment:checking '/home/vboxuser/imprimis/imprimis_ws/install/imprimis/bin'
[0.981s] INFO:colcon.colcon_core.shell:Creating package script '/home/vboxuser/imprimis/imprimis_ws/install/imprimis/share/imprimis/package.ps1'
[0.982s] INFO:colcon.colcon_core.shell:Creating package descriptor '/home/vboxuser/imprimis/imprimis_ws/install/imprimis/share/imprimis/package.dsv'
[0.983s] INFO:colcon.colcon_core.shell:Creating package script '/home/vboxuser/imprimis/imprimis_ws/install/imprimis/share/imprimis/package.sh'
[0.984s] INFO:colcon.colcon_core.shell:Creating package script '/home/vboxuser/imprimis/imprimis_ws/install/imprimis/share/imprimis/package.bash'
[0.986s] INFO:colcon.colcon_core.shell:Creating package script '/home/vboxuser/imprimis/imprimis_ws/install/imprimis/share/imprimis/package.zsh'
[0.987s] Level 1:colcon.colcon_core.environment:create_file_with_runtime_dependencies(/home/vboxuser/imprimis/imprimis_ws/install/imprimis/share/colcon-core/packages/imprimis)
[1.011s] Level 1:colcon.colcon_core.environment:create_environment_scripts_only(imprimis)
[1.011s] Level 1:colcon.colcon_core.environment:checking '/home/vboxuser/imprimis/imprimis_ws/install/imprimis' for CMake module files
[1.012s] Level 1:colcon.colcon_core.environment:checking '/home/vboxuser/imprimis/imprimis_ws/install/imprimis' for CMake config files
[1.012s] Level 1:colcon.colcon_core.shell:create_environment_hook('imprimis', 'cmake_prefix_path')
[1.012s] INFO:colcon.colcon_core.shell:Creating environment hook '/home/vboxuser/imprimis/imprimis_ws/install/imprimis/share/imprimis/hook/cmake_prefix_path.ps1'
[1.013s] INFO:colcon.colcon_core.shell:Creating environment descriptor '/home/vboxuser/imprimis/imprimis_ws/install/imprimis/share/imprimis/hook/cmake_prefix_path.dsv'
[1.013s] INFO:colcon.colcon_core.shell:Creating environment hook '/home/vboxuser/imprimis/imprimis_ws/install/imprimis/share/imprimis/hook/cmake_prefix_path.sh'
[1.014s] Level 1:colcon.colcon_core.environment:checking '/home/vboxuser/imprimis/imprimis_ws/install/imprimis/bin'
[1.014s] Level 1:colcon.colcon_core.environment:checking '/home/vboxuser/imprimis/imprimis_ws/install/imprimis/lib/pkgconfig/imprimis.pc'
[1.015s] Level 1:colcon.colcon_core.environment:checking '/home/vboxuser/imprimis/imprimis_ws/install/imprimis/lib/python3.8/site-packages'
[1.015s] Level 1:colcon.colcon_core.environment:checking '/home/vboxuser/imprimis/imprimis_ws/install/imprimis/bin'
[1.015s] INFO:colcon.colcon_core.shell:Creating package script '/home/vboxuser/imprimis/imprimis_ws/install/imprimis/share/imprimis/package.ps1'
[1.016s] INFO:colcon.colcon_core.shell:Creating package descriptor '/home/vboxuser/imprimis/imprimis_ws/install/imprimis/share/imprimis/package.dsv'
[1.016s] INFO:colcon.colcon_core.shell:Creating package script '/home/vboxuser/imprimis/imprimis_ws/install/imprimis/share/imprimis/package.sh'
[1.017s] INFO:colcon.colcon_core.shell:Creating package script '/home/vboxuser/imprimis/imprimis_ws/install/imprimis/share/imprimis/package.bash'
[1.017s] INFO:colcon.colcon_core.shell:Creating package script '/home/vboxuser/imprimis/imprimis_ws/install/imprimis/share/imprimis/package.zsh'
[1.018s] Level 1:colcon.colcon_core.environment:create_file_with_runtime_dependencies(/home/vboxuser/imprimis/imprimis_ws/install/imprimis/share/colcon-core/packages/imprimis)
[1.019s] DEBUG:colcon.colcon_parallel_executor.executor.parallel:closing loop
[1.019s] DEBUG:colcon.colcon_parallel_executor.executor.parallel:loop closed
[1.020s] DEBUG:colcon.colcon_parallel_executor.executor.parallel:run_until_complete finished with '0'
[1.020s] DEBUG:colcon.colcon_core.event_reactor:joining thread
[1.032s] INFO:colcon.colcon_core.plugin_system:Skipping extension 'colcon_notification.desktop_notification.terminal_notifier': Not used on non-Darwin systems
[1.032s] INFO:colcon.colcon_core.plugin_system:Skipping extension 'colcon_notification.desktop_notification.win32': Not used on non-Windows systems
[1.032s] INFO:colcon.colcon_notification.desktop_notification:Sending desktop notification using 'notify2'
[1.065s] DEBUG:colcon.colcon_core.event_reactor:joined thread
[1.065s] INFO:colcon.colcon_core.shell:Creating prefix script '/home/vboxuser/imprimis/imprimis_ws/install/local_setup.ps1'
[1.067s] INFO:colcon.colcon_core.shell:Creating prefix util module '/home/vboxuser/imprimis/imprimis_ws/install/_local_setup_util_ps1.py'
[1.069s] INFO:colcon.colcon_core.shell:Creating prefix chain script '/home/vboxuser/imprimis/imprimis_ws/install/setup.ps1'
[1.072s] INFO:colcon.colcon_core.shell:Creating prefix script '/home/vboxuser/imprimis/imprimis_ws/install/local_setup.sh'
[1.073s] INFO:colcon.colcon_core.shell:Creating prefix util module '/home/vboxuser/imprimis/imprimis_ws/install/_local_setup_util_sh.py'
[1.074s] INFO:colcon.colcon_core.shell:Creating prefix chain script '/home/vboxuser/imprimis/imprimis_ws/install/setup.sh'
[1.075s] INFO:colcon.colcon_core.shell:Creating prefix script '/home/vboxuser/imprimis/imprimis_ws/install/local_setup.bash'
[1.076s] INFO:colcon.colcon_core.shell:Creating prefix chain script '/home/vboxuser/imprimis/imprimis_ws/install/setup.bash'
[1.078s] INFO:colcon.colcon_core.shell:Creating prefix script '/home/vboxuser/imprimis/imprimis_ws/install/local_setup.zsh'
[1.079s] INFO:colcon.colcon_core.shell:Creating prefix chain script '/home/vboxuser/imprimis/imprimis_ws/install/setup.zsh'
