[0.054s] Invoking command in '/home/hyperlabs/Desktop/imprimis/imprimis_ws/build/timmy_bot': CMAKE_PREFIX_PATH=${CMAKE_PREFIX_PATH}:/opt/ros/foxy /usr/bin/cmake /home/hyperlabs/Desktop/imprimis/imprimis_ws/src/timmy_bot -DAMENT_CMAKE_SYMLINK_INSTALL=1 -DCMAKE_INSTALL_PREFIX=/home/hyperlabs/Desktop/imprimis/imprimis_ws/install/timmy_bot
[0.082s] -- The C compiler identification is GNU 9.4.0
[0.107s] -- The CXX compiler identification is GNU 9.4.0
[0.110s] -- Check for working C compiler: /usr/bin/cc
[0.144s] -- Check for working C compiler: /usr/bin/cc -- works
[0.144s] -- Detecting C compiler ABI info
[0.175s] -- Detecting C compiler ABI info - done
[0.180s] -- Detecting C compile features
[0.180s] -- Detecting C compile features - done
[0.182s] -- Check for working CXX compiler: /usr/bin/c++
[0.219s] -- Check for working CXX compiler: /usr/bin/c++ -- works
[0.220s] -- Detecting CXX compiler ABI info
[0.256s] -- Detecting CXX compiler ABI info - done
[0.261s] -- Detecting CXX compile features
[0.262s] -- Detecting CXX compile features - done
[0.263s] -- Found ament_cmake: 0.9.12 (/opt/ros/foxy/share/ament_cmake/cmake)
[0.275s] -- Found PythonInterp: /usr/bin/python3 (found suitable version "3.8.10", minimum required is "3") 
[0.275s] -- Using PYTHON_EXECUTABLE: /usr/bin/python3
[0.340s] -- Override CMake install command with custom implementation using symlinks instead of copying resources
[0.352s] -- Found ament_lint_auto: 0.9.8 (/opt/ros/foxy/share/ament_lint_auto/cmake)
[0.386s] -- Added test 'copyright' to check source files copyright and LICENSE
[0.393s] -- Added test 'flake8' to check Python code syntax and style conventions
[0.394s] -- Added test 'lint_cmake' to check CMake code style
[0.395s] -- Added test 'pep257' to check Python code against some of the style conventions in PEP 257
[0.399s] -- Added test 'xmllint' to check XML markup files
[0.400s] -- Configuring done
[0.401s] -- Generating done
[0.401s] -- Build files have been written to: /home/hyperlabs/Desktop/imprimis/imprimis_ws/build/timmy_bot
[0.405s] Invoked command in '/home/hyperlabs/Desktop/imprimis/imprimis_ws/build/timmy_bot' returned '0': CMAKE_PREFIX_PATH=${CMAKE_PREFIX_PATH}:/opt/ros/foxy /usr/bin/cmake /home/hyperlabs/Desktop/imprimis/imprimis_ws/src/timmy_bot -DAMENT_CMAKE_SYMLINK_INSTALL=1 -DCMAKE_INSTALL_PREFIX=/home/hyperlabs/Desktop/imprimis/imprimis_ws/install/timmy_bot
[0.406s] Invoking command in '/home/hyperlabs/Desktop/imprimis/imprimis_ws/build/timmy_bot': CMAKE_PREFIX_PATH=${CMAKE_PREFIX_PATH}:/opt/ros/foxy /usr/bin/cmake --build /home/hyperlabs/Desktop/imprimis/imprimis_ws/build/timmy_bot -- -j6 -l6
[0.423s] Invoked command in '/home/hyperlabs/Desktop/imprimis/imprimis_ws/build/timmy_bot' returned '0': CMAKE_PREFIX_PATH=${CMAKE_PREFIX_PATH}:/opt/ros/foxy /usr/bin/cmake --build /home/hyperlabs/Desktop/imprimis/imprimis_ws/build/timmy_bot -- -j6 -l6
[0.437s] Invoking command in '/home/hyperlabs/Desktop/imprimis/imprimis_ws/build/timmy_bot': CMAKE_PREFIX_PATH=${CMAKE_PREFIX_PATH}:/opt/ros/foxy /usr/bin/cmake --install /home/hyperlabs/Desktop/imprimis/imprimis_ws/build/timmy_bot
[0.440s] -- Install configuration: ""
[0.441s] -- Execute custom install script
[0.441s] -- Symlinking: /home/hyperlabs/Desktop/imprimis/imprimis_ws/install/timmy_bot/share/timmy_bot/config/bot.rviz
[0.445s] -- Symlinking: /home/hyperlabs/Desktop/imprimis/imprimis_ws/install/timmy_bot/share/timmy_bot/config/empty.yaml
[0.448s] -- Symlinking: /home/hyperlabs/Desktop/imprimis/imprimis_ws/install/timmy_bot/share/timmy_bot/config/mapper_params_online_async.yaml
[0.452s] -- Symlinking: /home/hyperlabs/Desktop/imprimis/imprimis_ws/install/timmy_bot/share/timmy_bot/description/camera.xacro
[0.455s] -- Symlinking: /home/hyperlabs/Desktop/imprimis/imprimis_ws/install/timmy_bot/share/timmy_bot/description/gazebo_control.xacro
[0.458s] -- Symlinking: /home/hyperlabs/Desktop/imprimis/imprimis_ws/install/timmy_bot/share/timmy_bot/description/inertial_macros.xacro
[0.462s] -- Symlinking: /home/hyperlabs/Desktop/imprimis/imprimis_ws/install/timmy_bot/share/timmy_bot/description/lidar.xacro
[0.466s] -- Symlinking: /home/hyperlabs/Desktop/imprimis/imprimis_ws/install/timmy_bot/share/timmy_bot/description/robot.urdf.xacro
[0.470s] -- Symlinking: /home/hyperlabs/Desktop/imprimis/imprimis_ws/install/timmy_bot/share/timmy_bot/description/robot_core.xacro
[0.473s] -- Symlinking: /home/hyperlabs/Desktop/imprimis/imprimis_ws/install/timmy_bot/share/timmy_bot/launch/launch_sim.launch.py
[0.477s] -- Symlinking: /home/hyperlabs/Desktop/imprimis/imprimis_ws/install/timmy_bot/share/timmy_bot/launch/rsp.launch.py
[0.480s] -- Symlinking: /home/hyperlabs/Desktop/imprimis/imprimis_ws/install/timmy_bot/share/timmy_bot/worlds/coneland.world
[0.483s] -- Symlinking: /home/hyperlabs/Desktop/imprimis/imprimis_ws/install/timmy_bot/share/timmy_bot/worlds/empty.world
[0.487s] -- Symlinking: /home/hyperlabs/Desktop/imprimis/imprimis_ws/install/timmy_bot/share/ament_index/resource_index/package_run_dependencies/timmy_bot
[0.490s] -- Symlinking: /home/hyperlabs/Desktop/imprimis/imprimis_ws/install/timmy_bot/share/ament_index/resource_index/parent_prefix_path/timmy_bot
[0.494s] -- Symlinking: /home/hyperlabs/Desktop/imprimis/imprimis_ws/install/timmy_bot/share/timmy_bot/environment/ament_prefix_path.sh
[0.497s] -- Symlinking: /home/hyperlabs/Desktop/imprimis/imprimis_ws/install/timmy_bot/share/timmy_bot/environment/ament_prefix_path.dsv
[0.500s] -- Symlinking: /home/hyperlabs/Desktop/imprimis/imprimis_ws/install/timmy_bot/share/timmy_bot/environment/path.sh
[0.504s] -- Symlinking: /home/hyperlabs/Desktop/imprimis/imprimis_ws/install/timmy_bot/share/timmy_bot/environment/path.dsv
[0.507s] -- Symlinking: /home/hyperlabs/Desktop/imprimis/imprimis_ws/install/timmy_bot/share/timmy_bot/local_setup.bash
[0.511s] -- Symlinking: /home/hyperlabs/Desktop/imprimis/imprimis_ws/install/timmy_bot/share/timmy_bot/local_setup.sh
[0.514s] -- Symlinking: /home/hyperlabs/Desktop/imprimis/imprimis_ws/install/timmy_bot/share/timmy_bot/local_setup.zsh
[0.518s] -- Symlinking: /home/hyperlabs/Desktop/imprimis/imprimis_ws/install/timmy_bot/share/timmy_bot/local_setup.dsv
[0.521s] -- Symlinking: /home/hyperlabs/Desktop/imprimis/imprimis_ws/install/timmy_bot/share/timmy_bot/package.dsv
[0.524s] -- Symlinking: /home/hyperlabs/Desktop/imprimis/imprimis_ws/install/timmy_bot/share/ament_index/resource_index/packages/timmy_bot
[0.527s] -- Symlinking: /home/hyperlabs/Desktop/imprimis/imprimis_ws/install/timmy_bot/share/timmy_bot/cmake/timmy_botConfig.cmake
[0.531s] -- Symlinking: /home/hyperlabs/Desktop/imprimis/imprimis_ws/install/timmy_bot/share/timmy_bot/cmake/timmy_botConfig-version.cmake
[0.535s] -- Symlinking: /home/hyperlabs/Desktop/imprimis/imprimis_ws/install/timmy_bot/share/timmy_bot/package.xml
[0.539s] Invoked command in '/home/hyperlabs/Desktop/imprimis/imprimis_ws/build/timmy_bot' returned '0': CMAKE_PREFIX_PATH=${CMAKE_PREFIX_PATH}:/opt/ros/foxy /usr/bin/cmake --install /home/hyperlabs/Desktop/imprimis/imprimis_ws/build/timmy_bot
