[0.598s] Invoking command in '/home/hyperlabs/Desktop/imprimis/imprimis_ws/build/robot_localization': CMAKE_PREFIX_PATH=${CMAKE_PREFIX_PATH}:/home/hyperlabs/Desktop/imprimis/imprimis_ws/install/motor_interface:/opt/ros/foxy /usr/bin/cmake /home/hyperlabs/Desktop/imprimis/imprimis_ws/src/robot_localization -DAMENT_CMAKE_SYMLINK_INSTALL=1 -DCMAKE_INSTALL_PREFIX=/home/hyperlabs/Desktop/imprimis/imprimis_ws/install/robot_localization
[0.610s] -- robot_localization: You did not request a specific build type: selecting 'RelWithDebInfo'.
[0.610s] -- Found ament_cmake: 0.9.12 (/opt/ros/foxy/share/ament_cmake/cmake)
[0.631s] -- Using PYTHON_EXECUTABLE: /usr/bin/python3
[0.758s] -- Override CMake install command with custom implementation using symlinks instead of copying resources
[0.769s] -- Found rclcpp: 2.4.3 (/opt/ros/foxy/share/rclcpp/cmake)
[0.795s] -- Using all available rosidl_typesupport_c: rosidl_typesupport_fastrtps_c;rosidl_typesupport_introspection_c
[0.797s] -- Found rosidl_adapter: 1.3.1 (/opt/ros/foxy/share/rosidl_adapter/cmake)
[0.899s] -- Using all available rosidl_typesupport_cpp: rosidl_typesupport_fastrtps_cpp;rosidl_typesupport_introspection_cpp
[0.933s] -- Found rmw_implementation_cmake: 1.0.4 (/opt/ros/foxy/share/rmw_implementation_cmake/cmake)
[0.935s] -- Using RMW implementation 'rmw_fastrtps_cpp' as default
[1.028s] -- Found diagnostic_msgs: 2.0.5 (/opt/ros/foxy/share/diagnostic_msgs/cmake)
[1.049s] -- Found diagnostic_updater: 3.1.2 (/opt/ros/foxy/share/diagnostic_updater/cmake)
[1.061s] -- Found geographic_msgs: 1.0.4 (/opt/ros/foxy/share/geographic_msgs/cmake)
[1.168s] -- Found nav_msgs: 2.0.5 (/opt/ros/foxy/share/nav_msgs/cmake)
[1.219s] -- Found rosidl_default_generators: 1.0.1 (/opt/ros/foxy/share/rosidl_default_generators/cmake)
[1.230s] -- Found sensor_msgs: 2.0.5 (/opt/ros/foxy/share/sensor_msgs/cmake)
[1.282s] -- Found std_srvs: 2.0.5 (/opt/ros/foxy/share/std_srvs/cmake)
[1.292s] -- Found tf2: 0.13.14 (/opt/ros/foxy/share/tf2/cmake)
[1.303s] -- Found tf2_eigen: 0.13.14 (/opt/ros/foxy/share/tf2_eigen/cmake)
[1.550s] -- Found tf2_geometry_msgs: 0.13.14 (/opt/ros/foxy/share/tf2_geometry_msgs/cmake)
[1.558s] -- Found Eigen3: TRUE (found version "3.3.7") 
[1.582s] -- Found Boost: /usr/lib/x86_64-linux-gnu/cmake/Boost-1.71.0/BoostConfig.cmake (found version "1.71.0")  
[1.585s] -- Found yaml_cpp_vendor: 7.0.3 (/opt/ros/foxy/share/yaml_cpp_vendor/cmake)
[1.585s] -- Setting yaml-cpp_DIR to: '/opt/ros/foxy/share/yaml_cpp_vendor/cmake/../../../opt/yaml_cpp_vendor/lib/cmake/yaml-cpp'
[1.588s] -- Found GeographicLib: /usr/lib/x86_64-linux-gnu  
[1.611s] -- Found PythonInterp: /usr/bin/python3 (found version "3.8.10") 
[1.785s] -- Found ament_cmake_cppcheck: 0.9.8 (/opt/ros/foxy/share/ament_cmake_cppcheck/cmake)
[1.788s] -- Found ament_cmake_cpplint: 0.9.8 (/opt/ros/foxy/share/ament_cmake_cpplint/cmake)
[1.790s] -- Found ament_cmake_uncrustify: 0.9.8 (/opt/ros/foxy/share/ament_cmake_uncrustify/cmake)
[1.793s] -- Found ament_cmake_ros: 0.9.2 (/opt/ros/foxy/share/ament_cmake_ros/cmake)
[2.026s] -- Using all available rosidl_typesupport_c: rosidl_typesupport_fastrtps_c;rosidl_typesupport_introspection_c
[2.129s] -- Using all available rosidl_typesupport_cpp: rosidl_typesupport_fastrtps_cpp;rosidl_typesupport_introspection_cpp
[2.157s] -- Found PythonInterp: /usr/bin/python3 (found suitable version "3.8.10", minimum required is "3.5") 
[2.162s] -- Found python_cmake_module: 0.8.1 (/opt/ros/foxy/share/python_cmake_module/cmake)
[2.190s] -- Found PythonLibs: /usr/lib/x86_64-linux-gnu/libpython3.8.so (found suitable version "3.8.10", minimum required is "3.5") 
[2.190s] -- Using PYTHON_EXECUTABLE: /usr/bin/python3
[2.190s] -- Using PYTHON_INCLUDE_DIRS: /usr/include/python3.8
[2.190s] -- Using PYTHON_LIBRARIES: /usr/lib/x86_64-linux-gnu/libpython3.8.so
[2.214s] -- Found PythonExtra: .so  
[2.287s] -- Found ament_cmake_flake8: 0.9.8 (/opt/ros/foxy/share/ament_cmake_flake8/cmake)
[2.289s] -- Found ament_cmake_pep257: 0.9.8 (/opt/ros/foxy/share/ament_cmake_pep257/cmake)
[2.302s] -- Found ament_cmake_lint_cmake: 0.9.8 (/opt/ros/foxy/share/ament_cmake_lint_cmake/cmake)
[2.304s] -- Found launch_testing_ament_cmake: 0.10.10 (/opt/ros/foxy/share/launch_testing_ament_cmake/cmake)
[2.331s] -- Using PYTHON_EXECUTABLE: /usr/bin/python3
[2.332s] -- Using PYTHON_INCLUDE_DIRS: /usr/include/python3.8
[2.332s] -- Using PYTHON_LIBRARIES: /usr/lib/x86_64-linux-gnu/libpython3.8.so
[2.339s] -- Found gtest sources under '/opt/ros/foxy/src/gtest_vendor': C++ tests using 'Google Test' will be built
[2.341s] -- Check if compiler accepts -pthread
[2.447s] -- Check if compiler accepts -pthread - yes
[2.487s] -- Configuring done
[2.710s] -- Generating done
[2.714s] -- Build files have been written to: /home/hyperlabs/Desktop/imprimis/imprimis_ws/build/robot_localization
[2.731s] Invoked command in '/home/hyperlabs/Desktop/imprimis/imprimis_ws/build/robot_localization' returned '0': CMAKE_PREFIX_PATH=${CMAKE_PREFIX_PATH}:/home/hyperlabs/Desktop/imprimis/imprimis_ws/install/motor_interface:/opt/ros/foxy /usr/bin/cmake /home/hyperlabs/Desktop/imprimis/imprimis_ws/src/robot_localization -DAMENT_CMAKE_SYMLINK_INSTALL=1 -DCMAKE_INSTALL_PREFIX=/home/hyperlabs/Desktop/imprimis/imprimis_ws/install/robot_localization
[2.732s] Invoking command in '/home/hyperlabs/Desktop/imprimis/imprimis_ws/build/robot_localization': CMAKE_PREFIX_PATH=${CMAKE_PREFIX_PATH}:/home/hyperlabs/Desktop/imprimis/imprimis_ws/install/motor_interface:/opt/ros/foxy /usr/bin/cmake --build /home/hyperlabs/Desktop/imprimis/imprimis_ws/build/robot_localization -- -j16 -l16
[2.789s] [35m[1mScanning dependencies of target gtest_main[0m
[2.792s] [35m[1mScanning dependencies of target robot_localization__cpp[0m
[2.792s] [  1%] [34m[1mGenerating C code for ROS interfaces[0m
[2.793s] [35m[1mScanning dependencies of target gtest[0m
[2.806s] [  2%] [34m[1mGenerating C++ code for ROS interfaces[0m
[2.808s] [  3%] [32mBuilding CXX object gtest/CMakeFiles/gtest_main.dir/src/gtest_main.cc.o[0m
[2.810s] [  4%] [32mBuilding CXX object gtest/CMakeFiles/gtest.dir/src/gtest-all.cc.o[0m
[3.199s] [  4%] Built target robot_localization__cpp
[3.208s] [  5%] [34m[1mGenerating C++ type support dispatch for ROS interfaces[0m
[3.209s] [  6%] [34m[1mGenerating C++ type support for eProsima Fast-RTPS[0m
[3.210s] [  7%] [34m[1mGenerating C++ introspection for ROS interfaces[0m
[3.214s] [35m[1mScanning dependencies of target robot_localization__rosidl_generator_c[0m
[3.241s] [  8%] [32mBuilding C object CMakeFiles/robot_localization__rosidl_generator_c.dir/rosidl_generator_c/robot_localization/srv/detail/set_datum__functions.c.o[0m
[3.242s] [ 10%] [32mBuilding C object CMakeFiles/robot_localization__rosidl_generator_c.dir/rosidl_generator_c/robot_localization/srv/detail/set_pose__functions.c.o[0m
[3.242s] [ 10%] [32mBuilding C object CMakeFiles/robot_localization__rosidl_generator_c.dir/rosidl_generator_c/robot_localization/srv/detail/from_ll__functions.c.o[0m
[3.242s] [ 10%] [32mBuilding C object CMakeFiles/robot_localization__rosidl_generator_c.dir/rosidl_generator_c/robot_localization/srv/detail/toggle_filter_processing__functions.c.o[0m
[3.242s] [ 11%] [32mBuilding C object CMakeFiles/robot_localization__rosidl_generator_c.dir/rosidl_generator_c/robot_localization/srv/detail/get_state__functions.c.o[0m
[3.243s] [ 12%] [32mBuilding C object CMakeFiles/robot_localization__rosidl_generator_c.dir/rosidl_generator_c/robot_localization/srv/detail/to_ll__functions.c.o[0m
[3.399s] [ 13%] [32m[1mLinking C shared library librobot_localization__rosidl_generator_c.so[0m
[3.447s] [ 13%] [32m[1mLinking CXX static library libgtest_main.a[0m
[3.447s] [ 13%] Built target robot_localization__rosidl_generator_c
[3.456s] [ 14%] [34m[1mGenerating C introspection for ROS interfaces[0m
[3.456s] [ 15%] [34m[1mGenerating C type support dispatch for ROS interfaces[0m
[3.479s] [ 15%] Built target gtest_main
[3.540s] [35m[1mScanning dependencies of target robot_localization__rosidl_typesupport_introspection_cpp[0m
[3.547s] [35m[1mScanning dependencies of target robot_localization__rosidl_typesupport_cpp[0m
[3.562s] [ 18%] [32mBuilding CXX object CMakeFiles/robot_localization__rosidl_typesupport_introspection_cpp.dir/rosidl_typesupport_introspection_cpp/robot_localization/srv/detail/toggle_filter_processing__type_support.cpp.o[0m
[3.562s] [ 18%] [32mBuilding CXX object CMakeFiles/robot_localization__rosidl_typesupport_introspection_cpp.dir/rosidl_typesupport_introspection_cpp/robot_localization/srv/detail/from_ll__type_support.cpp.o[0m
[3.563s] [ 20%] [32mBuilding CXX object CMakeFiles/robot_localization__rosidl_typesupport_introspection_cpp.dir/rosidl_typesupport_introspection_cpp/robot_localization/srv/detail/to_ll__type_support.cpp.o[0m
[3.563s] [ 20%] [32mBuilding CXX object CMakeFiles/robot_localization__rosidl_typesupport_introspection_cpp.dir/rosidl_typesupport_introspection_cpp/robot_localization/srv/detail/set_pose__type_support.cpp.o[0m
[3.563s] [ 18%] [32mBuilding CXX object CMakeFiles/robot_localization__rosidl_typesupport_introspection_cpp.dir/rosidl_typesupport_introspection_cpp/robot_localization/srv/detail/get_state__type_support.cpp.o[0m
[3.563s] [ 18%] [32mBuilding CXX object CMakeFiles/robot_localization__rosidl_typesupport_introspection_cpp.dir/rosidl_typesupport_introspection_cpp/robot_localization/srv/detail/set_datum__type_support.cpp.o[0m
[3.565s] [ 22%] [32mBuilding CXX object CMakeFiles/robot_localization__rosidl_typesupport_cpp.dir/rosidl_typesupport_cpp/robot_localization/srv/get_state__type_support.cpp.o[0m
[3.565s] [ 23%] [32mBuilding CXX object CMakeFiles/robot_localization__rosidl_typesupport_cpp.dir/rosidl_typesupport_cpp/robot_localization/srv/set_datum__type_support.cpp.o[0m
[3.566s] [ 24%] [32mBuilding CXX object CMakeFiles/robot_localization__rosidl_typesupport_cpp.dir/rosidl_typesupport_cpp/robot_localization/srv/toggle_filter_processing__type_support.cpp.o[0m
[3.566s] [ 24%] [32mBuilding CXX object CMakeFiles/robot_localization__rosidl_typesupport_cpp.dir/rosidl_typesupport_cpp/robot_localization/srv/from_ll__type_support.cpp.o[0m
[3.571s] [ 25%] [32mBuilding CXX object CMakeFiles/robot_localization__rosidl_typesupport_cpp.dir/rosidl_typesupport_cpp/robot_localization/srv/to_ll__type_support.cpp.o[0m
[3.572s] [ 25%] [32mBuilding CXX object CMakeFiles/robot_localization__rosidl_typesupport_cpp.dir/rosidl_typesupport_cpp/robot_localization/srv/set_pose__type_support.cpp.o[0m
[3.794s] [35m[1mScanning dependencies of target robot_localization__rosidl_typesupport_fastrtps_cpp[0m
[3.864s] [ 26%] [32mBuilding CXX object CMakeFiles/robot_localization__rosidl_typesupport_fastrtps_cpp.dir/rosidl_typesupport_fastrtps_cpp/robot_localization/srv/detail/dds_fastrtps/from_ll__type_support.cpp.o[0m
[3.935s] [35m[1mScanning dependencies of target robot_localization__rosidl_typesupport_c[0m
[3.952s] [ 28%] [32mBuilding CXX object CMakeFiles/robot_localization__rosidl_typesupport_fastrtps_cpp.dir/rosidl_typesupport_fastrtps_cpp/robot_localization/srv/detail/dds_fastrtps/get_state__type_support.cpp.o[0m
[3.952s] [ 28%] [32mBuilding CXX object CMakeFiles/robot_localization__rosidl_typesupport_fastrtps_cpp.dir/rosidl_typesupport_fastrtps_cpp/robot_localization/srv/detail/dds_fastrtps/set_datum__type_support.cpp.o[0m
[3.958s] [ 29%] [32mBuilding CXX object CMakeFiles/robot_localization__rosidl_typesupport_c.dir/rosidl_typesupport_c/robot_localization/srv/from_ll__type_support.cpp.o[0m
[3.958s] [ 29%] [32mBuilding CXX object CMakeFiles/robot_localization__rosidl_typesupport_c.dir/rosidl_typesupport_c/robot_localization/srv/get_state__type_support.cpp.o[0m
[3.963s] [ 29%] [32mBuilding CXX object CMakeFiles/robot_localization__rosidl_typesupport_fastrtps_cpp.dir/rosidl_typesupport_fastrtps_cpp/robot_localization/srv/detail/dds_fastrtps/set_pose__type_support.cpp.o[0m
[3.967s] [ 30%] [32mBuilding CXX object CMakeFiles/robot_localization__rosidl_typesupport_fastrtps_cpp.dir/rosidl_typesupport_fastrtps_cpp/robot_localization/srv/detail/dds_fastrtps/toggle_filter_processing__type_support.cpp.o[0m
[3.979s] [ 31%] [32mBuilding CXX object CMakeFiles/robot_localization__rosidl_typesupport_c.dir/rosidl_typesupport_c/robot_localization/srv/set_pose__type_support.cpp.o[0m
[3.980s] [ 32%] [32mBuilding CXX object CMakeFiles/robot_localization__rosidl_typesupport_c.dir/rosidl_typesupport_c/robot_localization/srv/set_datum__type_support.cpp.o[0m
[4.002s] [ 33%] [32mBuilding CXX object CMakeFiles/robot_localization__rosidl_typesupport_c.dir/rosidl_typesupport_c/robot_localization/srv/toggle_filter_processing__type_support.cpp.o[0m
[4.013s] [ 34%] [32mBuilding CXX object CMakeFiles/robot_localization__rosidl_typesupport_c.dir/rosidl_typesupport_c/robot_localization/srv/to_ll__type_support.cpp.o[0m
[4.014s] [ 35%] [32mBuilding CXX object CMakeFiles/robot_localization__rosidl_typesupport_fastrtps_cpp.dir/rosidl_typesupport_fastrtps_cpp/robot_localization/srv/detail/dds_fastrtps/to_ll__type_support.cpp.o[0m
[4.023s] [ 36%] [32m[1mLinking CXX shared library librobot_localization__rosidl_typesupport_introspection_cpp.so[0m
[4.032s] [35m[1mScanning dependencies of target robot_localization__rosidl_typesupport_introspection_c[0m
[4.051s] [ 37%] [32m[1mLinking CXX shared library librobot_localization__rosidl_typesupport_c.so[0m
[4.063s] [ 39%] [32mBuilding C object CMakeFiles/robot_localization__rosidl_typesupport_introspection_c.dir/rosidl_typesupport_introspection_c/robot_localization/srv/detail/from_ll__type_support.c.o[0m
[4.063s] [ 39%] [32mBuilding C object CMakeFiles/robot_localization__rosidl_typesupport_introspection_c.dir/rosidl_typesupport_introspection_c/robot_localization/srv/detail/get_state__type_support.c.o[0m
[4.066s] [ 40%] [32mBuilding C object CMakeFiles/robot_localization__rosidl_typesupport_introspection_c.dir/rosidl_typesupport_introspection_c/robot_localization/srv/detail/toggle_filter_processing__type_support.c.o[0m
[4.068s] [ 41%] [32mBuilding C object CMakeFiles/robot_localization__rosidl_typesupport_introspection_c.dir/rosidl_typesupport_introspection_c/robot_localization/srv/detail/to_ll__type_support.c.o[0m
[4.072s] [ 42%] [32mBuilding C object CMakeFiles/robot_localization__rosidl_typesupport_introspection_c.dir/rosidl_typesupport_introspection_c/robot_localization/srv/detail/set_pose__type_support.c.o[0m
[4.072s] [ 42%] [32mBuilding C object CMakeFiles/robot_localization__rosidl_typesupport_introspection_c.dir/rosidl_typesupport_introspection_c/robot_localization/srv/detail/set_datum__type_support.c.o[0m
[4.076s] [ 43%] [32m[1mLinking CXX shared library librobot_localization__rosidl_typesupport_cpp.so[0m
[4.118s] [ 43%] Built target robot_localization__rosidl_typesupport_c
[4.123s] [ 43%] Built target robot_localization__rosidl_typesupport_introspection_cpp
[4.131s] [ 44%] [32m[1mLinking C shared library librobot_localization__rosidl_typesupport_introspection_c.so[0m
[4.156s] [ 44%] Built target robot_localization__rosidl_typesupport_cpp
[4.171s] [ 44%] Built target robot_localization__rosidl_typesupport_introspection_c
[4.484s] [ 45%] [32m[1mLinking CXX shared library librobot_localization__rosidl_typesupport_fastrtps_cpp.so[0m
[4.585s] [ 45%] Built target robot_localization__rosidl_typesupport_fastrtps_cpp
[4.598s] [ 46%] [34m[1mGenerating C type support for eProsima Fast-RTPS[0m
[4.936s] [35m[1mScanning dependencies of target robot_localization__rosidl_typesupport_fastrtps_c[0m
[4.975s] [ 47%] [32mBuilding CXX object CMakeFiles/robot_localization__rosidl_typesupport_fastrtps_c.dir/rosidl_typesupport_fastrtps_c/robot_localization/srv/detail/toggle_filter_processing__type_support_c.cpp.o[0m
[4.977s] [ 49%] [32mBuilding CXX object CMakeFiles/robot_localization__rosidl_typesupport_fastrtps_c.dir/rosidl_typesupport_fastrtps_c/robot_localization/srv/detail/set_datum__type_support_c.cpp.o[0m
[4.977s] [ 49%] [32mBuilding CXX object CMakeFiles/robot_localization__rosidl_typesupport_fastrtps_c.dir/rosidl_typesupport_fastrtps_c/robot_localization/srv/detail/from_ll__type_support_c.cpp.o[0m
[4.977s] [ 50%] [32mBuilding CXX object CMakeFiles/robot_localization__rosidl_typesupport_fastrtps_c.dir/rosidl_typesupport_fastrtps_c/robot_localization/srv/detail/get_state__type_support_c.cpp.o[0m
[4.978s] [ 50%] [32mBuilding CXX object CMakeFiles/robot_localization__rosidl_typesupport_fastrtps_c.dir/rosidl_typesupport_fastrtps_c/robot_localization/srv/detail/to_ll__type_support_c.cpp.o[0m
[4.978s] [ 51%] [32mBuilding CXX object CMakeFiles/robot_localization__rosidl_typesupport_fastrtps_c.dir/rosidl_typesupport_fastrtps_c/robot_localization/srv/detail/set_pose__type_support_c.cpp.o[0m
[5.333s] [ 52%] [32m[1mLinking CXX shared library librobot_localization__rosidl_typesupport_fastrtps_c.so[0m
[5.424s] [ 52%] Built target robot_localization__rosidl_typesupport_fastrtps_c
[5.441s] [35m[1mScanning dependencies of target robot_localization[0m
[5.459s] [ 52%] Built target robot_localization
[5.472s] [35m[1mScanning dependencies of target robot_localization__py[0m
[5.472s] [35m[1mScanning dependencies of target rl_lib[0m
[5.487s] [ 53%] [34m[1mGenerating Python code for ROS interfaces[0m
[5.760s] [ 55%] [32mBuilding CXX object CMakeFiles/rl_lib.dir/src/ekf.cpp.o[0m
[5.761s] [ 55%] [32mBuilding CXX object CMakeFiles/rl_lib.dir/src/ukf.cpp.o[0m
[5.761s] [ 56%] [32mBuilding CXX object CMakeFiles/rl_lib.dir/src/filter_base.cpp.o[0m
[5.766s] [ 57%] [32mBuilding CXX object CMakeFiles/rl_lib.dir/src/filter_utilities.cpp.o[0m
[5.770s] [ 58%] [32mBuilding CXX object CMakeFiles/rl_lib.dir/src/robot_localization_estimator.cpp.o[0m
[5.770s] [ 58%] [32mBuilding CXX object CMakeFiles/rl_lib.dir/src/navsat_transform.cpp.o[0m
[5.771s] [ 60%] [32mBuilding CXX object CMakeFiles/rl_lib.dir/src/ros_filter_utilities.cpp.o[0m
[5.771s] [ 60%] [32mBuilding CXX object CMakeFiles/rl_lib.dir/src/ros_filter.cpp.o[0m
[5.771s] [ 61%] [32mBuilding CXX object CMakeFiles/rl_lib.dir/src/ros_robot_localization_listener.cpp.o[0m
[6.662s] [ 61%] Built target robot_localization__py
[6.677s] [35m[1mScanning dependencies of target robot_localization__python[0m
[6.744s] [ 62%] [32mBuilding C object CMakeFiles/robot_localization__python.dir/rosidl_generator_py/robot_localization/srv/_from_ll_s.c.o[0m
[6.745s] [ 63%] [32mBuilding C object CMakeFiles/robot_localization__python.dir/rosidl_generator_py/robot_localization/srv/_set_datum_s.c.o[0m
[6.745s] [ 63%] [32mBuilding C object CMakeFiles/robot_localization__python.dir/rosidl_generator_py/robot_localization/srv/_get_state_s.c.o[0m
[6.751s] [ 64%] [32mBuilding C object CMakeFiles/robot_localization__python.dir/rosidl_generator_py/robot_localization/srv/_set_pose_s.c.o[0m
[6.753s] [ 65%] [32mBuilding C object CMakeFiles/robot_localization__python.dir/rosidl_generator_py/robot_localization/srv/_toggle_filter_processing_s.c.o[0m
[6.758s] [ 66%] [32mBuilding C object CMakeFiles/robot_localization__python.dir/rosidl_generator_py/robot_localization/srv/_to_ll_s.c.o[0m
[6.992s] [ 67%] [32m[1mLinking C shared library rosidl_generator_py/robot_localization/librobot_localization__python.so[0m
[7.038s] [ 67%] Built target robot_localization__python
[7.050s] [35m[1mScanning dependencies of target robot_localization__rosidl_typesupport_introspection_c__pyext[0m
[7.050s] [35m[1mScanning dependencies of target robot_localization__rosidl_typesupport_fastrtps_c__pyext[0m
[7.050s] [35m[1mScanning dependencies of target robot_localization__rosidl_typesupport_c__pyext[0m
[7.078s] [ 69%] [32mBuilding C object CMakeFiles/robot_localization__rosidl_typesupport_introspection_c__pyext.dir/rosidl_generator_py/robot_localization/_robot_localization_s.ep.rosidl_typesupport_introspection_c.c.o[0m
[7.078s] [ 69%] [32mBuilding C object CMakeFiles/robot_localization__rosidl_typesupport_c__pyext.dir/rosidl_generator_py/robot_localization/_robot_localization_s.ep.rosidl_typesupport_c.c.o[0m
[7.085s] [ 70%] [32mBuilding C object CMakeFiles/robot_localization__rosidl_typesupport_fastrtps_c__pyext.dir/rosidl_generator_py/robot_localization/_robot_localization_s.ep.rosidl_typesupport_fastrtps_c.c.o[0m
[7.352s] [ 70%] [32m[1mLinking C shared library rosidl_generator_py/robot_localization/robot_localization_s__rosidl_typesupport_c.cpython-38-x86_64-linux-gnu.so[0m
[7.366s] [ 71%] [32m[1mLinking C shared library rosidl_generator_py/robot_localization/robot_localization_s__rosidl_typesupport_introspection_c.cpython-38-x86_64-linux-gnu.so[0m
[7.407s] [ 71%] Built target robot_localization__rosidl_typesupport_c__pyext
[7.426s] [ 71%] Built target robot_localization__rosidl_typesupport_introspection_c__pyext
[7.442s] [ 72%] [32m[1mLinking CXX shared library rosidl_generator_py/robot_localization/robot_localization_s__rosidl_typesupport_fastrtps_c.cpython-38-x86_64-linux-gnu.so[0m
[7.546s] [ 72%] Built target robot_localization__rosidl_typesupport_fastrtps_c__pyext
[13.641s] [ 73%] [32m[1mLinking CXX static library libgtest.a[0m
[13.743s] [ 73%] Built target gtest
[49.752s] [ 74%] [32m[1mLinking CXX shared library librl_lib.so[0m
[50.685s] [ 74%] Built target rl_lib
[50.697s] [35m[1mScanning dependencies of target test_ekf[0m
[50.698s] [35m[1mScanning dependencies of target ukf_node[0m
[50.699s] [35m[1mScanning dependencies of target ekf_node[0m
[50.699s] [35m[1mScanning dependencies of target test_navsat_conversions[0m
[50.699s] [35m[1mScanning dependencies of target test_ukf[0m
[50.699s] [35m[1mScanning dependencies of target filter_base-test[0m
[50.699s] [35m[1mScanning dependencies of target test_navsat_transform[0m
[50.699s] [35m[1mScanning dependencies of target test_ros_robot_localization_listener_publisher[0m
[50.700s] [35m[1mScanning dependencies of target navsat_transform_node[0m
[50.700s] [35m[1mScanning dependencies of target test_robot_localization_estimator[0m
[50.700s] [35m[1mScanning dependencies of target robot_localization_listener_node[0m
[50.701s] [35m[1mScanning dependencies of target test_ros_robot_localization_listener[0m
[50.718s] [ 74%] [32mBuilding CXX object CMakeFiles/test_navsat_conversions.dir/test/test_navsat_conversions.cpp.o[0m
[50.755s] [ 75%] [32mBuilding CXX object CMakeFiles/filter_base-test.dir/test/test_filter_base.cpp.o[0m
[50.760s] [ 76%] [32mBuilding CXX object CMakeFiles/test_navsat_transform.dir/test/test_navsat_transform.cpp.o[0m
[50.764s] [ 76%] [32mBuilding CXX object CMakeFiles/test_ros_robot_localization_listener_publisher.dir/test/test_ros_robot_localization_listener_publisher.cpp.o[0m
[50.773s] [ 77%] [32mBuilding CXX object CMakeFiles/test_robot_localization_estimator.dir/test/test_robot_localization_estimator.cpp.o[0m
[50.790s] [ 78%] [32mBuilding CXX object CMakeFiles/navsat_transform_node.dir/src/navsat_transform_node.cpp.o[0m
[50.790s] [ 80%] [32mBuilding CXX object CMakeFiles/ukf_node.dir/src/ukf_node.cpp.o[0m
[50.790s] [ 80%] [32mBuilding CXX object CMakeFiles/test_ekf.dir/test/test_ekf.cpp.o[0m
[50.799s] [ 80%] [32mBuilding CXX object CMakeFiles/ekf_node.dir/src/ekf_node.cpp.o[0m
[50.799s] [ 81%] [32mBuilding CXX object CMakeFiles/test_ros_robot_localization_listener.dir/test/test_ros_robot_localization_listener.cpp.o[0m
[50.800s] [ 82%] [32mBuilding CXX object CMakeFiles/robot_localization_listener_node.dir/src/robot_localization_listener_node.cpp.o[0m
[50.806s] [ 83%] [32mBuilding CXX object CMakeFiles/test_ukf.dir/test/test_ukf.cpp.o[0m
[51.941s] [ 84%] [32m[1mLinking CXX executable test_navsat_conversions[0m
[52.194s] [ 84%] Built target test_navsat_conversions
[54.004s] [ 85%] [32m[1mLinking CXX executable filter_base-test[0m
[54.362s] [ 85%] Built target filter_base-test
[54.473s] [ 86%] [32m[1mLinking CXX executable navsat_transform_node[0m
[54.647s] [ 86%] Built target navsat_transform_node
[54.658s] [ 87%] [32m[1mLinking CXX executable test_navsat_transform[0m
[54.867s] [ 87%] Built target test_navsat_transform
[55.340s] [ 88%] [32m[1mLinking CXX executable ukf_node[0m
[55.526s] [ 88%] Built target ukf_node
[55.539s] [35m[1mScanning dependencies of target test_ukf_localization_node_interfaces[0m
[55.571s] [ 88%] [32m[1mLinking CXX executable robot_localization_listener_node[0m
[55.592s] [ 89%] [32mBuilding CXX object CMakeFiles/test_ukf_localization_node_interfaces.dir/test/test_ukf_localization_node_interfaces.cpp.o[0m
[55.753s] [ 89%] Built target robot_localization_listener_node
[56.074s] [ 90%] [32m[1mLinking CXX executable test_robot_localization_estimator[0m
[56.318s] [ 90%] Built target test_robot_localization_estimator
[56.384s] [ 91%] [32m[1mLinking CXX executable ekf_node[0m
[56.399s] [ 92%] [32m[1mLinking CXX executable test_ros_robot_localization_listener[0m
[56.499s] [ 93%] [32m[1mLinking CXX executable test_ekf[0m
[56.595s] [ 93%] Built target ekf_node
[56.606s] [35m[1mScanning dependencies of target test_filter_base_diagnostics_timestamps[0m
[56.607s] [35m[1mScanning dependencies of target test_ekf_localization_node_interfaces[0m
[56.657s] [ 93%] Built target test_ros_robot_localization_listener
[56.661s] [ 94%] [32mBuilding CXX object CMakeFiles/test_ekf_localization_node_interfaces.dir/test/test_ekf_localization_node_interfaces.cpp.o[0m
[56.675s] [ 95%] [32mBuilding CXX object CMakeFiles/test_filter_base_diagnostics_timestamps.dir/test/test_filter_base_diagnostics_timestamps.cpp.o[0m
[56.750s] [ 95%] Built target test_ekf
[57.204s] [ 96%] [32m[1mLinking CXX executable test_ros_robot_localization_listener_publisher[0m
[57.333s] [ 97%] [32m[1mLinking CXX executable test_ukf[0m
[57.382s] [ 97%] Built target test_ros_robot_localization_listener_publisher
[57.570s] [ 97%] Built target test_ukf
[68.947s] [ 98%] [32m[1mLinking CXX executable test_filter_base_diagnostics_timestamps[0m
[69.213s] [ 98%] Built target test_filter_base_diagnostics_timestamps
[69.915s] [ 99%] [32m[1mLinking CXX executable test_ukf_localization_node_interfaces[0m
[70.179s] [ 99%] Built target test_ukf_localization_node_interfaces
[70.847s] [100%] [32m[1mLinking CXX executable test_ekf_localization_node_interfaces[0m
[71.122s] [100%] Built target test_ekf_localization_node_interfaces
[71.142s] Invoked command in '/home/hyperlabs/Desktop/imprimis/imprimis_ws/build/robot_localization' returned '0': CMAKE_PREFIX_PATH=${CMAKE_PREFIX_PATH}:/home/hyperlabs/Desktop/imprimis/imprimis_ws/install/motor_interface:/opt/ros/foxy /usr/bin/cmake --build /home/hyperlabs/Desktop/imprimis/imprimis_ws/build/robot_localization -- -j16 -l16
[71.453s] Invoking command in '/home/hyperlabs/Desktop/imprimis/imprimis_ws/build/robot_localization': CMAKE_PREFIX_PATH=${CMAKE_PREFIX_PATH}:/home/hyperlabs/Desktop/imprimis/imprimis_ws/install/motor_interface:/opt/ros/foxy /usr/bin/cmake --install /home/hyperlabs/Desktop/imprimis/imprimis_ws/build/robot_localization
[71.468s] -- Install configuration: "RelWithDebInfo"
[71.468s] -- Execute custom install script
[71.469s] -- Symlinking: /home/hyperlabs/Desktop/imprimis/imprimis_ws/install/robot_localization/share/ament_index/resource_index/rosidl_interfaces/robot_localization
[71.485s] -- Symlinking: /home/hyperlabs/Desktop/imprimis/imprimis_ws/install/robot_localization/include/robot_localization/msg/rosidl_generator_c__visibility_control.h
[71.495s] -- Symlinking: /home/hyperlabs/Desktop/imprimis/imprimis_ws/install/robot_localization/include/robot_localization/srv/detail/from_ll__functions.h
[71.503s] -- Symlinking: /home/hyperlabs/Desktop/imprimis/imprimis_ws/install/robot_localization/include/robot_localization/srv/detail/from_ll__struct.h
[71.516s] -- Symlinking: /home/hyperlabs/Desktop/imprimis/imprimis_ws/install/robot_localization/include/robot_localization/srv/detail/from_ll__type_support.h
[71.524s] -- Symlinking: /home/hyperlabs/Desktop/imprimis/imprimis_ws/install/robot_localization/include/robot_localization/srv/detail/get_state__functions.h
[71.537s] -- Symlinking: /home/hyperlabs/Desktop/imprimis/imprimis_ws/install/robot_localization/include/robot_localization/srv/detail/get_state__struct.h
[71.554s] -- Symlinking: /home/hyperlabs/Desktop/imprimis/imprimis_ws/install/robot_localization/include/robot_localization/srv/detail/get_state__type_support.h
[71.566s] -- Symlinking: /home/hyperlabs/Desktop/imprimis/imprimis_ws/install/robot_localization/include/robot_localization/srv/detail/set_datum__functions.h
[71.577s] -- Symlinking: /home/hyperlabs/Desktop/imprimis/imprimis_ws/install/robot_localization/include/robot_localization/srv/detail/set_datum__struct.h
[71.592s] -- Symlinking: /home/hyperlabs/Desktop/imprimis/imprimis_ws/install/robot_localization/include/robot_localization/srv/detail/set_datum__type_support.h
[71.600s] -- Symlinking: /home/hyperlabs/Desktop/imprimis/imprimis_ws/install/robot_localization/include/robot_localization/srv/detail/set_pose__functions.h
[71.607s] -- Symlinking: /home/hyperlabs/Desktop/imprimis/imprimis_ws/install/robot_localization/include/robot_localization/srv/detail/set_pose__struct.h
[71.614s] -- Symlinking: /home/hyperlabs/Desktop/imprimis/imprimis_ws/install/robot_localization/include/robot_localization/srv/detail/set_pose__type_support.h
[71.625s] -- Symlinking: /home/hyperlabs/Desktop/imprimis/imprimis_ws/install/robot_localization/include/robot_localization/srv/detail/to_ll__functions.h
[71.640s] -- Symlinking: /home/hyperlabs/Desktop/imprimis/imprimis_ws/install/robot_localization/include/robot_localization/srv/detail/to_ll__struct.h
[71.650s] -- Symlinking: /home/hyperlabs/Desktop/imprimis/imprimis_ws/install/robot_localization/include/robot_localization/srv/detail/to_ll__type_support.h
[71.657s] -- Symlinking: /home/hyperlabs/Desktop/imprimis/imprimis_ws/install/robot_localization/include/robot_localization/srv/detail/toggle_filter_processing__functions.h
[71.665s] -- Symlinking: /home/hyperlabs/Desktop/imprimis/imprimis_ws/install/robot_localization/include/robot_localization/srv/detail/toggle_filter_processing__struct.h
[71.674s] -- Symlinking: /home/hyperlabs/Desktop/imprimis/imprimis_ws/install/robot_localization/include/robot_localization/srv/detail/toggle_filter_processing__type_support.h
[71.683s] -- Symlinking: /home/hyperlabs/Desktop/imprimis/imprimis_ws/install/robot_localization/include/robot_localization/srv/from_ll.h
[71.696s] -- Symlinking: /home/hyperlabs/Desktop/imprimis/imprimis_ws/install/robot_localization/include/robot_localization/srv/get_state.h
[71.703s] -- Symlinking: /home/hyperlabs/Desktop/imprimis/imprimis_ws/install/robot_localization/include/robot_localization/srv/set_datum.h
[71.710s] -- Symlinking: /home/hyperlabs/Desktop/imprimis/imprimis_ws/install/robot_localization/include/robot_localization/srv/set_pose.h
[71.717s] -- Symlinking: /home/hyperlabs/Desktop/imprimis/imprimis_ws/install/robot_localization/include/robot_localization/srv/to_ll.h
[71.729s] -- Symlinking: /home/hyperlabs/Desktop/imprimis/imprimis_ws/install/robot_localization/include/robot_localization/srv/toggle_filter_processing.h
[71.742s] -- Symlinking: /home/hyperlabs/Desktop/imprimis/imprimis_ws/install/robot_localization/share/robot_localization/environment/library_path.sh
[71.754s] -- Symlinking: /home/hyperlabs/Desktop/imprimis/imprimis_ws/install/robot_localization/share/robot_localization/environment/library_path.dsv
[71.763s] -- Symlinking: /home/hyperlabs/Desktop/imprimis/imprimis_ws/install/robot_localization/include/robot_localization/msg/rosidl_typesupport_fastrtps_c__visibility_control.h
[71.772s] -- Symlinking: /home/hyperlabs/Desktop/imprimis/imprimis_ws/install/robot_localization/include/robot_localization/srv/detail/from_ll__rosidl_typesupport_fastrtps_c.h
[71.779s] -- Symlinking: /home/hyperlabs/Desktop/imprimis/imprimis_ws/install/robot_localization/include/robot_localization/srv/detail/get_state__rosidl_typesupport_fastrtps_c.h
[71.792s] -- Symlinking: /home/hyperlabs/Desktop/imprimis/imprimis_ws/install/robot_localization/include/robot_localization/srv/detail/set_datum__rosidl_typesupport_fastrtps_c.h
[71.800s] -- Symlinking: /home/hyperlabs/Desktop/imprimis/imprimis_ws/install/robot_localization/include/robot_localization/srv/detail/set_pose__rosidl_typesupport_fastrtps_c.h
[71.811s] -- Symlinking: /home/hyperlabs/Desktop/imprimis/imprimis_ws/install/robot_localization/include/robot_localization/srv/detail/to_ll__rosidl_typesupport_fastrtps_c.h
[71.822s] -- Symlinking: /home/hyperlabs/Desktop/imprimis/imprimis_ws/install/robot_localization/include/robot_localization/srv/detail/toggle_filter_processing__rosidl_typesupport_fastrtps_c.h
[71.837s] -- Symlinking: /home/hyperlabs/Desktop/imprimis/imprimis_ws/install/robot_localization/lib/librobot_localization__rosidl_typesupport_fastrtps_c.so
[71.853s] -- Symlinking: /home/hyperlabs/Desktop/imprimis/imprimis_ws/install/robot_localization/include/robot_localization/msg/rosidl_typesupport_fastrtps_cpp__visibility_control.h
[71.861s] -- Symlinking: /home/hyperlabs/Desktop/imprimis/imprimis_ws/install/robot_localization/include/robot_localization/srv/detail/from_ll__rosidl_typesupport_fastrtps_cpp.hpp
[71.873s] -- Symlinking: /home/hyperlabs/Desktop/imprimis/imprimis_ws/install/robot_localization/include/robot_localization/srv/detail/get_state__rosidl_typesupport_fastrtps_cpp.hpp
[71.887s] -- Symlinking: /home/hyperlabs/Desktop/imprimis/imprimis_ws/install/robot_localization/include/robot_localization/srv/detail/set_datum__rosidl_typesupport_fastrtps_cpp.hpp
[71.895s] -- Symlinking: /home/hyperlabs/Desktop/imprimis/imprimis_ws/install/robot_localization/include/robot_localization/srv/detail/set_pose__rosidl_typesupport_fastrtps_cpp.hpp
[71.902s] -- Symlinking: /home/hyperlabs/Desktop/imprimis/imprimis_ws/install/robot_localization/include/robot_localization/srv/detail/to_ll__rosidl_typesupport_fastrtps_cpp.hpp
[71.909s] -- Symlinking: /home/hyperlabs/Desktop/imprimis/imprimis_ws/install/robot_localization/include/robot_localization/srv/detail/toggle_filter_processing__rosidl_typesupport_fastrtps_cpp.hpp
[71.922s] -- Symlinking: /home/hyperlabs/Desktop/imprimis/imprimis_ws/install/robot_localization/lib/librobot_localization__rosidl_typesupport_fastrtps_cpp.so
[71.931s] -- Symlinking: /home/hyperlabs/Desktop/imprimis/imprimis_ws/install/robot_localization/include/robot_localization/msg/rosidl_typesupport_introspection_c__visibility_control.h
[71.939s] -- Symlinking: /home/hyperlabs/Desktop/imprimis/imprimis_ws/install/robot_localization/include/robot_localization/srv/detail/from_ll__rosidl_typesupport_introspection_c.h
[71.949s] -- Symlinking: /home/hyperlabs/Desktop/imprimis/imprimis_ws/install/robot_localization/include/robot_localization/srv/detail/get_state__rosidl_typesupport_introspection_c.h
[71.964s] -- Symlinking: /home/hyperlabs/Desktop/imprimis/imprimis_ws/install/robot_localization/include/robot_localization/srv/detail/set_datum__rosidl_typesupport_introspection_c.h
[71.976s] -- Symlinking: /home/hyperlabs/Desktop/imprimis/imprimis_ws/install/robot_localization/include/robot_localization/srv/detail/set_pose__rosidl_typesupport_introspection_c.h
[71.986s] -- Symlinking: /home/hyperlabs/Desktop/imprimis/imprimis_ws/install/robot_localization/include/robot_localization/srv/detail/to_ll__rosidl_typesupport_introspection_c.h
[71.993s] -- Symlinking: /home/hyperlabs/Desktop/imprimis/imprimis_ws/install/robot_localization/include/robot_localization/srv/detail/toggle_filter_processing__rosidl_typesupport_introspection_c.h
[72.001s] -- Symlinking: /home/hyperlabs/Desktop/imprimis/imprimis_ws/install/robot_localization/include/robot_localization/msg/rosidl_generator_cpp__visibility_control.hpp
[72.008s] -- Symlinking: /home/hyperlabs/Desktop/imprimis/imprimis_ws/install/robot_localization/include/robot_localization/srv/detail/from_ll__builder.hpp
[72.015s] -- Symlinking: /home/hyperlabs/Desktop/imprimis/imprimis_ws/install/robot_localization/include/robot_localization/srv/detail/from_ll__struct.hpp
[72.026s] -- Symlinking: /home/hyperlabs/Desktop/imprimis/imprimis_ws/install/robot_localization/include/robot_localization/srv/detail/from_ll__traits.hpp
[72.033s] -- Symlinking: /home/hyperlabs/Desktop/imprimis/imprimis_ws/install/robot_localization/include/robot_localization/srv/detail/from_ll__type_support.hpp
[72.040s] -- Symlinking: /home/hyperlabs/Desktop/imprimis/imprimis_ws/install/robot_localization/include/robot_localization/srv/detail/get_state__builder.hpp
[72.055s] -- Symlinking: /home/hyperlabs/Desktop/imprimis/imprimis_ws/install/robot_localization/include/robot_localization/srv/detail/get_state__struct.hpp
[72.066s] -- Symlinking: /home/hyperlabs/Desktop/imprimis/imprimis_ws/install/robot_localization/include/robot_localization/srv/detail/get_state__traits.hpp
[72.076s] -- Symlinking: /home/hyperlabs/Desktop/imprimis/imprimis_ws/install/robot_localization/include/robot_localization/srv/detail/get_state__type_support.hpp
[72.085s] -- Symlinking: /home/hyperlabs/Desktop/imprimis/imprimis_ws/install/robot_localization/include/robot_localization/srv/detail/set_datum__builder.hpp
[72.094s] -- Symlinking: /home/hyperlabs/Desktop/imprimis/imprimis_ws/install/robot_localization/include/robot_localization/srv/detail/set_datum__struct.hpp
[72.101s] -- Symlinking: /home/hyperlabs/Desktop/imprimis/imprimis_ws/install/robot_localization/include/robot_localization/srv/detail/set_datum__traits.hpp
[72.115s] -- Symlinking: /home/hyperlabs/Desktop/imprimis/imprimis_ws/install/robot_localization/include/robot_localization/srv/detail/set_datum__type_support.hpp
[72.123s] -- Symlinking: /home/hyperlabs/Desktop/imprimis/imprimis_ws/install/robot_localization/include/robot_localization/srv/detail/set_pose__builder.hpp
[72.136s] -- Symlinking: /home/hyperlabs/Desktop/imprimis/imprimis_ws/install/robot_localization/include/robot_localization/srv/detail/set_pose__struct.hpp
[72.149s] -- Symlinking: /home/hyperlabs/Desktop/imprimis/imprimis_ws/install/robot_localization/include/robot_localization/srv/detail/set_pose__traits.hpp
[72.164s] -- Symlinking: /home/hyperlabs/Desktop/imprimis/imprimis_ws/install/robot_localization/include/robot_localization/srv/detail/set_pose__type_support.hpp
[72.171s] -- Symlinking: /home/hyperlabs/Desktop/imprimis/imprimis_ws/install/robot_localization/include/robot_localization/srv/detail/to_ll__builder.hpp
[72.178s] -- Symlinking: /home/hyperlabs/Desktop/imprimis/imprimis_ws/install/robot_localization/include/robot_localization/srv/detail/to_ll__struct.hpp
[72.193s] -- Symlinking: /home/hyperlabs/Desktop/imprimis/imprimis_ws/install/robot_localization/include/robot_localization/srv/detail/to_ll__traits.hpp
[72.205s] -- Symlinking: /home/hyperlabs/Desktop/imprimis/imprimis_ws/install/robot_localization/include/robot_localization/srv/detail/to_ll__type_support.hpp
[72.219s] -- Symlinking: /home/hyperlabs/Desktop/imprimis/imprimis_ws/install/robot_localization/include/robot_localization/srv/detail/toggle_filter_processing__builder.hpp
[72.226s] -- Symlinking: /home/hyperlabs/Desktop/imprimis/imprimis_ws/install/robot_localization/include/robot_localization/srv/detail/toggle_filter_processing__struct.hpp
[72.238s] -- Symlinking: /home/hyperlabs/Desktop/imprimis/imprimis_ws/install/robot_localization/include/robot_localization/srv/detail/toggle_filter_processing__traits.hpp
[72.248s] -- Symlinking: /home/hyperlabs/Desktop/imprimis/imprimis_ws/install/robot_localization/include/robot_localization/srv/detail/toggle_filter_processing__type_support.hpp
[72.256s] -- Symlinking: /home/hyperlabs/Desktop/imprimis/imprimis_ws/install/robot_localization/include/robot_localization/srv/from_ll.hpp
[72.263s] -- Symlinking: /home/hyperlabs/Desktop/imprimis/imprimis_ws/install/robot_localization/include/robot_localization/srv/get_state.hpp
[72.271s] -- Symlinking: /home/hyperlabs/Desktop/imprimis/imprimis_ws/install/robot_localization/include/robot_localization/srv/set_datum.hpp
[72.284s] -- Symlinking: /home/hyperlabs/Desktop/imprimis/imprimis_ws/install/robot_localization/include/robot_localization/srv/set_pose.hpp
[72.296s] -- Symlinking: /home/hyperlabs/Desktop/imprimis/imprimis_ws/install/robot_localization/include/robot_localization/srv/to_ll.hpp
[72.304s] -- Symlinking: /home/hyperlabs/Desktop/imprimis/imprimis_ws/install/robot_localization/include/robot_localization/srv/toggle_filter_processing.hpp
[72.314s] -- Symlinking: /home/hyperlabs/Desktop/imprimis/imprimis_ws/install/robot_localization/include/robot_localization/srv/detail/from_ll__rosidl_typesupport_introspection_cpp.hpp
[72.323s] -- Symlinking: /home/hyperlabs/Desktop/imprimis/imprimis_ws/install/robot_localization/include/robot_localization/srv/detail/get_state__rosidl_typesupport_introspection_cpp.hpp
[72.335s] -- Symlinking: /home/hyperlabs/Desktop/imprimis/imprimis_ws/install/robot_localization/include/robot_localization/srv/detail/set_datum__rosidl_typesupport_introspection_cpp.hpp
[72.343s] -- Symlinking: /home/hyperlabs/Desktop/imprimis/imprimis_ws/install/robot_localization/include/robot_localization/srv/detail/set_pose__rosidl_typesupport_introspection_cpp.hpp
[72.356s] -- Symlinking: /home/hyperlabs/Desktop/imprimis/imprimis_ws/install/robot_localization/include/robot_localization/srv/detail/to_ll__rosidl_typesupport_introspection_cpp.hpp
[72.364s] -- Symlinking: /home/hyperlabs/Desktop/imprimis/imprimis_ws/install/robot_localization/include/robot_localization/srv/detail/toggle_filter_processing__rosidl_typesupport_introspection_cpp.hpp
[72.372s] -- Symlinking: /home/hyperlabs/Desktop/imprimis/imprimis_ws/install/robot_localization/share/robot_localization/environment/pythonpath.sh
[72.379s] -- Symlinking: /home/hyperlabs/Desktop/imprimis/imprimis_ws/install/robot_localization/share/robot_localization/environment/pythonpath.dsv
[72.392s] -- Symlinking: /home/hyperlabs/Desktop/imprimis/imprimis_ws/install/robot_localization/lib/python3.8/site-packages/robot_localization/__init__.py
[72.402s] -- Symlinking: /home/hyperlabs/Desktop/imprimis/imprimis_ws/install/robot_localization/lib/python3.8/site-packages/robot_localization/srv/__init__.py
[72.418s] -- Symlinking: /home/hyperlabs/Desktop/imprimis/imprimis_ws/install/robot_localization/lib/python3.8/site-packages/robot_localization/srv/_from_ll.py
[72.431s] -- Symlinking: /home/hyperlabs/Desktop/imprimis/imprimis_ws/install/robot_localization/lib/python3.8/site-packages/robot_localization/srv/_get_state.py
[72.442s] -- Symlinking: /home/hyperlabs/Desktop/imprimis/imprimis_ws/install/robot_localization/lib/python3.8/site-packages/robot_localization/srv/_set_datum.py
[72.453s] -- Symlinking: /home/hyperlabs/Desktop/imprimis/imprimis_ws/install/robot_localization/lib/python3.8/site-packages/robot_localization/srv/_set_pose.py
[72.461s] -- Symlinking: /home/hyperlabs/Desktop/imprimis/imprimis_ws/install/robot_localization/lib/python3.8/site-packages/robot_localization/srv/_to_ll.py
[72.475s] -- Symlinking: /home/hyperlabs/Desktop/imprimis/imprimis_ws/install/robot_localization/lib/python3.8/site-packages/robot_localization/srv/_toggle_filter_processing.py
[72.487s] -- Symlinking: /home/hyperlabs/Desktop/imprimis/imprimis_ws/install/robot_localization/lib/python3.8/site-packages/robot_localization/robot_localization_s__rosidl_typesupport_fastrtps_c.cpython-38-x86_64-linux-gnu.so
[72.501s] -- Symlinking: /home/hyperlabs/Desktop/imprimis/imprimis_ws/install/robot_localization/lib/python3.8/site-packages/robot_localization/robot_localization_s__rosidl_typesupport_introspection_c.cpython-38-x86_64-linux-gnu.so
[72.509s] -- Symlinking: /home/hyperlabs/Desktop/imprimis/imprimis_ws/install/robot_localization/lib/python3.8/site-packages/robot_localization/robot_localization_s__rosidl_typesupport_c.cpython-38-x86_64-linux-gnu.so
[72.517s] -- Symlinking: /home/hyperlabs/Desktop/imprimis/imprimis_ws/install/robot_localization/lib/librobot_localization__python.so
[72.533s] -- Symlinking: /home/hyperlabs/Desktop/imprimis/imprimis_ws/install/robot_localization/share/robot_localization/srv/FromLL.idl
[72.540s] -- Symlinking: /home/hyperlabs/Desktop/imprimis/imprimis_ws/install/robot_localization/share/robot_localization/srv/GetState.idl
[72.548s] -- Symlinking: /home/hyperlabs/Desktop/imprimis/imprimis_ws/install/robot_localization/share/robot_localization/srv/SetDatum.idl
[72.555s] -- Symlinking: /home/hyperlabs/Desktop/imprimis/imprimis_ws/install/robot_localization/share/robot_localization/srv/SetPose.idl
[72.562s] -- Symlinking: /home/hyperlabs/Desktop/imprimis/imprimis_ws/install/robot_localization/share/robot_localization/srv/ToggleFilterProcessing.idl
[72.570s] -- Symlinking: /home/hyperlabs/Desktop/imprimis/imprimis_ws/install/robot_localization/share/robot_localization/srv/ToLL.idl
[72.577s] -- Symlinking: /home/hyperlabs/Desktop/imprimis/imprimis_ws/install/robot_localization/share/robot_localization/srv/FromLL.srv
[72.586s] -- Symlinking: /home/hyperlabs/Desktop/imprimis/imprimis_ws/install/robot_localization/share/robot_localization/srv/FromLL_Request.msg
[72.594s] -- Symlinking: /home/hyperlabs/Desktop/imprimis/imprimis_ws/install/robot_localization/share/robot_localization/srv/FromLL_Response.msg
[72.601s] -- Symlinking: /home/hyperlabs/Desktop/imprimis/imprimis_ws/install/robot_localization/share/robot_localization/srv/GetState.srv
[72.608s] -- Symlinking: /home/hyperlabs/Desktop/imprimis/imprimis_ws/install/robot_localization/share/robot_localization/srv/GetState_Request.msg
[72.615s] -- Symlinking: /home/hyperlabs/Desktop/imprimis/imprimis_ws/install/robot_localization/share/robot_localization/srv/GetState_Response.msg
[72.626s] -- Symlinking: /home/hyperlabs/Desktop/imprimis/imprimis_ws/install/robot_localization/share/robot_localization/srv/SetDatum.srv
[72.634s] -- Symlinking: /home/hyperlabs/Desktop/imprimis/imprimis_ws/install/robot_localization/share/robot_localization/srv/SetDatum_Request.msg
[72.642s] -- Symlinking: /home/hyperlabs/Desktop/imprimis/imprimis_ws/install/robot_localization/share/robot_localization/srv/SetDatum_Response.msg
[72.656s] -- Symlinking: /home/hyperlabs/Desktop/imprimis/imprimis_ws/install/robot_localization/share/robot_localization/srv/SetPose.srv
[72.668s] -- Symlinking: /home/hyperlabs/Desktop/imprimis/imprimis_ws/install/robot_localization/share/robot_localization/srv/SetPose_Request.msg
[72.677s] -- Symlinking: /home/hyperlabs/Desktop/imprimis/imprimis_ws/install/robot_localization/share/robot_localization/srv/SetPose_Response.msg
[72.684s] -- Symlinking: /home/hyperlabs/Desktop/imprimis/imprimis_ws/install/robot_localization/share/robot_localization/srv/ToggleFilterProcessing.srv
[72.692s] -- Symlinking: /home/hyperlabs/Desktop/imprimis/imprimis_ws/install/robot_localization/share/robot_localization/srv/ToggleFilterProcessing_Request.msg
[72.700s] -- Symlinking: /home/hyperlabs/Desktop/imprimis/imprimis_ws/install/robot_localization/share/robot_localization/srv/ToggleFilterProcessing_Response.msg
[72.716s] -- Symlinking: /home/hyperlabs/Desktop/imprimis/imprimis_ws/install/robot_localization/share/robot_localization/srv/ToLL.srv
[72.725s] -- Symlinking: /home/hyperlabs/Desktop/imprimis/imprimis_ws/install/robot_localization/share/robot_localization/srv/ToLL_Request.msg
[72.734s] -- Symlinking: /home/hyperlabs/Desktop/imprimis/imprimis_ws/install/robot_localization/share/robot_localization/srv/ToLL_Response.msg
[72.742s] -- Symlinking: /home/hyperlabs/Desktop/imprimis/imprimis_ws/install/robot_localization/lib/robot_localization/filter_base-test
[72.754s] -- Symlinking: /home/hyperlabs/Desktop/imprimis/imprimis_ws/install/robot_localization/lib/robot_localization/test_filter_base_diagnostics_timestamps
[72.762s] -- Symlinking: /home/hyperlabs/Desktop/imprimis/imprimis_ws/install/robot_localization/lib/robot_localization/test_ekf
[72.776s] -- Symlinking: /home/hyperlabs/Desktop/imprimis/imprimis_ws/install/robot_localization/lib/robot_localization/test_ekf_localization_node_interfaces
[72.783s] -- Symlinking: /home/hyperlabs/Desktop/imprimis/imprimis_ws/install/robot_localization/lib/robot_localization/test_ukf
[72.794s] -- Symlinking: /home/hyperlabs/Desktop/imprimis/imprimis_ws/install/robot_localization/lib/robot_localization/test_ukf_localization_node_interfaces
[72.802s] -- Symlinking: /home/hyperlabs/Desktop/imprimis/imprimis_ws/install/robot_localization/lib/robot_localization/test_robot_localization_estimator
[72.815s] -- Symlinking: /home/hyperlabs/Desktop/imprimis/imprimis_ws/install/robot_localization/lib/robot_localization/test_navsat_conversions
[72.828s] -- Symlinking: /home/hyperlabs/Desktop/imprimis/imprimis_ws/install/robot_localization/lib/robot_localization/test_navsat_transform
[72.837s] -- Symlinking: /home/hyperlabs/Desktop/imprimis/imprimis_ws/install/robot_localization/lib/robot_localization/test_ros_robot_localization_listener
[72.851s] -- Symlinking: /home/hyperlabs/Desktop/imprimis/imprimis_ws/install/robot_localization/lib/robot_localization/test_ros_robot_localization_listener_publisher
[72.863s] -- Symlinking: /home/hyperlabs/Desktop/imprimis/imprimis_ws/install/robot_localization/lib/robot_localization/navsat_transform_node
[72.873s] -- Symlinking: /home/hyperlabs/Desktop/imprimis/imprimis_ws/install/robot_localization/lib/robot_localization/ekf_node
[72.881s] -- Symlinking: /home/hyperlabs/Desktop/imprimis/imprimis_ws/install/robot_localization/lib/robot_localization/ukf_node
[72.894s] -- Symlinking: /home/hyperlabs/Desktop/imprimis/imprimis_ws/install/robot_localization/lib/robot_localization/robot_localization_listener_node
[72.908s] -- Symlinking: /home/hyperlabs/Desktop/imprimis/imprimis_ws/install/robot_localization/lib/librl_lib.so
[72.921s] -- Symlinking: /home/hyperlabs/Desktop/imprimis/imprimis_ws/install/robot_localization/share/ament_index/resource_index/package_run_dependencies/robot_localization
[72.934s] -- Symlinking: /home/hyperlabs/Desktop/imprimis/imprimis_ws/install/robot_localization/share/ament_index/resource_index/parent_prefix_path/robot_localization
[72.946s] -- Symlinking: /home/hyperlabs/Desktop/imprimis/imprimis_ws/install/robot_localization/share/robot_localization/environment/ament_prefix_path.sh
[72.960s] -- Symlinking: /home/hyperlabs/Desktop/imprimis/imprimis_ws/install/robot_localization/share/robot_localization/environment/ament_prefix_path.dsv
[72.967s] -- Symlinking: /home/hyperlabs/Desktop/imprimis/imprimis_ws/install/robot_localization/share/robot_localization/environment/path.sh
[72.974s] -- Symlinking: /home/hyperlabs/Desktop/imprimis/imprimis_ws/install/robot_localization/share/robot_localization/environment/path.dsv
[72.986s] -- Symlinking: /home/hyperlabs/Desktop/imprimis/imprimis_ws/install/robot_localization/share/robot_localization/local_setup.bash
[73.000s] -- Symlinking: /home/hyperlabs/Desktop/imprimis/imprimis_ws/install/robot_localization/share/robot_localization/local_setup.sh
[73.013s] -- Symlinking: /home/hyperlabs/Desktop/imprimis/imprimis_ws/install/robot_localization/share/robot_localization/local_setup.zsh
[73.023s] -- Symlinking: /home/hyperlabs/Desktop/imprimis/imprimis_ws/install/robot_localization/share/robot_localization/local_setup.dsv
[73.036s] -- Symlinking: /home/hyperlabs/Desktop/imprimis/imprimis_ws/install/robot_localization/share/robot_localization/package.dsv
[73.045s] -- Symlinking: /home/hyperlabs/Desktop/imprimis/imprimis_ws/install/robot_localization/share/ament_index/resource_index/packages/robot_localization
[73.058s] -- Symlinking: /home/hyperlabs/Desktop/imprimis/imprimis_ws/install/robot_localization/share/robot_localization/cmake/rosidl_cmake-extras.cmake
[73.072s] -- Symlinking: /home/hyperlabs/Desktop/imprimis/imprimis_ws/install/robot_localization/share/robot_localization/cmake/ament_cmake_export_dependencies-extras.cmake
[73.085s] -- Symlinking: /home/hyperlabs/Desktop/imprimis/imprimis_ws/install/robot_localization/share/robot_localization/cmake/ament_cmake_export_libraries-extras.cmake
[73.102s] -- Symlinking: /home/hyperlabs/Desktop/imprimis/imprimis_ws/install/robot_localization/share/robot_localization/cmake/ament_cmake_export_targets-extras.cmake
[73.114s] -- Symlinking: /home/hyperlabs/Desktop/imprimis/imprimis_ws/install/robot_localization/share/robot_localization/cmake/ament_cmake_export_include_directories-extras.cmake
[73.125s] -- Symlinking: /home/hyperlabs/Desktop/imprimis/imprimis_ws/install/robot_localization/share/robot_localization/cmake/rosidl_cmake_export_typesupport_libraries-extras.cmake
[73.138s] -- Symlinking: /home/hyperlabs/Desktop/imprimis/imprimis_ws/install/robot_localization/share/robot_localization/cmake/rosidl_cmake_export_typesupport_targets-extras.cmake
[73.153s] -- Symlinking: /home/hyperlabs/Desktop/imprimis/imprimis_ws/install/robot_localization/share/robot_localization/cmake/robot_localizationConfig.cmake
[73.165s] -- Symlinking: /home/hyperlabs/Desktop/imprimis/imprimis_ws/install/robot_localization/share/robot_localization/cmake/robot_localizationConfig-version.cmake
[73.177s] -- Symlinking: /home/hyperlabs/Desktop/imprimis/imprimis_ws/install/robot_localization/share/robot_localization/package.xml
[73.192s] -- Installing: /home/hyperlabs/Desktop/imprimis/imprimis_ws/install/robot_localization/lib/librobot_localization__rosidl_generator_c.so
[73.193s] -- Set runtime path of "/home/hyperlabs/Desktop/imprimis/imprimis_ws/install/robot_localization/lib/librobot_localization__rosidl_generator_c.so" to ""
[73.193s] -- Installing: /home/hyperlabs/Desktop/imprimis/imprimis_ws/install/robot_localization/lib/librobot_localization__rosidl_typesupport_introspection_c.so
[73.194s] -- Set runtime path of "/home/hyperlabs/Desktop/imprimis/imprimis_ws/install/robot_localization/lib/librobot_localization__rosidl_typesupport_introspection_c.so" to ""
[73.195s] -- Installing: /home/hyperlabs/Desktop/imprimis/imprimis_ws/install/robot_localization/lib/librobot_localization__rosidl_typesupport_c.so
[73.196s] -- Set runtime path of "/home/hyperlabs/Desktop/imprimis/imprimis_ws/install/robot_localization/lib/librobot_localization__rosidl_typesupport_c.so" to ""
[73.196s] -- Installing: /home/hyperlabs/Desktop/imprimis/imprimis_ws/install/robot_localization/lib/librobot_localization__rosidl_typesupport_introspection_cpp.so
[73.198s] -- Set runtime path of "/home/hyperlabs/Desktop/imprimis/imprimis_ws/install/robot_localization/lib/librobot_localization__rosidl_typesupport_introspection_cpp.so" to ""
[73.198s] -- Installing: /home/hyperlabs/Desktop/imprimis/imprimis_ws/install/robot_localization/lib/librobot_localization__rosidl_typesupport_cpp.so
[73.200s] -- Set runtime path of "/home/hyperlabs/Desktop/imprimis/imprimis_ws/install/robot_localization/lib/librobot_localization__rosidl_typesupport_cpp.so" to ""
[73.228s] Compiling '/home/hyperlabs/Desktop/imprimis/imprimis_ws/install/robot_localization/lib/python3.8/site-packages/robot_localization/__init__.py'...
[73.230s] -- Installing: /home/hyperlabs/Desktop/imprimis/imprimis_ws/install/robot_localization/share/robot_localization/test
[73.231s] -- Installing: /home/hyperlabs/Desktop/imprimis/imprimis_ws/install/robot_localization/share/robot_localization/test/test_filter_base_diagnostics_timestamps.yaml
[73.231s] -- Installing: /home/hyperlabs/Desktop/imprimis/imprimis_ws/install/robot_localization/share/robot_localization/test/test1.bag
[73.235s] -- Installing: /home/hyperlabs/Desktop/imprimis/imprimis_ws/install/robot_localization/share/robot_localization/test/test2.bag
[73.237s] -- Installing: /home/hyperlabs/Desktop/imprimis/imprimis_ws/install/robot_localization/share/robot_localization/test/test_ekf_localization_node_bag2.launch.py
[73.237s] -- Installing: /home/hyperlabs/Desktop/imprimis/imprimis_ws/install/robot_localization/share/robot_localization/test/test_ekf_localization_node_bag2.yaml
[73.237s] -- Installing: /home/hyperlabs/Desktop/imprimis/imprimis_ws/install/robot_localization/share/robot_localization/test/test_navsat_conversions.cpp
[73.238s] -- Installing: /home/hyperlabs/Desktop/imprimis/imprimis_ws/install/robot_localization/share/robot_localization/test/test_ukf_localization_node_interfaces.launch.py
[73.238s] -- Installing: /home/hyperlabs/Desktop/imprimis/imprimis_ws/install/robot_localization/share/robot_localization/test/test_ukf_localization_node_bag3.sh
[73.238s] -- Installing: /home/hyperlabs/Desktop/imprimis/imprimis_ws/install/robot_localization/share/robot_localization/test/test_ekf_localization_node_bag1.launch.py
[73.238s] -- Installing: /home/hyperlabs/Desktop/imprimis/imprimis_ws/install/robot_localization/share/robot_localization/test/test_ukf_localization_node_bag2.launch.py
[73.239s] -- Installing: /home/hyperlabs/Desktop/imprimis/imprimis_ws/install/robot_localization/share/robot_localization/test/test_ekf.cpp
[73.239s] -- Installing: /home/hyperlabs/Desktop/imprimis/imprimis_ws/install/robot_localization/share/robot_localization/test/test_ros_robot_localization_listener.yaml
[73.239s] -- Installing: /home/hyperlabs/Desktop/imprimis/imprimis_ws/install/robot_localization/share/robot_localization/test/test_ekf_localization_node_interfaces.yaml
[73.239s] -- Installing: /home/hyperlabs/Desktop/imprimis/imprimis_ws/install/robot_localization/share/robot_localization/test/test_ukf_localization_node_interfaces.cpp
[73.239s] -- Installing: /home/hyperlabs/Desktop/imprimis/imprimis_ws/install/robot_localization/share/robot_localization/test/test_ekf_localization_node_bag3.yaml
[73.240s] -- Installing: /home/hyperlabs/Desktop/imprimis/imprimis_ws/install/robot_localization/share/robot_localization/test/test_ukf.cpp
[73.240s] -- Installing: /home/hyperlabs/Desktop/imprimis/imprimis_ws/install/robot_localization/share/robot_localization/test/test_navsat_transform.launch.py
[73.240s] -- Installing: /home/hyperlabs/Desktop/imprimis/imprimis_ws/install/robot_localization/share/robot_localization/test/test_filter_base_diagnostics_timestamps.launch.py
[73.240s] -- Installing: /home/hyperlabs/Desktop/imprimis/imprimis_ws/install/robot_localization/share/robot_localization/test/test_ekf_localization_node_bag1.sh
[73.240s] -- Installing: /home/hyperlabs/Desktop/imprimis/imprimis_ws/install/robot_localization/share/robot_localization/test/test_filter_base_diagnostics_timestamps.cpp
[73.240s] -- Installing: /home/hyperlabs/Desktop/imprimis/imprimis_ws/install/robot_localization/share/robot_localization/test/test_robot_localization_estimator.cpp
[73.240s] -- Installing: /home/hyperlabs/Desktop/imprimis/imprimis_ws/install/robot_localization/share/robot_localization/test/test_ros_robot_localization_listener.cpp
[73.241s] -- Installing: /home/hyperlabs/Desktop/imprimis/imprimis_ws/install/robot_localization/share/robot_localization/test/test_ekf_localization_node_bag1.yaml
[73.241s] -- Installing: /home/hyperlabs/Desktop/imprimis/imprimis_ws/install/robot_localization/share/robot_localization/test/test_localization_node_bag_pose_tester.cpp
[73.241s] -- Installing: /home/hyperlabs/Desktop/imprimis/imprimis_ws/install/robot_localization/share/robot_localization/test/test3.bag
[73.266s] -- Installing: /home/hyperlabs/Desktop/imprimis/imprimis_ws/install/robot_localization/share/robot_localization/test/test_ekf_localization_node_bag3.sh
[73.267s] -- Installing: /home/hyperlabs/Desktop/imprimis/imprimis_ws/install/robot_localization/share/robot_localization/test/test_robot_localization_estimator.launch.py
[73.267s] -- Installing: /home/hyperlabs/Desktop/imprimis/imprimis_ws/install/robot_localization/share/robot_localization/test/test_ukf_localization_node_bag3.yaml
[73.267s] -- Installing: /home/hyperlabs/Desktop/imprimis/imprimis_ws/install/robot_localization/share/robot_localization/test/test_ukf_localization_node_bag3.launch.py
[73.267s] -- Installing: /home/hyperlabs/Desktop/imprimis/imprimis_ws/install/robot_localization/share/robot_localization/test/test_ukf_localization_node_interfaces.yaml
[73.267s] -- Installing: /home/hyperlabs/Desktop/imprimis/imprimis_ws/install/robot_localization/share/robot_localization/test/test_ukf_localization_node_bag1.sh
[73.267s] -- Installing: /home/hyperlabs/Desktop/imprimis/imprimis_ws/install/robot_localization/share/robot_localization/test/test_ekf_localization_node_interfaces.cpp
[73.267s] -- Installing: /home/hyperlabs/Desktop/imprimis/imprimis_ws/install/robot_localization/share/robot_localization/test/test_ukf_localization_node_bag2.yaml
[73.268s] -- Installing: /home/hyperlabs/Desktop/imprimis/imprimis_ws/install/robot_localization/share/robot_localization/test/test_ros_robot_localization_listener.launch.py
[73.268s] -- Installing: /home/hyperlabs/Desktop/imprimis/imprimis_ws/install/robot_localization/share/robot_localization/test/test_ukf_localization_node_bag2.sh
[73.268s] -- Installing: /home/hyperlabs/Desktop/imprimis/imprimis_ws/install/robot_localization/share/robot_localization/test/test_ukf_localization_node_bag1.launch.py
[73.268s] -- Installing: /home/hyperlabs/Desktop/imprimis/imprimis_ws/install/robot_localization/share/robot_localization/test/test_navsat_transform.cpp
[73.268s] -- Installing: /home/hyperlabs/Desktop/imprimis/imprimis_ws/install/robot_localization/share/robot_localization/test/test_ekf_localization_node_bag2.sh
[73.268s] -- Installing: /home/hyperlabs/Desktop/imprimis/imprimis_ws/install/robot_localization/share/robot_localization/test/test_filter_base.cpp
[73.268s] -- Installing: /home/hyperlabs/Desktop/imprimis/imprimis_ws/install/robot_localization/share/robot_localization/test/test_ekf_localization_node_bag3.launch.py
[73.268s] -- Installing: /home/hyperlabs/Desktop/imprimis/imprimis_ws/install/robot_localization/share/robot_localization/test/test_ukf_localization_node_bag1.yaml
[73.268s] -- Installing: /home/hyperlabs/Desktop/imprimis/imprimis_ws/install/robot_localization/share/robot_localization/test/test_ekf_localization_node_interfaces.launch.py
[73.269s] -- Installing: /home/hyperlabs/Desktop/imprimis/imprimis_ws/install/robot_localization/share/robot_localization/test/test_ros_robot_localization_listener_publisher.cpp
[73.269s] -- Up-to-date: /home/hyperlabs/Desktop/imprimis/imprimis_ws/install/robot_localization/include
[73.269s] -- Up-to-date: /home/hyperlabs/Desktop/imprimis/imprimis_ws/install/robot_localization/include/robot_localization
[73.269s] -- Installing: /home/hyperlabs/Desktop/imprimis/imprimis_ws/install/robot_localization/include/robot_localization/navsat_transform.hpp
[73.269s] -- Installing: /home/hyperlabs/Desktop/imprimis/imprimis_ws/install/robot_localization/include/robot_localization/ekf.hpp
[73.269s] -- Installing: /home/hyperlabs/Desktop/imprimis/imprimis_ws/install/robot_localization/include/robot_localization/ros_filter_types.hpp
[73.269s] -- Installing: /home/hyperlabs/Desktop/imprimis/imprimis_ws/install/robot_localization/include/robot_localization/ros_filter.hpp
[73.269s] -- Installing: /home/hyperlabs/Desktop/imprimis/imprimis_ws/install/robot_localization/include/robot_localization/navsat_conversions.hpp
[73.269s] -- Installing: /home/hyperlabs/Desktop/imprimis/imprimis_ws/install/robot_localization/include/robot_localization/filter_base.hpp
[73.269s] -- Installing: /home/hyperlabs/Desktop/imprimis/imprimis_ws/install/robot_localization/include/robot_localization/ukf.hpp
[73.269s] -- Installing: /home/hyperlabs/Desktop/imprimis/imprimis_ws/install/robot_localization/include/robot_localization/ros_robot_localization_listener.hpp
[73.269s] -- Installing: /home/hyperlabs/Desktop/imprimis/imprimis_ws/install/robot_localization/include/robot_localization/filter_common.hpp
[73.269s] -- Installing: /home/hyperlabs/Desktop/imprimis/imprimis_ws/install/robot_localization/include/robot_localization/filter_state.hpp
[73.270s] -- Installing: /home/hyperlabs/Desktop/imprimis/imprimis_ws/install/robot_localization/include/robot_localization/filter_utilities.hpp
[73.270s] -- Installing: /home/hyperlabs/Desktop/imprimis/imprimis_ws/install/robot_localization/include/robot_localization/measurement.hpp
[73.270s] -- Installing: /home/hyperlabs/Desktop/imprimis/imprimis_ws/install/robot_localization/include/robot_localization/ros_filter_utilities.hpp
[73.270s] -- Installing: /home/hyperlabs/Desktop/imprimis/imprimis_ws/install/robot_localization/include/robot_localization/robot_localization_estimator.hpp
[73.270s] -- Installing: /home/hyperlabs/Desktop/imprimis/imprimis_ws/install/robot_localization/share/robot_localization/params
[73.270s] -- Installing: /home/hyperlabs/Desktop/imprimis/imprimis_ws/install/robot_localization/share/robot_localization/params/navsat_transform.yaml
[73.270s] -- Installing: /home/hyperlabs/Desktop/imprimis/imprimis_ws/install/robot_localization/share/robot_localization/params/dual_ekf_navsat_example.yaml
[73.270s] -- Installing: /home/hyperlabs/Desktop/imprimis/imprimis_ws/install/robot_localization/share/robot_localization/params/ukf.yaml
[73.270s] -- Installing: /home/hyperlabs/Desktop/imprimis/imprimis_ws/install/robot_localization/share/robot_localization/params/ekf.yaml
[73.270s] -- Installing: /home/hyperlabs/Desktop/imprimis/imprimis_ws/install/robot_localization/share/robot_localization/launch
[73.270s] -- Installing: /home/hyperlabs/Desktop/imprimis/imprimis_ws/install/robot_localization/share/robot_localization/launch/dual_ekf_navsat_example.launch.py
[73.270s] -- Installing: /home/hyperlabs/Desktop/imprimis/imprimis_ws/install/robot_localization/share/robot_localization/launch/ekf.launch.py
[73.270s] -- Installing: /home/hyperlabs/Desktop/imprimis/imprimis_ws/install/robot_localization/share/robot_localization/launch/navsat_transform.launch.py
[73.270s] -- Installing: /home/hyperlabs/Desktop/imprimis/imprimis_ws/install/robot_localization/share/robot_localization/launch/ukf.launch.py
[73.270s] -- Installing: /home/hyperlabs/Desktop/imprimis/imprimis_ws/install/robot_localization/share/robot_localization/cmake/robot_localization__rosidl_generator_cExport.cmake
[73.270s] -- Installing: /home/hyperlabs/Desktop/imprimis/imprimis_ws/install/robot_localization/share/robot_localization/cmake/robot_localization__rosidl_generator_cExport-relwithdebinfo.cmake
[73.271s] -- Installing: /home/hyperlabs/Desktop/imprimis/imprimis_ws/install/robot_localization/share/robot_localization/cmake/robot_localization__rosidl_typesupport_introspection_cExport.cmake
[73.271s] -- Installing: /home/hyperlabs/Desktop/imprimis/imprimis_ws/install/robot_localization/share/robot_localization/cmake/robot_localization__rosidl_typesupport_introspection_cExport-relwithdebinfo.cmake
[73.271s] -- Installing: /home/hyperlabs/Desktop/imprimis/imprimis_ws/install/robot_localization/share/robot_localization/cmake/robot_localization__rosidl_typesupport_cExport.cmake
[73.271s] -- Installing: /home/hyperlabs/Desktop/imprimis/imprimis_ws/install/robot_localization/share/robot_localization/cmake/robot_localization__rosidl_typesupport_cExport-relwithdebinfo.cmake
[73.271s] -- Installing: /home/hyperlabs/Desktop/imprimis/imprimis_ws/install/robot_localization/share/robot_localization/cmake/robot_localization__rosidl_generator_cppExport.cmake
[73.271s] -- Installing: /home/hyperlabs/Desktop/imprimis/imprimis_ws/install/robot_localization/share/robot_localization/cmake/robot_localization__rosidl_typesupport_introspection_cppExport.cmake
[73.272s] -- Installing: /home/hyperlabs/Desktop/imprimis/imprimis_ws/install/robot_localization/share/robot_localization/cmake/robot_localization__rosidl_typesupport_introspection_cppExport-relwithdebinfo.cmake
[73.272s] -- Installing: /home/hyperlabs/Desktop/imprimis/imprimis_ws/install/robot_localization/share/robot_localization/cmake/robot_localization__rosidl_typesupport_cppExport.cmake
[73.272s] -- Installing: /home/hyperlabs/Desktop/imprimis/imprimis_ws/install/robot_localization/share/robot_localization/cmake/robot_localization__rosidl_typesupport_cppExport-relwithdebinfo.cmake
[73.275s] Invoked command in '/home/hyperlabs/Desktop/imprimis/imprimis_ws/build/robot_localization' returned '0': CMAKE_PREFIX_PATH=${CMAKE_PREFIX_PATH}:/home/hyperlabs/Desktop/imprimis/imprimis_ws/install/motor_interface:/opt/ros/foxy /usr/bin/cmake --install /home/hyperlabs/Desktop/imprimis/imprimis_ws/build/robot_localization
