[0.232s] DEBUG:colcon:Command line arguments: ['/usr/bin/colcon', 'build', '--symlink-install']
[0.232s] DEBUG:colcon:Parsed command line arguments: Namespace(ament_cmake_args=None, base_paths=['.'], build_base='build', catkin_cmake_args=None, catkin_skip_building_tests=False, cmake_args=None, cmake_clean_cache=False, cmake_clean_first=False, cmake_force_configure=False, cmake_target=None, cmake_target_skip_unavailable=False, continue_on_error=False, event_handlers=None, executor='parallel', ignore_user_meta=False, install_base='install', log_base=None, log_level=None, main=<bound method BuildVerb.main of <colcon_core.verb.build.BuildVerb object at 0x7fdcef0d3c10>>, merge_install=False, metas=['./colcon.meta'], mixin=None, mixin_files=None, mixin_verb=('build',), packages_above=None, packages_above_and_dependencies=None, packages_above_depth=None, packages_end=None, packages_ignore=None, packages_ignore_regex=None, packages_select=None, packages_select_build_failed=False, packages_select_by_dep=None, packages_select_regex=None, packages_select_test_failures=False, packages_skip=None, packages_skip_build_finished=False, packages_skip_by_dep=None, packages_skip_regex=None, packages_skip_test_passed=False, packages_skip_up_to=None, packages_start=None, packages_up_to=None, packages_up_to_regex=None, parallel_workers=20, paths=None, symlink_install=True, test_result_base=None, verb_extension=<colcon_core.verb.build.BuildVerb object at 0x7fdcef0d3c10>, verb_name='build', verb_parser=<colcon_mixin.mixin.mixin_argument.MixinArgumentDecorator object at 0x7fdcef0e1220>)
[0.284s] Level 1:colcon.colcon_core.package_discovery:discover_packages(colcon_meta) check parameters
[0.285s] Level 1:colcon.colcon_core.package_discovery:discover_packages(recursive) check parameters
[0.286s] Level 1:colcon.colcon_core.package_discovery:discover_packages(ignore) check parameters
[0.286s] Level 1:colcon.colcon_core.package_discovery:discover_packages(path) check parameters
[0.287s] Level 1:colcon.colcon_core.package_discovery:discover_packages(colcon_meta) discover
[0.287s] Level 1:colcon.colcon_core.package_discovery:discover_packages(recursive) discover
[0.288s] INFO:colcon.colcon_core.package_discovery:Crawling recursively for packages in '/imprimis_project/imprimis/imprimis_ws'
[0.291s] Level 1:colcon.colcon_core.package_identification:_identify(.) by extensions ['ignore', 'ignore_ament_install']
[0.292s] Level 1:colcon.colcon_core.package_identification:_identify(.) by extension 'ignore'
[0.293s] Level 1:colcon.colcon_core.package_identification:_identify(.) by extension 'ignore_ament_install'
[0.295s] Level 1:colcon.colcon_core.package_identification:_identify(.) by extensions ['colcon_pkg']
[0.295s] Level 1:colcon.colcon_core.package_identification:_identify(.) by extension 'colcon_pkg'
[0.296s] Level 1:colcon.colcon_core.package_identification:_identify(.) by extensions ['colcon_meta']
[0.297s] Level 1:colcon.colcon_core.package_identification:_identify(.) by extension 'colcon_meta'
[0.297s] Level 1:colcon.colcon_core.package_identification:_identify(.) by extensions ['ros']
[0.298s] Level 1:colcon.colcon_core.package_identification:_identify(.) by extension 'ros'
[0.316s] Level 1:colcon.colcon_core.package_identification:_identify(.) by extensions ['cmake', 'python']
[0.316s] Level 1:colcon.colcon_core.package_identification:_identify(.) by extension 'cmake'
[0.318s] Level 1:colcon.colcon_core.package_identification:_identify(.) by extension 'python'
[0.319s] Level 1:colcon.colcon_core.package_identification:_identify(.) by extensions ['python_setup_py']
[0.319s] Level 1:colcon.colcon_core.package_identification:_identify(.) by extension 'python_setup_py'
[0.330s] Level 1:colcon.colcon_core.package_identification:_identify(build) by extensions ['ignore', 'ignore_ament_install']
[0.331s] Level 1:colcon.colcon_core.package_identification:_identify(build) by extension 'ignore'
[0.334s] Level 1:colcon.colcon_core.package_identification:_identify(build) ignored
[0.342s] Level 1:colcon.colcon_core.package_identification:_identify(install) by extensions ['ignore', 'ignore_ament_install']
[0.342s] Level 1:colcon.colcon_core.package_identification:_identify(install) by extension 'ignore'
[0.344s] Level 1:colcon.colcon_core.package_identification:_identify(install) ignored
[0.345s] Level 1:colcon.colcon_core.package_identification:_identify(log) by extensions ['ignore', 'ignore_ament_install']
[0.346s] Level 1:colcon.colcon_core.package_identification:_identify(log) by extension 'ignore'
[0.346s] Level 1:colcon.colcon_core.package_identification:_identify(log) ignored
[0.348s] Level 1:colcon.colcon_core.package_identification:_identify(src) by extensions ['ignore', 'ignore_ament_install']
[0.348s] Level 1:colcon.colcon_core.package_identification:_identify(src) by extension 'ignore'
[0.349s] Level 1:colcon.colcon_core.package_identification:_identify(src) by extension 'ignore_ament_install'
[0.350s] Level 1:colcon.colcon_core.package_identification:_identify(src) by extensions ['colcon_pkg']
[0.351s] Level 1:colcon.colcon_core.package_identification:_identify(src) by extension 'colcon_pkg'
[0.351s] Level 1:colcon.colcon_core.package_identification:_identify(src) by extensions ['colcon_meta']
[0.352s] Level 1:colcon.colcon_core.package_identification:_identify(src) by extension 'colcon_meta'
[0.352s] Level 1:colcon.colcon_core.package_identification:_identify(src) by extensions ['ros']
[0.352s] Level 1:colcon.colcon_core.package_identification:_identify(src) by extension 'ros'
[0.355s] Level 1:colcon.colcon_core.package_identification:_identify(src) by extensions ['cmake', 'python']
[0.355s] Level 1:colcon.colcon_core.package_identification:_identify(src) by extension 'cmake'
[0.356s] Level 1:colcon.colcon_core.package_identification:_identify(src) by extension 'python'
[0.356s] Level 1:colcon.colcon_core.package_identification:_identify(src) by extensions ['python_setup_py']
[0.356s] Level 1:colcon.colcon_core.package_identification:_identify(src) by extension 'python_setup_py'
[0.360s] Level 1:colcon.colcon_core.package_identification:_identify(src/imprimis) by extensions ['ignore', 'ignore_ament_install']
[0.360s] Level 1:colcon.colcon_core.package_identification:_identify(src/imprimis) by extension 'ignore'
[0.361s] Level 1:colcon.colcon_core.package_identification:_identify(src/imprimis) by extension 'ignore_ament_install'
[0.363s] Level 1:colcon.colcon_core.package_identification:_identify(src/imprimis) by extensions ['colcon_pkg']
[0.363s] Level 1:colcon.colcon_core.package_identification:_identify(src/imprimis) by extension 'colcon_pkg'
[0.364s] Level 1:colcon.colcon_core.package_identification:_identify(src/imprimis) by extensions ['colcon_meta']
[0.364s] Level 1:colcon.colcon_core.package_identification:_identify(src/imprimis) by extension 'colcon_meta'
[0.366s] Level 1:colcon.colcon_core.package_identification:_identify(src/imprimis) by extensions ['ros']
[0.366s] Level 1:colcon.colcon_core.package_identification:_identify(src/imprimis) by extension 'ros'
[0.377s] DEBUG:colcon.colcon_core.package_identification:Package 'src/imprimis' with type 'ros.ament_cmake' and name 'imprimis'
[0.377s] Level 1:colcon.colcon_core.package_discovery:discover_packages(recursive) using defaults
[0.377s] Level 1:colcon.colcon_core.package_discovery:discover_packages(ignore) discover
[0.377s] Level 1:colcon.colcon_core.package_discovery:discover_packages(ignore) using defaults
[0.378s] Level 1:colcon.colcon_core.package_discovery:discover_packages(path) discover
[0.378s] Level 1:colcon.colcon_core.package_discovery:discover_packages(path) using defaults
[0.403s] Level 5:colcon.colcon_core.verb:set package 'imprimis' build argument 'cmake_args' from command line to 'None'
[0.403s] Level 5:colcon.colcon_core.verb:set package 'imprimis' build argument 'cmake_target' from command line to 'None'
[0.404s] Level 5:colcon.colcon_core.verb:set package 'imprimis' build argument 'cmake_target_skip_unavailable' from command line to 'False'
[0.404s] Level 5:colcon.colcon_core.verb:set package 'imprimis' build argument 'cmake_clean_cache' from command line to 'False'
[0.405s] Level 5:colcon.colcon_core.verb:set package 'imprimis' build argument 'cmake_clean_first' from command line to 'False'
[0.405s] Level 5:colcon.colcon_core.verb:set package 'imprimis' build argument 'cmake_force_configure' from command line to 'False'
[0.406s] Level 5:colcon.colcon_core.verb:set package 'imprimis' build argument 'ament_cmake_args' from command line to 'None'
[0.406s] Level 5:colcon.colcon_core.verb:set package 'imprimis' build argument 'catkin_cmake_args' from command line to 'None'
[0.407s] Level 5:colcon.colcon_core.verb:set package 'imprimis' build argument 'catkin_skip_building_tests' from command line to 'False'
[0.407s] DEBUG:colcon.colcon_core.verb:Building package 'imprimis' with the following arguments: {'ament_cmake_args': None, 'build_base': '/imprimis_project/imprimis/imprimis_ws/build/imprimis', 'catkin_cmake_args': None, 'catkin_skip_building_tests': False, 'cmake_args': None, 'cmake_clean_cache': False, 'cmake_clean_first': False, 'cmake_force_configure': False, 'cmake_target': None, 'cmake_target_skip_unavailable': False, 'install_base': '/imprimis_project/imprimis/imprimis_ws/install/imprimis', 'merge_install': False, 'path': '/imprimis_project/imprimis/imprimis_ws/src/imprimis', 'symlink_install': True, 'test_result_base': None}
[0.408s] INFO:colcon.colcon_core.executor:Executing jobs using 'parallel' executor
[0.412s] DEBUG:colcon.colcon_parallel_executor.executor.parallel:run_until_complete
[0.412s] INFO:colcon.colcon_ros.task.ament_cmake.build:Building ROS package in '/imprimis_project/imprimis/imprimis_ws/src/imprimis' with build type 'ament_cmake'
[0.413s] INFO:colcon.colcon_cmake.task.cmake.build:Building CMake package in '/imprimis_project/imprimis/imprimis_ws/src/imprimis'
[0.417s] INFO:colcon.colcon_core.plugin_system:Skipping extension 'colcon_core.shell.bat': Not used on non-Windows systems
[0.418s] INFO:colcon.colcon_core.shell:Skip shell extension 'powershell' for command environment: Not usable outside of PowerShell
[0.418s] DEBUG:colcon.colcon_core.shell:Skip shell extension 'dsv' for command environment
[0.491s] DEBUG:colcon.colcon_core.event_handler.log_command:Invoking command in '/imprimis_project/imprimis/imprimis_ws/build/imprimis': CMAKE_PREFIX_PATH=/opt/ros/foxy /usr/bin/cmake /imprimis_project/imprimis/imprimis_ws/src/imprimis -DAMENT_CMAKE_SYMLINK_INSTALL=1 -DCMAKE_INSTALL_PREFIX=/imprimis_project/imprimis/imprimis_ws/install/imprimis
[6.602s] DEBUG:colcon.colcon_core.event_handler.log_command:Invoked command in '/imprimis_project/imprimis/imprimis_ws/build/imprimis' returned '0': CMAKE_PREFIX_PATH=/opt/ros/foxy /usr/bin/cmake /imprimis_project/imprimis/imprimis_ws/src/imprimis -DAMENT_CMAKE_SYMLINK_INSTALL=1 -DCMAKE_INSTALL_PREFIX=/imprimis_project/imprimis/imprimis_ws/install/imprimis
[6.612s] DEBUG:colcon.colcon_core.event_handler.log_command:Invoking command in '/imprimis_project/imprimis/imprimis_ws/build/imprimis': CMAKE_PREFIX_PATH=/opt/ros/foxy /usr/bin/cmake --build /imprimis_project/imprimis/imprimis_ws/build/imprimis -- -j20 -l20
[6.707s] DEBUG:colcon.colcon_core.event_handler.log_command:Invoked command in '/imprimis_project/imprimis/imprimis_ws/build/imprimis' returned '0': CMAKE_PREFIX_PATH=/opt/ros/foxy /usr/bin/cmake --build /imprimis_project/imprimis/imprimis_ws/build/imprimis -- -j20 -l20
[6.756s] DEBUG:colcon.colcon_core.event_handler.log_command:Invoking command in '/imprimis_project/imprimis/imprimis_ws/build/imprimis': CMAKE_PREFIX_PATH=/opt/ros/foxy /usr/bin/cmake --install /imprimis_project/imprimis/imprimis_ws/build/imprimis
[8.306s] Level 1:colcon.colcon_core.environment:create_environment_scripts_only(imprimis)
[8.308s] DEBUG:colcon.colcon_core.event_handler.log_command:Invoked command in '/imprimis_project/imprimis/imprimis_ws/build/imprimis' returned '0': CMAKE_PREFIX_PATH=/opt/ros/foxy /usr/bin/cmake --install /imprimis_project/imprimis/imprimis_ws/build/imprimis
[8.311s] Level 1:colcon.colcon_core.environment:checking '/imprimis_project/imprimis/imprimis_ws/install/imprimis' for CMake module files
[8.420s] Level 1:colcon.colcon_core.environment:checking '/imprimis_project/imprimis/imprimis_ws/install/imprimis' for CMake config files
[8.486s] Level 1:colcon.colcon_core.shell:create_environment_hook('imprimis', 'cmake_prefix_path')
[8.488s] INFO:colcon.colcon_core.shell:Creating environment hook '/imprimis_project/imprimis/imprimis_ws/install/imprimis/share/imprimis/hook/cmake_prefix_path.ps1'
[8.497s] INFO:colcon.colcon_core.shell:Creating environment descriptor '/imprimis_project/imprimis/imprimis_ws/install/imprimis/share/imprimis/hook/cmake_prefix_path.dsv'
[8.508s] INFO:colcon.colcon_core.shell:Creating environment hook '/imprimis_project/imprimis/imprimis_ws/install/imprimis/share/imprimis/hook/cmake_prefix_path.sh'
[8.524s] Level 1:colcon.colcon_core.environment:checking '/imprimis_project/imprimis/imprimis_ws/install/imprimis/bin'
[8.526s] Level 1:colcon.colcon_core.environment:checking '/imprimis_project/imprimis/imprimis_ws/install/imprimis/lib/pkgconfig/imprimis.pc'
[8.528s] Level 1:colcon.colcon_core.environment:checking '/imprimis_project/imprimis/imprimis_ws/install/imprimis/lib/python3.8/site-packages'
[8.529s] Level 1:colcon.colcon_core.environment:checking '/imprimis_project/imprimis/imprimis_ws/install/imprimis/bin'
[8.531s] INFO:colcon.colcon_core.shell:Creating package script '/imprimis_project/imprimis/imprimis_ws/install/imprimis/share/imprimis/package.ps1'
[8.541s] INFO:colcon.colcon_core.shell:Creating package descriptor '/imprimis_project/imprimis/imprimis_ws/install/imprimis/share/imprimis/package.dsv'
[8.555s] INFO:colcon.colcon_core.shell:Creating package script '/imprimis_project/imprimis/imprimis_ws/install/imprimis/share/imprimis/package.sh'
[8.564s] INFO:colcon.colcon_core.shell:Creating package script '/imprimis_project/imprimis/imprimis_ws/install/imprimis/share/imprimis/package.bash'
[8.574s] INFO:colcon.colcon_core.shell:Creating package script '/imprimis_project/imprimis/imprimis_ws/install/imprimis/share/imprimis/package.zsh'
[8.584s] Level 1:colcon.colcon_core.environment:create_file_with_runtime_dependencies(/imprimis_project/imprimis/imprimis_ws/install/imprimis/share/colcon-core/packages/imprimis)
[8.626s] Level 1:colcon.colcon_core.environment:create_environment_scripts_only(imprimis)
[8.628s] Level 1:colcon.colcon_core.environment:checking '/imprimis_project/imprimis/imprimis_ws/install/imprimis' for CMake module files
[8.714s] Level 1:colcon.colcon_core.environment:checking '/imprimis_project/imprimis/imprimis_ws/install/imprimis' for CMake config files
[8.811s] Level 1:colcon.colcon_core.shell:create_environment_hook('imprimis', 'cmake_prefix_path')
[8.813s] INFO:colcon.colcon_core.shell:Creating environment hook '/imprimis_project/imprimis/imprimis_ws/install/imprimis/share/imprimis/hook/cmake_prefix_path.ps1'
[8.823s] INFO:colcon.colcon_core.shell:Creating environment descriptor '/imprimis_project/imprimis/imprimis_ws/install/imprimis/share/imprimis/hook/cmake_prefix_path.dsv'
[8.834s] INFO:colcon.colcon_core.shell:Creating environment hook '/imprimis_project/imprimis/imprimis_ws/install/imprimis/share/imprimis/hook/cmake_prefix_path.sh'
[8.847s] Level 1:colcon.colcon_core.environment:checking '/imprimis_project/imprimis/imprimis_ws/install/imprimis/bin'
[8.849s] Level 1:colcon.colcon_core.environment:checking '/imprimis_project/imprimis/imprimis_ws/install/imprimis/lib/pkgconfig/imprimis.pc'
[8.850s] Level 1:colcon.colcon_core.environment:checking '/imprimis_project/imprimis/imprimis_ws/install/imprimis/lib/python3.8/site-packages'
[8.851s] Level 1:colcon.colcon_core.environment:checking '/imprimis_project/imprimis/imprimis_ws/install/imprimis/bin'
[8.855s] INFO:colcon.colcon_core.shell:Creating package script '/imprimis_project/imprimis/imprimis_ws/install/imprimis/share/imprimis/package.ps1'
[8.864s] INFO:colcon.colcon_core.shell:Creating package descriptor '/imprimis_project/imprimis/imprimis_ws/install/imprimis/share/imprimis/package.dsv'
[8.873s] INFO:colcon.colcon_core.shell:Creating package script '/imprimis_project/imprimis/imprimis_ws/install/imprimis/share/imprimis/package.sh'
[8.882s] INFO:colcon.colcon_core.shell:Creating package script '/imprimis_project/imprimis/imprimis_ws/install/imprimis/share/imprimis/package.bash'
[8.891s] INFO:colcon.colcon_core.shell:Creating package script '/imprimis_project/imprimis/imprimis_ws/install/imprimis/share/imprimis/package.zsh'
[8.901s] Level 1:colcon.colcon_core.environment:create_file_with_runtime_dependencies(/imprimis_project/imprimis/imprimis_ws/install/imprimis/share/colcon-core/packages/imprimis)
[8.907s] DEBUG:colcon.colcon_parallel_executor.executor.parallel:closing loop
[8.908s] DEBUG:colcon.colcon_parallel_executor.executor.parallel:loop closed
[8.908s] DEBUG:colcon.colcon_parallel_executor.executor.parallel:run_until_complete finished with '0'
[8.909s] DEBUG:colcon.colcon_core.event_reactor:joining thread
[8.924s] INFO:colcon.colcon_core.plugin_system:Skipping extension 'colcon_notification.desktop_notification.notify_send': Could not find 'notify-send'
[8.925s] INFO:colcon.colcon_core.plugin_system:Skipping extension 'colcon_notification.desktop_notification.terminal_notifier': Not used on non-Darwin systems
[8.926s] INFO:colcon.colcon_core.plugin_system:Skipping extension 'colcon_notification.desktop_notification.win32': Not used on non-Windows systems
[8.927s] INFO:colcon.colcon_notification.desktop_notification:Sending desktop notification using 'notify2'
[8.929s] DEBUG:colcon.colcon_notification.desktop_notification.notify2:Failed to initialize notify2: org.freedesktop.DBus.Error.Spawn.ExecFailed: /usr/bin/dbus-launch terminated abnormally without any error message
[8.930s] DEBUG:colcon.colcon_core.event_reactor:joined thread
[8.932s] INFO:colcon.colcon_core.shell:Creating prefix script '/imprimis_project/imprimis/imprimis_ws/install/local_setup.ps1'
[8.943s] INFO:colcon.colcon_core.shell:Creating prefix util module '/imprimis_project/imprimis/imprimis_ws/install/_local_setup_util_ps1.py'
[8.953s] INFO:colcon.colcon_core.shell:Creating prefix chain script '/imprimis_project/imprimis/imprimis_ws/install/setup.ps1'
[8.967s] INFO:colcon.colcon_core.shell:Creating prefix script '/imprimis_project/imprimis/imprimis_ws/install/local_setup.sh'
[8.979s] INFO:colcon.colcon_core.shell:Creating prefix util module '/imprimis_project/imprimis/imprimis_ws/install/_local_setup_util_sh.py'
[8.987s] INFO:colcon.colcon_core.shell:Creating prefix chain script '/imprimis_project/imprimis/imprimis_ws/install/setup.sh'
[8.998s] INFO:colcon.colcon_core.shell:Creating prefix script '/imprimis_project/imprimis/imprimis_ws/install/local_setup.bash'
[9.007s] INFO:colcon.colcon_core.shell:Creating prefix chain script '/imprimis_project/imprimis/imprimis_ws/install/setup.bash'
[9.017s] INFO:colcon.colcon_core.shell:Creating prefix script '/imprimis_project/imprimis/imprimis_ws/install/local_setup.zsh'
[9.025s] INFO:colcon.colcon_core.shell:Creating prefix chain script '/imprimis_project/imprimis/imprimis_ws/install/setup.zsh'
