[0.452s] DEBUG:colcon:Command line arguments: ['/usr/bin/colcon', 'build', '--symlink-install']
[0.453s] DEBUG:colcon:Parsed command line arguments: Namespace(ament_cmake_args=None, base_paths=['.'], build_base='build', catkin_cmake_args=None, catkin_skip_building_tests=False, cmake_args=None, cmake_clean_cache=False, cmake_clean_first=False, cmake_force_configure=False, cmake_target=None, cmake_target_skip_unavailable=False, continue_on_error=False, event_handlers=None, executor='parallel', ignore_user_meta=False, install_base='install', log_base=None, log_level=None, main=<bound method BuildVerb.main of <colcon_core.verb.build.BuildVerb object at 0x7f72e7275400>>, merge_install=False, metas=['./colcon.meta'], mixin=None, mixin_files=None, mixin_verb=('build',), packages_above=None, packages_above_and_dependencies=None, packages_above_depth=None, packages_end=None, packages_ignore=None, packages_ignore_regex=None, packages_select=None, packages_select_build_failed=False, packages_select_by_dep=None, packages_select_regex=None, packages_select_test_failures=False, packages_skip=None, packages_skip_build_finished=False, packages_skip_by_dep=None, packages_skip_regex=None, packages_skip_test_passed=False, packages_skip_up_to=None, packages_start=None, packages_up_to=None, packages_up_to_regex=None, parallel_workers=20, paths=None, symlink_install=True, test_result_base=None, verb_extension=<colcon_core.verb.build.BuildVerb object at 0x7f72e7275400>, verb_name='build', verb_parser=<colcon_mixin.mixin.mixin_argument.MixinArgumentDecorator object at 0x7f72e7275a60>)
[0.819s] Level 1:colcon.colcon_core.package_discovery:discover_packages(colcon_meta) check parameters
[0.838s] Level 1:colcon.colcon_core.package_discovery:discover_packages(recursive) check parameters
[0.839s] Level 1:colcon.colcon_core.package_discovery:discover_packages(ignore) check parameters
[0.853s] Level 1:colcon.colcon_core.package_discovery:discover_packages(path) check parameters
[0.867s] Level 1:colcon.colcon_core.package_discovery:discover_packages(colcon_meta) discover
[0.869s] Level 1:colcon.colcon_core.package_discovery:discover_packages(recursive) discover
[0.877s] INFO:colcon.colcon_core.package_discovery:Crawling recursively for packages in '/imprimis_project/imprimis/imprimis_ws'
[0.933s] Level 1:colcon.colcon_core.package_identification:_identify(.) by extensions ['ignore', 'ignore_ament_install']
[0.937s] Level 1:colcon.colcon_core.package_identification:_identify(.) by extension 'ignore'
[0.953s] Level 1:colcon.colcon_core.package_identification:_identify(.) by extension 'ignore_ament_install'
[0.960s] Level 1:colcon.colcon_core.package_identification:_identify(.) by extensions ['colcon_pkg']
[0.961s] Level 1:colcon.colcon_core.package_identification:_identify(.) by extension 'colcon_pkg'
[0.967s] Level 1:colcon.colcon_core.package_identification:_identify(.) by extensions ['colcon_meta']
[0.977s] Level 1:colcon.colcon_core.package_identification:_identify(.) by extension 'colcon_meta'
[0.978s] Level 1:colcon.colcon_core.package_identification:_identify(.) by extensions ['ros']
[0.987s] Level 1:colcon.colcon_core.package_identification:_identify(.) by extension 'ros'
[1.041s] Level 1:colcon.colcon_core.package_identification:_identify(.) by extensions ['cmake', 'python']
[1.047s] Level 1:colcon.colcon_core.package_identification:_identify(.) by extension 'cmake'
[1.050s] Level 1:colcon.colcon_core.package_identification:_identify(.) by extension 'python'
[1.068s] Level 1:colcon.colcon_core.package_identification:_identify(.) by extensions ['python_setup_py']
[1.070s] Level 1:colcon.colcon_core.package_identification:_identify(.) by extension 'python_setup_py'
[1.183s] Level 1:colcon.colcon_core.package_identification:_identify(build) by extensions ['ignore', 'ignore_ament_install']
[1.189s] Level 1:colcon.colcon_core.package_identification:_identify(build) by extension 'ignore'
[1.257s] Level 1:colcon.colcon_core.package_identification:_identify(build) ignored
[1.384s] Level 1:colcon.colcon_core.package_identification:_identify(install) by extensions ['ignore', 'ignore_ament_install']
[1.385s] Level 1:colcon.colcon_core.package_identification:_identify(install) by extension 'ignore'
[1.415s] Level 1:colcon.colcon_core.package_identification:_identify(install) ignored
[1.497s] Level 1:colcon.colcon_core.package_identification:_identify(log) by extensions ['ignore', 'ignore_ament_install']
[1.500s] Level 1:colcon.colcon_core.package_identification:_identify(log) by extension 'ignore'
[1.556s] Level 1:colcon.colcon_core.package_identification:_identify(log) ignored
[1.713s] Level 1:colcon.colcon_core.package_identification:_identify(src) by extensions ['ignore', 'ignore_ament_install']
[1.718s] Level 1:colcon.colcon_core.package_identification:_identify(src) by extension 'ignore'
[1.759s] Level 1:colcon.colcon_core.package_identification:_identify(src) by extension 'ignore_ament_install'
[1.817s] Level 1:colcon.colcon_core.package_identification:_identify(src) by extensions ['colcon_pkg']
[1.823s] Level 1:colcon.colcon_core.package_identification:_identify(src) by extension 'colcon_pkg'
[1.870s] Level 1:colcon.colcon_core.package_identification:_identify(src) by extensions ['colcon_meta']
[1.907s] Level 1:colcon.colcon_core.package_identification:_identify(src) by extension 'colcon_meta'
[1.948s] Level 1:colcon.colcon_core.package_identification:_identify(src) by extensions ['ros']
[1.958s] Level 1:colcon.colcon_core.package_identification:_identify(src) by extension 'ros'
[2.037s] Level 1:colcon.colcon_core.package_identification:_identify(src) by extensions ['cmake', 'python']
[2.043s] Level 1:colcon.colcon_core.package_identification:_identify(src) by extension 'cmake'
[2.060s] Level 1:colcon.colcon_core.package_identification:_identify(src) by extension 'python'
[2.090s] Level 1:colcon.colcon_core.package_identification:_identify(src) by extensions ['python_setup_py']
[2.094s] Level 1:colcon.colcon_core.package_identification:_identify(src) by extension 'python_setup_py'
[2.307s] Level 1:colcon.colcon_core.package_identification:_identify(src/imprimis) by extensions ['ignore', 'ignore_ament_install']
[2.310s] Level 1:colcon.colcon_core.package_identification:_identify(src/imprimis) by extension 'ignore'
[2.389s] Level 1:colcon.colcon_core.package_identification:_identify(src/imprimis) by extension 'ignore_ament_install'
[2.464s] Level 1:colcon.colcon_core.package_identification:_identify(src/imprimis) by extensions ['colcon_pkg']
[2.465s] Level 1:colcon.colcon_core.package_identification:_identify(src/imprimis) by extension 'colcon_pkg'
[2.473s] Level 1:colcon.colcon_core.package_identification:_identify(src/imprimis) by extensions ['colcon_meta']
[2.474s] Level 1:colcon.colcon_core.package_identification:_identify(src/imprimis) by extension 'colcon_meta'
[2.537s] Level 1:colcon.colcon_core.package_identification:_identify(src/imprimis) by extensions ['ros']
[2.544s] Level 1:colcon.colcon_core.package_identification:_identify(src/imprimis) by extension 'ros'
[2.732s] DEBUG:colcon.colcon_core.package_identification:Package 'src/imprimis' with type 'ros.ament_cmake' and name 'imprimis'
[2.737s] Level 1:colcon.colcon_core.package_discovery:discover_packages(recursive) using defaults
[2.745s] Level 1:colcon.colcon_core.package_discovery:discover_packages(ignore) discover
[2.747s] Level 1:colcon.colcon_core.package_discovery:discover_packages(ignore) using defaults
[2.748s] Level 1:colcon.colcon_core.package_discovery:discover_packages(path) discover
[2.757s] Level 1:colcon.colcon_core.package_discovery:discover_packages(path) using defaults
[2.869s] Level 5:colcon.colcon_core.verb:set package 'imprimis' build argument 'cmake_args' from command line to 'None'
[2.871s] Level 5:colcon.colcon_core.verb:set package 'imprimis' build argument 'cmake_target' from command line to 'None'
[2.879s] Level 5:colcon.colcon_core.verb:set package 'imprimis' build argument 'cmake_target_skip_unavailable' from command line to 'False'
[2.885s] Level 5:colcon.colcon_core.verb:set package 'imprimis' build argument 'cmake_clean_cache' from command line to 'False'
[2.888s] Level 5:colcon.colcon_core.verb:set package 'imprimis' build argument 'cmake_clean_first' from command line to 'False'
[2.900s] Level 5:colcon.colcon_core.verb:set package 'imprimis' build argument 'cmake_force_configure' from command line to 'False'
[2.901s] Level 5:colcon.colcon_core.verb:set package 'imprimis' build argument 'ament_cmake_args' from command line to 'None'
[2.903s] Level 5:colcon.colcon_core.verb:set package 'imprimis' build argument 'catkin_cmake_args' from command line to 'None'
[2.906s] Level 5:colcon.colcon_core.verb:set package 'imprimis' build argument 'catkin_skip_building_tests' from command line to 'False'
[2.907s] DEBUG:colcon.colcon_core.verb:Building package 'imprimis' with the following arguments: {'ament_cmake_args': None, 'build_base': '/imprimis_project/imprimis/imprimis_ws/build/imprimis', 'catkin_cmake_args': None, 'catkin_skip_building_tests': False, 'cmake_args': None, 'cmake_clean_cache': False, 'cmake_clean_first': False, 'cmake_force_configure': False, 'cmake_target': None, 'cmake_target_skip_unavailable': False, 'install_base': '/imprimis_project/imprimis/imprimis_ws/install/imprimis', 'merge_install': False, 'path': '/imprimis_project/imprimis/imprimis_ws/src/imprimis', 'symlink_install': True, 'test_result_base': None}
[2.915s] INFO:colcon.colcon_core.executor:Executing jobs using 'parallel' executor
[2.923s] DEBUG:colcon.colcon_parallel_executor.executor.parallel:run_until_complete
[2.928s] INFO:colcon.colcon_ros.task.ament_cmake.build:Building ROS package in '/imprimis_project/imprimis/imprimis_ws/src/imprimis' with build type 'ament_cmake'
[2.932s] INFO:colcon.colcon_cmake.task.cmake.build:Building CMake package in '/imprimis_project/imprimis/imprimis_ws/src/imprimis'
[2.941s] INFO:colcon.colcon_core.plugin_system:Skipping extension 'colcon_core.shell.bat': Not used on non-Windows systems
[2.948s] INFO:colcon.colcon_core.shell:Skip shell extension 'powershell' for command environment: Not usable outside of PowerShell
[2.955s] DEBUG:colcon.colcon_core.shell:Skip shell extension 'dsv' for command environment
[3.628s] DEBUG:colcon.colcon_core.event_handler.log_command:Invoking command in '/imprimis_project/imprimis/imprimis_ws/build/imprimis': CMAKE_PREFIX_PATH=/opt/ros/foxy /usr/bin/cmake /imprimis_project/imprimis/imprimis_ws/src/imprimis -DAMENT_CMAKE_SYMLINK_INSTALL=1 -DCMAKE_INSTALL_PREFIX=/imprimis_project/imprimis/imprimis_ws/install/imprimis
[71.980s] DEBUG:colcon.colcon_core.event_handler.log_command:Invoked command in '/imprimis_project/imprimis/imprimis_ws/build/imprimis' returned '0': CMAKE_PREFIX_PATH=/opt/ros/foxy /usr/bin/cmake /imprimis_project/imprimis/imprimis_ws/src/imprimis -DAMENT_CMAKE_SYMLINK_INSTALL=1 -DCMAKE_INSTALL_PREFIX=/imprimis_project/imprimis/imprimis_ws/install/imprimis
[72.001s] DEBUG:colcon.colcon_core.event_handler.log_command:Invoking command in '/imprimis_project/imprimis/imprimis_ws/build/imprimis': CMAKE_PREFIX_PATH=/opt/ros/foxy /usr/bin/cmake --build /imprimis_project/imprimis/imprimis_ws/build/imprimis -- -j20 -l20
[72.927s] DEBUG:colcon.colcon_core.event_handler.log_command:Invoked command in '/imprimis_project/imprimis/imprimis_ws/build/imprimis' returned '0': CMAKE_PREFIX_PATH=/opt/ros/foxy /usr/bin/cmake --build /imprimis_project/imprimis/imprimis_ws/build/imprimis -- -j20 -l20
[73.242s] DEBUG:colcon.colcon_core.event_handler.log_command:Invoking command in '/imprimis_project/imprimis/imprimis_ws/build/imprimis': CMAKE_PREFIX_PATH=/opt/ros/foxy /usr/bin/cmake --install /imprimis_project/imprimis/imprimis_ws/build/imprimis
[87.163s] Level 1:colcon.colcon_core.environment:create_environment_scripts_only(imprimis)
[87.173s] Level 1:colcon.colcon_core.environment:checking '/imprimis_project/imprimis/imprimis_ws/install/imprimis' for CMake module files
[87.177s] DEBUG:colcon.colcon_core.event_handler.log_command:Invoked command in '/imprimis_project/imprimis/imprimis_ws/build/imprimis' returned '0': CMAKE_PREFIX_PATH=/opt/ros/foxy /usr/bin/cmake --install /imprimis_project/imprimis/imprimis_ws/build/imprimis
[89.679s] Level 1:colcon.colcon_core.environment:checking '/imprimis_project/imprimis/imprimis_ws/install/imprimis' for CMake config files
[91.098s] Level 1:colcon.colcon_core.shell:create_environment_hook('imprimis', 'cmake_prefix_path')
[91.102s] INFO:colcon.colcon_core.shell:Creating environment hook '/imprimis_project/imprimis/imprimis_ws/install/imprimis/share/imprimis/hook/cmake_prefix_path.ps1'
[91.378s] INFO:colcon.colcon_core.shell:Creating environment descriptor '/imprimis_project/imprimis/imprimis_ws/install/imprimis/share/imprimis/hook/cmake_prefix_path.dsv'
[91.680s] INFO:colcon.colcon_core.shell:Creating environment hook '/imprimis_project/imprimis/imprimis_ws/install/imprimis/share/imprimis/hook/cmake_prefix_path.sh'
[92.118s] Level 1:colcon.colcon_core.environment:checking '/imprimis_project/imprimis/imprimis_ws/install/imprimis/bin'
[92.129s] Level 1:colcon.colcon_core.environment:checking '/imprimis_project/imprimis/imprimis_ws/install/imprimis/lib/pkgconfig/imprimis.pc'
[92.204s] Level 1:colcon.colcon_core.environment:checking '/imprimis_project/imprimis/imprimis_ws/install/imprimis/lib/python3.8/site-packages'
[92.237s] Level 1:colcon.colcon_core.environment:checking '/imprimis_project/imprimis/imprimis_ws/install/imprimis/bin'
[92.244s] INFO:colcon.colcon_core.shell:Creating package script '/imprimis_project/imprimis/imprimis_ws/install/imprimis/share/imprimis/package.ps1'
[92.508s] INFO:colcon.colcon_core.shell:Creating package descriptor '/imprimis_project/imprimis/imprimis_ws/install/imprimis/share/imprimis/package.dsv'
[92.792s] INFO:colcon.colcon_core.shell:Creating package script '/imprimis_project/imprimis/imprimis_ws/install/imprimis/share/imprimis/package.sh'
[93.104s] INFO:colcon.colcon_core.shell:Creating package script '/imprimis_project/imprimis/imprimis_ws/install/imprimis/share/imprimis/package.bash'
[93.260s] INFO:colcon.colcon_core.shell:Creating package script '/imprimis_project/imprimis/imprimis_ws/install/imprimis/share/imprimis/package.zsh'
[93.310s] Level 1:colcon.colcon_core.environment:create_file_with_runtime_dependencies(/imprimis_project/imprimis/imprimis_ws/install/imprimis/share/colcon-core/packages/imprimis)
[93.636s] Level 1:colcon.colcon_core.environment:create_environment_scripts_only(imprimis)
[93.647s] Level 1:colcon.colcon_core.environment:checking '/imprimis_project/imprimis/imprimis_ws/install/imprimis' for CMake module files
[96.185s] Level 1:colcon.colcon_core.environment:checking '/imprimis_project/imprimis/imprimis_ws/install/imprimis' for CMake config files
[98.359s] Level 1:colcon.colcon_core.shell:create_environment_hook('imprimis', 'cmake_prefix_path')
[98.364s] INFO:colcon.colcon_core.shell:Creating environment hook '/imprimis_project/imprimis/imprimis_ws/install/imprimis/share/imprimis/hook/cmake_prefix_path.ps1'
[98.509s] INFO:colcon.colcon_core.shell:Creating environment descriptor '/imprimis_project/imprimis/imprimis_ws/install/imprimis/share/imprimis/hook/cmake_prefix_path.dsv'
[98.542s] INFO:colcon.colcon_core.shell:Creating environment hook '/imprimis_project/imprimis/imprimis_ws/install/imprimis/share/imprimis/hook/cmake_prefix_path.sh'
[98.600s] Level 1:colcon.colcon_core.environment:checking '/imprimis_project/imprimis/imprimis_ws/install/imprimis/bin'
[98.605s] Level 1:colcon.colcon_core.environment:checking '/imprimis_project/imprimis/imprimis_ws/install/imprimis/lib/pkgconfig/imprimis.pc'
[98.609s] Level 1:colcon.colcon_core.environment:checking '/imprimis_project/imprimis/imprimis_ws/install/imprimis/lib/python3.8/site-packages'
[98.614s] Level 1:colcon.colcon_core.environment:checking '/imprimis_project/imprimis/imprimis_ws/install/imprimis/bin'
[98.620s] INFO:colcon.colcon_core.shell:Creating package script '/imprimis_project/imprimis/imprimis_ws/install/imprimis/share/imprimis/package.ps1'
[98.677s] INFO:colcon.colcon_core.shell:Creating package descriptor '/imprimis_project/imprimis/imprimis_ws/install/imprimis/share/imprimis/package.dsv'
[98.771s] INFO:colcon.colcon_core.shell:Creating package script '/imprimis_project/imprimis/imprimis_ws/install/imprimis/share/imprimis/package.sh'
[98.809s] INFO:colcon.colcon_core.shell:Creating package script '/imprimis_project/imprimis/imprimis_ws/install/imprimis/share/imprimis/package.bash'
[98.846s] INFO:colcon.colcon_core.shell:Creating package script '/imprimis_project/imprimis/imprimis_ws/install/imprimis/share/imprimis/package.zsh'
[98.877s] Level 1:colcon.colcon_core.environment:create_file_with_runtime_dependencies(/imprimis_project/imprimis/imprimis_ws/install/imprimis/share/colcon-core/packages/imprimis)
[98.914s] DEBUG:colcon.colcon_parallel_executor.executor.parallel:closing loop
[98.914s] DEBUG:colcon.colcon_parallel_executor.executor.parallel:loop closed
[98.915s] DEBUG:colcon.colcon_parallel_executor.executor.parallel:run_until_complete finished with '0'
[98.916s] DEBUG:colcon.colcon_core.event_reactor:joining thread
[98.965s] INFO:colcon.colcon_core.plugin_system:Skipping extension 'colcon_notification.desktop_notification.notify_send': Could not find 'notify-send'
[98.965s] INFO:colcon.colcon_core.plugin_system:Skipping extension 'colcon_notification.desktop_notification.terminal_notifier': Not used on non-Darwin systems
[98.966s] INFO:colcon.colcon_core.plugin_system:Skipping extension 'colcon_notification.desktop_notification.win32': Not used on non-Windows systems
[98.966s] INFO:colcon.colcon_notification.desktop_notification:Sending desktop notification using 'notify2'
[98.968s] DEBUG:colcon.colcon_notification.desktop_notification.notify2:Failed to initialize notify2: org.freedesktop.DBus.Error.Spawn.ExecFailed: /usr/bin/dbus-launch terminated abnormally without any error message
[98.969s] DEBUG:colcon.colcon_core.event_reactor:joined thread
[98.971s] INFO:colcon.colcon_core.shell:Creating prefix script '/imprimis_project/imprimis/imprimis_ws/install/local_setup.ps1'
[99.028s] INFO:colcon.colcon_core.shell:Creating prefix util module '/imprimis_project/imprimis/imprimis_ws/install/_local_setup_util_ps1.py'
[99.039s] INFO:colcon.colcon_core.shell:Creating prefix chain script '/imprimis_project/imprimis/imprimis_ws/install/setup.ps1'
[99.094s] INFO:colcon.colcon_core.shell:Creating prefix script '/imprimis_project/imprimis/imprimis_ws/install/local_setup.sh'
[99.138s] INFO:colcon.colcon_core.shell:Creating prefix util module '/imprimis_project/imprimis/imprimis_ws/install/_local_setup_util_sh.py'
[99.150s] INFO:colcon.colcon_core.shell:Creating prefix chain script '/imprimis_project/imprimis/imprimis_ws/install/setup.sh'
[99.181s] INFO:colcon.colcon_core.shell:Creating prefix script '/imprimis_project/imprimis/imprimis_ws/install/local_setup.bash'
[99.202s] INFO:colcon.colcon_core.shell:Creating prefix chain script '/imprimis_project/imprimis/imprimis_ws/install/setup.bash'
[99.237s] INFO:colcon.colcon_core.shell:Creating prefix script '/imprimis_project/imprimis/imprimis_ws/install/local_setup.zsh'
[99.314s] INFO:colcon.colcon_core.shell:Creating prefix chain script '/imprimis_project/imprimis/imprimis_ws/install/setup.zsh'
