[0.010s] Invoking command in '/home/vboxuser/imprimis/imprimis_ws/build/imprimis': CMAKE_PREFIX_PATH=/opt/ros/foxy /usr/bin/cmake /home/vboxuser/imprimis/imprimis_ws/src/imprimis -DAMENT_CMAKE_SYMLINK_INSTALL=1 -DCMAKE_INSTALL_PREFIX=/home/vboxuser/imprimis/imprimis_ws/install/imprimis
[0.054s] -- The C compiler identification is GNU 9.4.0
[0.090s] -- The CXX compiler identification is GNU 9.4.0
[0.093s] -- Check for working C compiler: /usr/bin/cc
[0.147s] -- Check for working C compiler: /usr/bin/cc -- works
[0.148s] -- Detecting C compiler ABI info
[0.198s] -- Detecting C compiler ABI info - done
[0.205s] -- Detecting C compile features
[0.205s] -- Detecting C compile features - done
[0.207s] -- Check for working CXX compiler: /usr/bin/c++
[0.262s] -- Check for working CXX compiler: /usr/bin/c++ -- works
[0.263s] -- Detecting CXX compiler ABI info
[0.319s] -- Detecting CXX compiler ABI info - done
[0.326s] -- Detecting CXX compile features
[0.326s] -- Detecting CXX compile features - done
[0.327s] -- Found ament_cmake: 0.9.12 (/opt/ros/foxy/share/ament_cmake/cmake)
[0.344s] -- Found PythonInterp: /usr/bin/python3 (found suitable version "3.8.10", minimum required is "3") 
[0.344s] -- Using PYTHON_EXECUTABLE: /usr/bin/python3
[0.435s] -- Override CMake install command with custom implementation using symlinks instead of copying resources
[0.448s] -- Found ament_lint_auto: 0.9.8 (/opt/ros/foxy/share/ament_lint_auto/cmake)
[0.490s] -- Added test 'copyright' to check source files copyright and LICENSE
[0.491s] -- Added test 'flake8' to check Python code syntax and style conventions
[0.492s] -- Added test 'lint_cmake' to check CMake code style
[0.492s] -- Added test 'pep257' to check Python code against some of the style conventions in PEP 257
[0.493s] -- Added test 'xmllint' to check XML markup files
[0.494s] -- Configuring done
[0.495s] -- Generating done
[0.496s] -- Build files have been written to: /home/vboxuser/imprimis/imprimis_ws/build/imprimis
[0.501s] Invoked command in '/home/vboxuser/imprimis/imprimis_ws/build/imprimis' returned '0': CMAKE_PREFIX_PATH=/opt/ros/foxy /usr/bin/cmake /home/vboxuser/imprimis/imprimis_ws/src/imprimis -DAMENT_CMAKE_SYMLINK_INSTALL=1 -DCMAKE_INSTALL_PREFIX=/home/vboxuser/imprimis/imprimis_ws/install/imprimis
[0.501s] Invoking command in '/home/vboxuser/imprimis/imprimis_ws/build/imprimis': CMAKE_PREFIX_PATH=/opt/ros/foxy /usr/bin/cmake --build /home/vboxuser/imprimis/imprimis_ws/build/imprimis -- -j4 -l4
[0.530s] Invoked command in '/home/vboxuser/imprimis/imprimis_ws/build/imprimis' returned '0': CMAKE_PREFIX_PATH=/opt/ros/foxy /usr/bin/cmake --build /home/vboxuser/imprimis/imprimis_ws/build/imprimis -- -j4 -l4
[0.560s] Invoking command in '/home/vboxuser/imprimis/imprimis_ws/build/imprimis': CMAKE_PREFIX_PATH=/opt/ros/foxy /usr/bin/cmake --install /home/vboxuser/imprimis/imprimis_ws/build/imprimis
[0.565s] -- Install configuration: ""
[0.566s] -- Execute custom install script
[0.566s] -- Symlinking: /home/vboxuser/imprimis/imprimis_ws/install/imprimis/share/imprimis/config/bot.rviz
[0.572s] -- Symlinking: /home/vboxuser/imprimis/imprimis_ws/install/imprimis/share/imprimis/config/ekf.yaml
[0.578s] -- Symlinking: /home/vboxuser/imprimis/imprimis_ws/install/imprimis/share/imprimis/config/ekf1.yaml
[0.584s] -- Symlinking: /home/vboxuser/imprimis/imprimis_ws/install/imprimis/share/imprimis/config/empty.yaml
[0.589s] -- Symlinking: /home/vboxuser/imprimis/imprimis_ws/install/imprimis/share/imprimis/config/frames.gv
[0.595s] -- Symlinking: /home/vboxuser/imprimis/imprimis_ws/install/imprimis/share/imprimis/config/frames.pdf
[0.601s] -- Symlinking: /home/vboxuser/imprimis/imprimis_ws/install/imprimis/share/imprimis/config/mapper_params_online_async.yaml
[0.607s] -- Symlinking: /home/vboxuser/imprimis/imprimis_ws/install/imprimis/share/imprimis/config/my_controllers.yaml
[0.612s] -- Symlinking: /home/vboxuser/imprimis/imprimis_ws/install/imprimis/share/imprimis/config/urdf_config.rviz
[0.618s] -- Symlinking: /home/vboxuser/imprimis/imprimis_ws/install/imprimis/share/imprimis/description/camera.xacro
[0.624s] -- Symlinking: /home/vboxuser/imprimis/imprimis_ws/install/imprimis/share/imprimis/description/gazebo_control.xacro
[0.631s] -- Symlinking: /home/vboxuser/imprimis/imprimis_ws/install/imprimis/share/imprimis/description/imu.xacro
[0.637s] -- Symlinking: /home/vboxuser/imprimis/imprimis_ws/install/imprimis/share/imprimis/description/inertial_macros.xacro
[0.643s] -- Symlinking: /home/vboxuser/imprimis/imprimis_ws/install/imprimis/share/imprimis/description/lidar.xacro
[0.649s] -- Symlinking: /home/vboxuser/imprimis/imprimis_ws/install/imprimis/share/imprimis/description/robot.urdf.xacro
[0.654s] -- Symlinking: /home/vboxuser/imprimis/imprimis_ws/install/imprimis/share/imprimis/description/robot_core.xacro
[0.660s] -- Symlinking: /home/vboxuser/imprimis/imprimis_ws/install/imprimis/share/imprimis/description/ros2_control.xacro
[0.666s] -- Symlinking: /home/vboxuser/imprimis/imprimis_ws/install/imprimis/share/imprimis/description/sam_bot_description.urdf
[0.672s] -- Symlinking: /home/vboxuser/imprimis/imprimis_ws/install/imprimis/share/imprimis/launch/display.launch.py
[0.678s] -- Symlinking: /home/vboxuser/imprimis/imprimis_ws/install/imprimis/share/imprimis/launch/launch_sim.launch.py
[0.685s] -- Symlinking: /home/vboxuser/imprimis/imprimis_ws/install/imprimis/share/imprimis/launch/rsp.launch.py
[0.691s] -- Symlinking: /home/vboxuser/imprimis/imprimis_ws/install/imprimis/share/imprimis/worlds/coneland.world
[0.697s] -- Symlinking: /home/vboxuser/imprimis/imprimis_ws/install/imprimis/share/imprimis/worlds/empty.world
[0.703s] -- Symlinking: /home/vboxuser/imprimis/imprimis_ws/install/imprimis/share/imprimis/worlds/my_world.sdf
[0.708s] -- Symlinking: /home/vboxuser/imprimis/imprimis_ws/install/imprimis/share/ament_index/resource_index/package_run_dependencies/imprimis
[0.714s] -- Symlinking: /home/vboxuser/imprimis/imprimis_ws/install/imprimis/share/ament_index/resource_index/parent_prefix_path/imprimis
[0.720s] -- Symlinking: /home/vboxuser/imprimis/imprimis_ws/install/imprimis/share/imprimis/environment/ament_prefix_path.sh
[0.726s] -- Symlinking: /home/vboxuser/imprimis/imprimis_ws/install/imprimis/share/imprimis/environment/ament_prefix_path.dsv
[0.733s] -- Symlinking: /home/vboxuser/imprimis/imprimis_ws/install/imprimis/share/imprimis/environment/path.sh
[0.739s] -- Symlinking: /home/vboxuser/imprimis/imprimis_ws/install/imprimis/share/imprimis/environment/path.dsv
[0.746s] -- Symlinking: /home/vboxuser/imprimis/imprimis_ws/install/imprimis/share/imprimis/local_setup.bash
[0.752s] -- Symlinking: /home/vboxuser/imprimis/imprimis_ws/install/imprimis/share/imprimis/local_setup.sh
[0.758s] -- Symlinking: /home/vboxuser/imprimis/imprimis_ws/install/imprimis/share/imprimis/local_setup.zsh
[0.763s] -- Symlinking: /home/vboxuser/imprimis/imprimis_ws/install/imprimis/share/imprimis/local_setup.dsv
[0.769s] -- Symlinking: /home/vboxuser/imprimis/imprimis_ws/install/imprimis/share/imprimis/package.dsv
[0.775s] -- Symlinking: /home/vboxuser/imprimis/imprimis_ws/install/imprimis/share/ament_index/resource_index/packages/imprimis
[0.781s] -- Symlinking: /home/vboxuser/imprimis/imprimis_ws/install/imprimis/share/imprimis/cmake/imprimisConfig.cmake
[0.787s] -- Symlinking: /home/vboxuser/imprimis/imprimis_ws/install/imprimis/share/imprimis/cmake/imprimisConfig-version.cmake
[0.793s] -- Symlinking: /home/vboxuser/imprimis/imprimis_ws/install/imprimis/share/imprimis/package.xml
[0.800s] Invoked command in '/home/vboxuser/imprimis/imprimis_ws/build/imprimis' returned '0': CMAKE_PREFIX_PATH=/opt/ros/foxy /usr/bin/cmake --install /home/vboxuser/imprimis/imprimis_ws/build/imprimis
