[0.246s] DEBUG:colcon:Command line arguments: ['/usr/bin/colcon', 'build', '--symlink-install']
[0.247s] DEBUG:colcon:Parsed command line arguments: Namespace(ament_cmake_args=None, base_paths=['.'], build_base='build', catkin_cmake_args=None, catkin_skip_building_tests=False, cmake_args=None, cmake_clean_cache=False, cmake_clean_first=False, cmake_force_configure=False, cmake_target=None, cmake_target_skip_unavailable=False, continue_on_error=False, event_handlers=None, executor='parallel', ignore_user_meta=False, install_base='install', log_base=None, log_level=None, main=<bound method BuildVerb.main of <colcon_core.verb.build.BuildVerb object at 0x7f85e9ea6670>>, merge_install=False, metas=['./colcon.meta'], mixin=None, mixin_files=None, mixin_verb=('build',), packages_above=None, packages_above_and_dependencies=None, packages_above_depth=None, packages_end=None, packages_ignore=None, packages_ignore_regex=None, packages_select=None, packages_select_build_failed=False, packages_select_by_dep=None, packages_select_regex=None, packages_select_test_failures=False, packages_skip=None, packages_skip_build_finished=False, packages_skip_by_dep=None, packages_skip_regex=None, packages_skip_test_passed=False, packages_skip_up_to=None, packages_start=None, packages_up_to=None, packages_up_to_regex=None, parallel_workers=20, paths=None, symlink_install=True, test_result_base=None, verb_extension=<colcon_core.verb.build.BuildVerb object at 0x7f85e9ea6670>, verb_name='build', verb_parser=<colcon_mixin.mixin.mixin_argument.MixinArgumentDecorator object at 0x7f85e9ea6cd0>)
[0.345s] Level 1:colcon.colcon_core.package_discovery:discover_packages(colcon_meta) check parameters
[0.345s] Level 1:colcon.colcon_core.package_discovery:discover_packages(recursive) check parameters
[0.346s] Level 1:colcon.colcon_core.package_discovery:discover_packages(ignore) check parameters
[0.346s] Level 1:colcon.colcon_core.package_discovery:discover_packages(path) check parameters
[0.347s] Level 1:colcon.colcon_core.package_discovery:discover_packages(colcon_meta) discover
[0.348s] Level 1:colcon.colcon_core.package_discovery:discover_packages(recursive) discover
[0.348s] INFO:colcon.colcon_core.package_discovery:Crawling recursively for packages in '/imprimis_project/imprimis/imprimis_ws'
[0.352s] Level 1:colcon.colcon_core.package_identification:_identify(.) by extensions ['ignore', 'ignore_ament_install']
[0.352s] Level 1:colcon.colcon_core.package_identification:_identify(.) by extension 'ignore'
[0.353s] Level 1:colcon.colcon_core.package_identification:_identify(.) by extension 'ignore_ament_install'
[0.355s] Level 1:colcon.colcon_core.package_identification:_identify(.) by extensions ['colcon_pkg']
[0.355s] Level 1:colcon.colcon_core.package_identification:_identify(.) by extension 'colcon_pkg'
[0.356s] Level 1:colcon.colcon_core.package_identification:_identify(.) by extensions ['colcon_meta']
[0.357s] Level 1:colcon.colcon_core.package_identification:_identify(.) by extension 'colcon_meta'
[0.357s] Level 1:colcon.colcon_core.package_identification:_identify(.) by extensions ['ros']
[0.358s] Level 1:colcon.colcon_core.package_identification:_identify(.) by extension 'ros'
[0.376s] Level 1:colcon.colcon_core.package_identification:_identify(.) by extensions ['cmake', 'python']
[0.377s] Level 1:colcon.colcon_core.package_identification:_identify(.) by extension 'cmake'
[0.378s] Level 1:colcon.colcon_core.package_identification:_identify(.) by extension 'python'
[0.379s] Level 1:colcon.colcon_core.package_identification:_identify(.) by extensions ['python_setup_py']
[0.379s] Level 1:colcon.colcon_core.package_identification:_identify(.) by extension 'python_setup_py'
[0.387s] Level 1:colcon.colcon_core.package_identification:_identify(build) by extensions ['ignore', 'ignore_ament_install']
[0.388s] Level 1:colcon.colcon_core.package_identification:_identify(build) by extension 'ignore'
[0.391s] Level 1:colcon.colcon_core.package_identification:_identify(build) ignored
[0.394s] Level 1:colcon.colcon_core.package_identification:_identify(install) by extensions ['ignore', 'ignore_ament_install']
[0.394s] Level 1:colcon.colcon_core.package_identification:_identify(install) by extension 'ignore'
[0.396s] Level 1:colcon.colcon_core.package_identification:_identify(install) ignored
[0.397s] Level 1:colcon.colcon_core.package_identification:_identify(log) by extensions ['ignore', 'ignore_ament_install']
[0.398s] Level 1:colcon.colcon_core.package_identification:_identify(log) by extension 'ignore'
[0.399s] Level 1:colcon.colcon_core.package_identification:_identify(log) ignored
[0.400s] Level 1:colcon.colcon_core.package_identification:_identify(src) by extensions ['ignore', 'ignore_ament_install']
[0.401s] Level 1:colcon.colcon_core.package_identification:_identify(src) by extension 'ignore'
[0.401s] Level 1:colcon.colcon_core.package_identification:_identify(src) by extension 'ignore_ament_install'
[0.402s] Level 1:colcon.colcon_core.package_identification:_identify(src) by extensions ['colcon_pkg']
[0.402s] Level 1:colcon.colcon_core.package_identification:_identify(src) by extension 'colcon_pkg'
[0.403s] Level 1:colcon.colcon_core.package_identification:_identify(src) by extensions ['colcon_meta']
[0.403s] Level 1:colcon.colcon_core.package_identification:_identify(src) by extension 'colcon_meta'
[0.404s] Level 1:colcon.colcon_core.package_identification:_identify(src) by extensions ['ros']
[0.404s] Level 1:colcon.colcon_core.package_identification:_identify(src) by extension 'ros'
[0.406s] Level 1:colcon.colcon_core.package_identification:_identify(src) by extensions ['cmake', 'python']
[0.407s] Level 1:colcon.colcon_core.package_identification:_identify(src) by extension 'cmake'
[0.407s] Level 1:colcon.colcon_core.package_identification:_identify(src) by extension 'python'
[0.408s] Level 1:colcon.colcon_core.package_identification:_identify(src) by extensions ['python_setup_py']
[0.408s] Level 1:colcon.colcon_core.package_identification:_identify(src) by extension 'python_setup_py'
[0.411s] Level 1:colcon.colcon_core.package_identification:_identify(src/imprimis) by extensions ['ignore', 'ignore_ament_install']
[0.412s] Level 1:colcon.colcon_core.package_identification:_identify(src/imprimis) by extension 'ignore'
[0.412s] Level 1:colcon.colcon_core.package_identification:_identify(src/imprimis) by extension 'ignore_ament_install'
[0.414s] Level 1:colcon.colcon_core.package_identification:_identify(src/imprimis) by extensions ['colcon_pkg']
[0.414s] Level 1:colcon.colcon_core.package_identification:_identify(src/imprimis) by extension 'colcon_pkg'
[0.415s] Level 1:colcon.colcon_core.package_identification:_identify(src/imprimis) by extensions ['colcon_meta']
[0.415s] Level 1:colcon.colcon_core.package_identification:_identify(src/imprimis) by extension 'colcon_meta'
[0.417s] Level 1:colcon.colcon_core.package_identification:_identify(src/imprimis) by extensions ['ros']
[0.417s] Level 1:colcon.colcon_core.package_identification:_identify(src/imprimis) by extension 'ros'
[0.427s] DEBUG:colcon.colcon_core.package_identification:Package 'src/imprimis' with type 'ros.ament_cmake' and name 'imprimis'
[0.428s] Level 1:colcon.colcon_core.package_discovery:discover_packages(recursive) using defaults
[0.428s] Level 1:colcon.colcon_core.package_discovery:discover_packages(ignore) discover
[0.428s] Level 1:colcon.colcon_core.package_discovery:discover_packages(ignore) using defaults
[0.428s] Level 1:colcon.colcon_core.package_discovery:discover_packages(path) discover
[0.428s] Level 1:colcon.colcon_core.package_discovery:discover_packages(path) using defaults
[0.453s] Level 5:colcon.colcon_core.verb:set package 'imprimis' build argument 'cmake_args' from command line to 'None'
[0.454s] Level 5:colcon.colcon_core.verb:set package 'imprimis' build argument 'cmake_target' from command line to 'None'
[0.454s] Level 5:colcon.colcon_core.verb:set package 'imprimis' build argument 'cmake_target_skip_unavailable' from command line to 'False'
[0.455s] Level 5:colcon.colcon_core.verb:set package 'imprimis' build argument 'cmake_clean_cache' from command line to 'False'
[0.455s] Level 5:colcon.colcon_core.verb:set package 'imprimis' build argument 'cmake_clean_first' from command line to 'False'
[0.456s] Level 5:colcon.colcon_core.verb:set package 'imprimis' build argument 'cmake_force_configure' from command line to 'False'
[0.456s] Level 5:colcon.colcon_core.verb:set package 'imprimis' build argument 'ament_cmake_args' from command line to 'None'
[0.456s] Level 5:colcon.colcon_core.verb:set package 'imprimis' build argument 'catkin_cmake_args' from command line to 'None'
[0.457s] Level 5:colcon.colcon_core.verb:set package 'imprimis' build argument 'catkin_skip_building_tests' from command line to 'False'
[0.457s] DEBUG:colcon.colcon_core.verb:Building package 'imprimis' with the following arguments: {'ament_cmake_args': None, 'build_base': '/imprimis_project/imprimis/imprimis_ws/build/imprimis', 'catkin_cmake_args': None, 'catkin_skip_building_tests': False, 'cmake_args': None, 'cmake_clean_cache': False, 'cmake_clean_first': False, 'cmake_force_configure': False, 'cmake_target': None, 'cmake_target_skip_unavailable': False, 'install_base': '/imprimis_project/imprimis/imprimis_ws/install/imprimis', 'merge_install': False, 'path': '/imprimis_project/imprimis/imprimis_ws/src/imprimis', 'symlink_install': True, 'test_result_base': None}
[0.458s] INFO:colcon.colcon_core.executor:Executing jobs using 'parallel' executor
[0.461s] DEBUG:colcon.colcon_parallel_executor.executor.parallel:run_until_complete
[0.461s] INFO:colcon.colcon_ros.task.ament_cmake.build:Building ROS package in '/imprimis_project/imprimis/imprimis_ws/src/imprimis' with build type 'ament_cmake'
[0.462s] INFO:colcon.colcon_cmake.task.cmake.build:Building CMake package in '/imprimis_project/imprimis/imprimis_ws/src/imprimis'
[0.466s] INFO:colcon.colcon_core.plugin_system:Skipping extension 'colcon_core.shell.bat': Not used on non-Windows systems
[0.467s] INFO:colcon.colcon_core.shell:Skip shell extension 'powershell' for command environment: Not usable outside of PowerShell
[0.467s] DEBUG:colcon.colcon_core.shell:Skip shell extension 'dsv' for command environment
[0.471s] WARNING:colcon.colcon_ros.prefix_path.ament:The path '/imprimis_project/imprimis/imprimis_ws/install/imprimis' in the environment variable AMENT_PREFIX_PATH doesn't exist
[0.472s] WARNING:colcon.colcon_ros.prefix_path.catkin:The path '/imprimis_project/imprimis/imprimis_ws/install/imprimis' in the environment variable CMAKE_PREFIX_PATH doesn't exist
[0.554s] DEBUG:colcon.colcon_core.event_handler.log_command:Invoking command in '/imprimis_project/imprimis/imprimis_ws/build/imprimis': CMAKE_PREFIX_PATH=${CMAKE_PREFIX_PATH}:/opt/ros/foxy /usr/bin/cmake /imprimis_project/imprimis/imprimis_ws/src/imprimis -DAMENT_CMAKE_SYMLINK_INSTALL=1 -DCMAKE_INSTALL_PREFIX=/imprimis_project/imprimis/imprimis_ws/install/imprimis
[6.904s] DEBUG:colcon.colcon_core.event_handler.log_command:Invoked command in '/imprimis_project/imprimis/imprimis_ws/build/imprimis' returned '0': CMAKE_PREFIX_PATH=${CMAKE_PREFIX_PATH}:/opt/ros/foxy /usr/bin/cmake /imprimis_project/imprimis/imprimis_ws/src/imprimis -DAMENT_CMAKE_SYMLINK_INSTALL=1 -DCMAKE_INSTALL_PREFIX=/imprimis_project/imprimis/imprimis_ws/install/imprimis
[6.913s] DEBUG:colcon.colcon_core.event_handler.log_command:Invoking command in '/imprimis_project/imprimis/imprimis_ws/build/imprimis': CMAKE_PREFIX_PATH=${CMAKE_PREFIX_PATH}:/opt/ros/foxy /usr/bin/cmake --build /imprimis_project/imprimis/imprimis_ws/build/imprimis -- -j20 -l20
[7.001s] DEBUG:colcon.colcon_core.event_handler.log_command:Invoked command in '/imprimis_project/imprimis/imprimis_ws/build/imprimis' returned '0': CMAKE_PREFIX_PATH=${CMAKE_PREFIX_PATH}:/opt/ros/foxy /usr/bin/cmake --build /imprimis_project/imprimis/imprimis_ws/build/imprimis -- -j20 -l20
[7.046s] DEBUG:colcon.colcon_core.event_handler.log_command:Invoking command in '/imprimis_project/imprimis/imprimis_ws/build/imprimis': CMAKE_PREFIX_PATH=${CMAKE_PREFIX_PATH}:/opt/ros/foxy /usr/bin/cmake --install /imprimis_project/imprimis/imprimis_ws/build/imprimis
[8.689s] Level 1:colcon.colcon_core.environment:create_environment_scripts_only(imprimis)
[8.692s] DEBUG:colcon.colcon_core.event_handler.log_command:Invoked command in '/imprimis_project/imprimis/imprimis_ws/build/imprimis' returned '0': CMAKE_PREFIX_PATH=${CMAKE_PREFIX_PATH}:/opt/ros/foxy /usr/bin/cmake --install /imprimis_project/imprimis/imprimis_ws/build/imprimis
[8.695s] Level 1:colcon.colcon_core.environment:checking '/imprimis_project/imprimis/imprimis_ws/install/imprimis' for CMake module files
[8.857s] Level 1:colcon.colcon_core.environment:checking '/imprimis_project/imprimis/imprimis_ws/install/imprimis' for CMake config files
[8.921s] Level 1:colcon.colcon_core.shell:create_environment_hook('imprimis', 'cmake_prefix_path')
[8.922s] INFO:colcon.colcon_core.shell:Creating environment hook '/imprimis_project/imprimis/imprimis_ws/install/imprimis/share/imprimis/hook/cmake_prefix_path.ps1'
[8.931s] INFO:colcon.colcon_core.shell:Creating environment descriptor '/imprimis_project/imprimis/imprimis_ws/install/imprimis/share/imprimis/hook/cmake_prefix_path.dsv'
[8.944s] INFO:colcon.colcon_core.shell:Creating environment hook '/imprimis_project/imprimis/imprimis_ws/install/imprimis/share/imprimis/hook/cmake_prefix_path.sh'
[8.964s] Level 1:colcon.colcon_core.environment:checking '/imprimis_project/imprimis/imprimis_ws/install/imprimis/bin'
[8.965s] Level 1:colcon.colcon_core.environment:checking '/imprimis_project/imprimis/imprimis_ws/install/imprimis/lib/pkgconfig/imprimis.pc'
[8.967s] Level 1:colcon.colcon_core.environment:checking '/imprimis_project/imprimis/imprimis_ws/install/imprimis/lib/python3.8/site-packages'
[8.969s] Level 1:colcon.colcon_core.environment:checking '/imprimis_project/imprimis/imprimis_ws/install/imprimis/bin'
[8.971s] INFO:colcon.colcon_core.shell:Creating package script '/imprimis_project/imprimis/imprimis_ws/install/imprimis/share/imprimis/package.ps1'
[8.982s] INFO:colcon.colcon_core.shell:Creating package descriptor '/imprimis_project/imprimis/imprimis_ws/install/imprimis/share/imprimis/package.dsv'
[8.996s] INFO:colcon.colcon_core.shell:Creating package script '/imprimis_project/imprimis/imprimis_ws/install/imprimis/share/imprimis/package.sh'
[9.015s] INFO:colcon.colcon_core.shell:Creating package script '/imprimis_project/imprimis/imprimis_ws/install/imprimis/share/imprimis/package.bash'
[9.025s] INFO:colcon.colcon_core.shell:Creating package script '/imprimis_project/imprimis/imprimis_ws/install/imprimis/share/imprimis/package.zsh'
[9.044s] Level 1:colcon.colcon_core.environment:create_file_with_runtime_dependencies(/imprimis_project/imprimis/imprimis_ws/install/imprimis/share/colcon-core/packages/imprimis)
[9.096s] Level 1:colcon.colcon_core.environment:create_environment_scripts_only(imprimis)
[9.098s] Level 1:colcon.colcon_core.environment:checking '/imprimis_project/imprimis/imprimis_ws/install/imprimis' for CMake module files
[9.184s] Level 1:colcon.colcon_core.environment:checking '/imprimis_project/imprimis/imprimis_ws/install/imprimis' for CMake config files
[9.254s] Level 1:colcon.colcon_core.shell:create_environment_hook('imprimis', 'cmake_prefix_path')
[9.255s] INFO:colcon.colcon_core.shell:Creating environment hook '/imprimis_project/imprimis/imprimis_ws/install/imprimis/share/imprimis/hook/cmake_prefix_path.ps1'
[9.267s] INFO:colcon.colcon_core.shell:Creating environment descriptor '/imprimis_project/imprimis/imprimis_ws/install/imprimis/share/imprimis/hook/cmake_prefix_path.dsv'
[9.279s] INFO:colcon.colcon_core.shell:Creating environment hook '/imprimis_project/imprimis/imprimis_ws/install/imprimis/share/imprimis/hook/cmake_prefix_path.sh'
[9.292s] Level 1:colcon.colcon_core.environment:checking '/imprimis_project/imprimis/imprimis_ws/install/imprimis/bin'
[9.293s] Level 1:colcon.colcon_core.environment:checking '/imprimis_project/imprimis/imprimis_ws/install/imprimis/lib/pkgconfig/imprimis.pc'
[9.295s] Level 1:colcon.colcon_core.environment:checking '/imprimis_project/imprimis/imprimis_ws/install/imprimis/lib/python3.8/site-packages'
[9.296s] Level 1:colcon.colcon_core.environment:checking '/imprimis_project/imprimis/imprimis_ws/install/imprimis/bin'
[9.298s] INFO:colcon.colcon_core.shell:Creating package script '/imprimis_project/imprimis/imprimis_ws/install/imprimis/share/imprimis/package.ps1'
[9.310s] INFO:colcon.colcon_core.shell:Creating package descriptor '/imprimis_project/imprimis/imprimis_ws/install/imprimis/share/imprimis/package.dsv'
[9.321s] INFO:colcon.colcon_core.shell:Creating package script '/imprimis_project/imprimis/imprimis_ws/install/imprimis/share/imprimis/package.sh'
[9.332s] INFO:colcon.colcon_core.shell:Creating package script '/imprimis_project/imprimis/imprimis_ws/install/imprimis/share/imprimis/package.bash'
[9.343s] INFO:colcon.colcon_core.shell:Creating package script '/imprimis_project/imprimis/imprimis_ws/install/imprimis/share/imprimis/package.zsh'
[9.356s] Level 1:colcon.colcon_core.environment:create_file_with_runtime_dependencies(/imprimis_project/imprimis/imprimis_ws/install/imprimis/share/colcon-core/packages/imprimis)
[9.365s] DEBUG:colcon.colcon_parallel_executor.executor.parallel:closing loop
[9.366s] DEBUG:colcon.colcon_parallel_executor.executor.parallel:loop closed
[9.366s] DEBUG:colcon.colcon_parallel_executor.executor.parallel:run_until_complete finished with '0'
[9.366s] DEBUG:colcon.colcon_core.event_reactor:joining thread
[9.398s] INFO:colcon.colcon_core.plugin_system:Skipping extension 'colcon_notification.desktop_notification.notify_send': Could not find 'notify-send'
[9.400s] INFO:colcon.colcon_core.plugin_system:Skipping extension 'colcon_notification.desktop_notification.terminal_notifier': Not used on non-Darwin systems
[9.401s] INFO:colcon.colcon_core.plugin_system:Skipping extension 'colcon_notification.desktop_notification.win32': Not used on non-Windows systems
[9.401s] INFO:colcon.colcon_notification.desktop_notification:Sending desktop notification using 'notify2'
[9.403s] DEBUG:colcon.colcon_notification.desktop_notification.notify2:Failed to initialize notify2: org.freedesktop.DBus.Error.Spawn.ExecFailed: /usr/bin/dbus-launch terminated abnormally without any error message
[9.404s] DEBUG:colcon.colcon_core.event_reactor:joined thread
[9.406s] INFO:colcon.colcon_core.shell:Creating prefix script '/imprimis_project/imprimis/imprimis_ws/install/local_setup.ps1'
[9.426s] INFO:colcon.colcon_core.shell:Creating prefix util module '/imprimis_project/imprimis/imprimis_ws/install/_local_setup_util_ps1.py'
[9.435s] INFO:colcon.colcon_core.shell:Creating prefix chain script '/imprimis_project/imprimis/imprimis_ws/install/setup.ps1'
[9.461s] INFO:colcon.colcon_core.shell:Creating prefix script '/imprimis_project/imprimis/imprimis_ws/install/local_setup.sh'
[9.467s] INFO:colcon.colcon_core.shell:Creating prefix util module '/imprimis_project/imprimis/imprimis_ws/install/_local_setup_util_sh.py'
[9.476s] INFO:colcon.colcon_core.shell:Creating prefix chain script '/imprimis_project/imprimis/imprimis_ws/install/setup.sh'
[9.512s] INFO:colcon.colcon_core.shell:Creating prefix script '/imprimis_project/imprimis/imprimis_ws/install/local_setup.bash'
[9.528s] INFO:colcon.colcon_core.shell:Creating prefix chain script '/imprimis_project/imprimis/imprimis_ws/install/setup.bash'
[9.554s] INFO:colcon.colcon_core.shell:Creating prefix script '/imprimis_project/imprimis/imprimis_ws/install/local_setup.zsh'
[9.560s] INFO:colcon.colcon_core.shell:Creating prefix chain script '/imprimis_project/imprimis/imprimis_ws/install/setup.zsh'
